This is pdfTeX, Version 3.141592653-2.6-1.40.24 (TeX Live 2022) (preloaded format=pdflatex 2023.8.7)  7 NOV 2023 11:07
entering extended mode
 restricted \write18 enabled.
 file:line:error style messages enabled.
 %&-line parsing enabled.
**UCl3_KCl_paper-b.tex
(./UCl3_KCl_paper-b.tex
LaTeX2e <2021-11-15> patch level 1
L3 programming layer <2022-02-24>
(/usr/local/texlive/2022/texmf-dist/tex/latex/elsarticle/elsarticle.cls
Document Class: elsarticle 2020/11/20, 3.3: Elsevier Ltd
(/usr/local/texlive/2022/texmf-dist/tex/latex/l3kernel/expl3.sty
Package: expl3 2022-02-24 L3 programming layer (loader) 

(/usr/local/texlive/2022/texmf-dist/tex/latex/l3backend/l3backend-pdftex.def
File: l3backend-pdftex.def 2022-02-07 L3 backend support: PDF output (pdfTeX)
\l__color_backend_stack_int=\count185
\l__pdf_internal_box=\box50
))
(/usr/local/texlive/2022/texmf-dist/tex/latex/l3packages/xparse/xparse.sty
Package: xparse 2022-01-12 L3 Experimental document command parser
)
(/usr/local/texlive/2022/texmf-dist/tex/latex/etoolbox/etoolbox.sty
Package: etoolbox 2020/10/05 v2.5k e-TeX tools for LaTeX (JAW)
\etb@tempcnta=\count186
)
\@bls=\dimen138

(/usr/local/texlive/2022/texmf-dist/tex/latex/base/article.cls
Document Class: article 2021/10/04 v1.4n Standard LaTeX document class
(/usr/local/texlive/2022/texmf-dist/tex/latex/base/size10.clo
File: size10.clo 2021/10/04 v1.4n Standard LaTeX file (size option)
)
\c@part=\count187
\c@section=\count188
\c@subsection=\count189
\c@subsubsection=\count190
\c@paragraph=\count191
\c@subparagraph=\count192
\c@figure=\count193
\c@table=\count194
\abovecaptionskip=\skip47
\belowcaptionskip=\skip48
\bibindent=\dimen139
)
(/usr/local/texlive/2022/texmf-dist/tex/latex/graphics/graphicx.sty
Package: graphicx 2021/09/16 v1.2d Enhanced LaTeX Graphics (DPC,SPQR)

(/usr/local/texlive/2022/texmf-dist/tex/latex/graphics/keyval.sty
Package: keyval 2014/10/28 v1.15 key=value parser (DPC)
\KV@toks@=\toks16
)
(/usr/local/texlive/2022/texmf-dist/tex/latex/graphics/graphics.sty
Package: graphics 2021/03/04 v1.4d Standard LaTeX Graphics (DPC,SPQR)

(/usr/local/texlive/2022/texmf-dist/tex/latex/graphics/trig.sty
Package: trig 2021/08/11 v1.11 sin cos tan (DPC)
)
(/usr/local/texlive/2022/texmf-dist/tex/latex/graphics-cfg/graphics.cfg
File: graphics.cfg 2016/06/04 v1.11 sample graphics configuration
)
Package graphics Info: Driver file: pdftex.def on input line 107.

(/usr/local/texlive/2022/texmf-dist/tex/latex/graphics-def/pdftex.def
File: pdftex.def 2020/10/05 v1.2a Graphics/color driver for pdftex
))
\Gin@req@height=\dimen140
\Gin@req@width=\dimen141
)
\c@tnote=\count195
\c@fnote=\count196
\c@cnote=\count197
\c@ead=\count198
\c@author=\count199
\@eadauthor=\toks17
\c@affn=\count266
\absbox=\box51
\elsarticlehighlightsbox=\box52
\elsarticlegrabsbox=\box53
\keybox=\box54
\Columnwidth=\dimen142
\space@left=\dimen143
\els@boxa=\box55
\els@boxb=\box56
\leftMargin=\dimen144
\@enLab=\toks18
\@sep=\skip49
\@@sep=\skip50

(./UCl3_KCl_paper-b.spl)
(/usr/local/texlive/2022/texmf-dist/tex/latex/natbib/natbib.sty
Package: natbib 2010/09/13 8.31b (PWD, AO)
\bibhang=\skip51
\bibsep=\skip52
LaTeX Info: Redefining \cite on input line 694.
\c@NAT@ctr=\count267
)
\splwrite=\write3
\openout3 = `UCl3_KCl_paper-b.spl'.


(/usr/local/texlive/2022/texmf-dist/tex/latex/geometry/geometry.sty
Package: geometry 2020/01/02 v5.9 Page Geometry

(/usr/local/texlive/2022/texmf-dist/tex/generic/iftex/ifvtex.sty
Package: ifvtex 2019/10/25 v1.7 ifvtex legacy package. Use iftex instead.

(/usr/local/texlive/2022/texmf-dist/tex/generic/iftex/iftex.sty
Package: iftex 2022/02/03 v1.0f TeX engine tests
))
\Gm@cnth=\count268
\Gm@cntv=\count269
\c@Gm@tempcnt=\count270
\Gm@bindingoffset=\dimen145
\Gm@wd@mp=\dimen146
\Gm@odd@mp=\dimen147
\Gm@even@mp=\dimen148
\Gm@layoutwidth=\dimen149
\Gm@layoutheight=\dimen150
\Gm@layouthoffset=\dimen151
\Gm@layoutvoffset=\dimen152
\Gm@dimlist=\toks19
)
(/usr/local/texlive/2022/texmf-dist/tex/latex/base/fleqn.clo
File: fleqn.clo 2016/12/29 v1.2b Standard LaTeX option (flush left equations)
\mathindent=\skip53
Applying: [2015/01/01] Make \[ robust on input line 50.
LaTeX Info: Redefining \[ on input line 51.
Already applied: [0000/00/00] Make \[ robust on input line 62.
Applying: [2015/01/01] Make \] robust on input line 74.
LaTeX Info: Redefining \] on input line 75.
Already applied: [0000/00/00] Make \] robust on input line 83.
)
\appnamewidth=\dimen153
)
(/usr/local/texlive/2022/texmf-dist/tex/latex/amsmath/amsmath.sty
Package: amsmath 2021/10/15 v2.17l AMS math features
\@mathmargin=\skip54

For additional information on amsmath, use the `?' option.
(/usr/local/texlive/2022/texmf-dist/tex/latex/amsmath/amstext.sty
Package: amstext 2021/08/26 v2.01 AMS text

(/usr/local/texlive/2022/texmf-dist/tex/latex/amsmath/amsgen.sty
File: amsgen.sty 1999/11/30 v2.0 generic functions
\@emptytoks=\toks20
\ex@=\dimen154
))
(/usr/local/texlive/2022/texmf-dist/tex/latex/amsmath/amsbsy.sty
Package: amsbsy 1999/11/29 v1.2d Bold Symbols
\pmbraise@=\dimen155
)
(/usr/local/texlive/2022/texmf-dist/tex/latex/amsmath/amsopn.sty
Package: amsopn 2021/08/26 v2.02 operator names
)
\inf@bad=\count271
LaTeX Info: Redefining \frac on input line 234.
\uproot@=\count272
\leftroot@=\count273
LaTeX Info: Redefining \overline on input line 399.
\classnum@=\count274
\DOTSCASE@=\count275
LaTeX Info: Redefining \ldots on input line 496.
LaTeX Info: Redefining \dots on input line 499.
LaTeX Info: Redefining \cdots on input line 620.
\Mathstrutbox@=\box57
\strutbox@=\box58
\big@size=\dimen156
LaTeX Font Info:    Redeclaring font encoding OML on input line 743.
LaTeX Font Info:    Redeclaring font encoding OMS on input line 744.
\macc@depth=\count276
\c@MaxMatrixCols=\count277
\dotsspace@=\muskip16
\c@parentequation=\count278
\dspbrk@lvl=\count279
\tag@help=\toks21
\row@=\count280
\column@=\count281
\maxfields@=\count282
\andhelp@=\toks22
\eqnshift@=\dimen157
\alignsep@=\dimen158
\tagshift@=\dimen159
\tagwidth@=\dimen160
\totwidth@=\dimen161
\lineht@=\dimen162
\@envbody=\toks23
\multlinegap=\skip55
\multlinetaggap=\skip56
\mathdisplay@stack=\toks24
LaTeX Info: Redefining \[ on input line 2938.
LaTeX Info: Redefining \] on input line 2939.
)
(/usr/local/texlive/2022/texmf-dist/tex/latex/sttools/stfloats.sty
Package: stfloats 2017/03/27 v3.3 Improve float mechanism and baselineskip sett
ings
\@dblbotnum=\count283
\c@dblbotnumber=\count284
)
(/usr/local/texlive/2022/texmf-dist/tex/latex/tools/afterpage.sty
Package: afterpage 2014/10/28 v1.08 After-Page Package (DPC)
\AP@output=\toks25
\AP@partial=\box59
\AP@footins=\box60
)
(/usr/local/texlive/2022/texmf-dist/tex/latex/placeins/placeins.sty
Package: placeins 2005/04/18  v 2.2
)
(/usr/local/texlive/2022/texmf-dist/tex/latex/amsfonts/amssymb.sty
Package: amssymb 2013/01/14 v3.01 AMS font symbols

(/usr/local/texlive/2022/texmf-dist/tex/latex/amsfonts/amsfonts.sty
Package: amsfonts 2013/01/14 v3.01 Basic AMSFonts support
\symAMSa=\mathgroup4
\symAMSb=\mathgroup5
LaTeX Font Info:    Redeclaring math symbol \hbar on input line 98.
LaTeX Font Info:    Overwriting math alphabet `\mathfrak' in version `bold'
(Font)                  U/euf/m/n --> U/euf/b/n on input line 106.
))
(/usr/local/texlive/2022/texmf-dist/tex/latex/graphics/color.sty
Package: color 2021/12/07 v1.3c Standard LaTeX Color (DPC)

(/usr/local/texlive/2022/texmf-dist/tex/latex/graphics-cfg/color.cfg
File: color.cfg 2016/01/02 v1.6 sample color configuration
)
Package color Info: Driver file: pdftex.def on input line 149.
)
(/usr/local/texlive/2022/texmf-dist/tex/latex/lipsum/lipsum.sty
(/usr/local/texlive/2022/texmf-dist/tex/latex/l3packages/l3keys2e/l3keys2e.sty
Package: l3keys2e 2022-01-12 LaTeX2e option processing using LaTeX3 keys
)
Package: lipsum 2021-09-20 v2.7 150 paragraphs of Lorem Ipsum dummy text
\g__lipsum_par_int=\count285
\l__lipsum_a_int=\count286
\l__lipsum_b_int=\count287
(/usr/local/texlive/2022/texmf-dist/tex/latex/lipsum/lipsum.ltd.tex))
(./UCl3_KCl_paper-b.aux)
\openout1 = `UCl3_KCl_paper-b.aux'.

LaTeX Font Info:    Checking defaults for OML/cmm/m/it on input line 40.
LaTeX Font Info:    ... okay on input line 40.
LaTeX Font Info:    Checking defaults for OMS/cmsy/m/n on input line 40.
LaTeX Font Info:    ... okay on input line 40.
LaTeX Font Info:    Checking defaults for OT1/cmr/m/n on input line 40.
LaTeX Font Info:    ... okay on input line 40.
LaTeX Font Info:    Checking defaults for T1/cmr/m/n on input line 40.
LaTeX Font Info:    ... okay on input line 40.
LaTeX Font Info:    Checking defaults for TS1/cmr/m/n on input line 40.
LaTeX Font Info:    ... okay on input line 40.
LaTeX Font Info:    Checking defaults for OMX/cmex/m/n on input line 40.
LaTeX Font Info:    ... okay on input line 40.
LaTeX Font Info:    Checking defaults for U/cmr/m/n on input line 40.
LaTeX Font Info:    ... okay on input line 40.

(/usr/local/texlive/2022/texmf-dist/tex/context/base/mkii/supp-pdf.mkii
[Loading MPS to PDF converter (version 2006.09.02).]
\scratchcounter=\count288
\scratchdimen=\dimen163
\scratchbox=\box61
\nofMPsegments=\count289
\nofMParguments=\count290
\everyMPshowfont=\toks26
\MPscratchCnt=\count291
\MPscratchDim=\dimen164
\MPnumerator=\count292
\makeMPintoPDFobject=\count293
\everyMPtoPDFconversion=\toks27
) (/usr/local/texlive/2022/texmf-dist/tex/latex/epstopdf-pkg/epstopdf-base.sty
Package: epstopdf-base 2020-01-24 v2.11 Base part for package epstopdf
Package epstopdf-base Info: Redefining graphics rule for `.eps' on input line 4
85.

(/usr/local/texlive/2022/texmf-dist/tex/latex/latexconfig/epstopdf-sys.cfg
File: epstopdf-sys.cfg 2010/07/13 v1.3 Configuration of (r)epstopdf for TeX Liv
e
))
*geometry* driver: auto-detecting
*geometry* detected driver: pdftex
*geometry* verbose mode - [ preamble ] result:
* driver: pdftex
* paper: custom
* layout: <same size as paper>
* layoutoffset:(h,v)=(0.0pt,0.0pt)
* hratio: 1:1
* vratio: 1:1
* modes: 
* h-part:(L,W,R)=(64.75394pt, 468.0pt, 64.75394pt)
* v-part:(T,H,B)=(111.52342pt, 622.0pt, 111.52342pt)
* \paperwidth=597.50787pt
* \paperheight=845.04684pt
* \textwidth=468.0pt
* \textheight=622.0pt
* \oddsidemargin=-7.51605pt
* \evensidemargin=-7.51605pt
* \topmargin=-22.74657pt
* \headheight=50.0pt
* \headsep=12.0pt
* \topskip=10.0pt
* \footskip=18.0pt
* \marginparwidth=4.0pt
* \marginparsep=10.0pt
* \columnsep=24.0pt
* \skip\footins=24.0pt plus 2.0pt minus 12.0pt
* \hoffset=0.0pt
* \voffset=0.0pt
* \mag=1000
* \@twocolumntrue
* \@twosidefalse
* \@mparswitchfalse
* \@reversemarginfalse
* (1in=72.27pt=25.4mm, 1cm=28.453pt)

LaTeX Font Info:    Trying to load font information for U+msa on input line 62.

(/usr/local/texlive/2022/texmf-dist/tex/latex/amsfonts/umsa.fd
File: umsa.fd 2013/01/14 v3.01 AMS symbols A
)
LaTeX Font Info:    Trying to load font information for U+msb on input line 62.


(/usr/local/texlive/2022/texmf-dist/tex/latex/amsfonts/umsb.fd
File: umsb.fd 2013/01/14 v3.01 AMS symbols B
)
Underfull \vbox (badness 10000) has occurred while \output is active []

 [1{/usr/local/texlive/2022/texmf-var/fonts/map/pdftex/updmap/pdftex.map}


] [2] [3]
<KCl.pdf, id=27, 396.48125pt x 208.78pt>
File: KCl.pdf Graphic file (type pdf)
<use KCl.pdf>
Package pdftex.def Info: KCl.pdf  used on input line 167.
(pdftex.def)             Requested size: 229.32257pt x 120.75797pt.

Overfull \hbox (7.32257pt too wide) in paragraph at lines 167--169
 [][] 
 []

[4 <./KCl.pdf>]
<KCl_UCl3_energy.pdf, id=40, 396.48125pt x 208.78pt>
File: KCl_UCl3_energy.pdf Graphic file (type pdf)
<use KCl_UCl3_energy.pdf>
Package pdftex.def Info: KCl_UCl3_energy.pdf  used on input line 209.
(pdftex.def)             Requested size: 229.32257pt x 120.75797pt.
<NaCl_UCl3_energy.pdf, id=41, 396.48125pt x 208.78pt>
File: NaCl_UCl3_energy.pdf Graphic file (type pdf)
<use NaCl_UCl3_energy.pdf>
Package pdftex.def Info: NaCl_UCl3_energy.pdf  used on input line 209.
(pdftex.def)             Requested size: 229.32257pt x 120.75797pt.

Underfull \vbox (badness 10000) has occurred while \output is active []


Overfull \hbox (4.77992pt too wide) in paragraph at lines 228--240
 [][] 
 []

[5 <./KCl_UCl3_energy.pdf> <./NaCl_UCl3_energy.pdf>]
<KCl_UCl3_cp.pdf, id=64, 396.48125pt x 208.78pt>
File: KCl_UCl3_cp.pdf Graphic file (type pdf)
<use KCl_UCl3_cp.pdf>
Package pdftex.def Info: KCl_UCl3_cp.pdf  used on input line 253.
(pdftex.def)             Requested size: 229.32257pt x 120.75797pt.

Overfull \hbox (7.32257pt too wide) in paragraph at lines 253--254
 [][] 
 []


Underfull \vbox (badness 10000) has occurred while \output is active []

 [6 <./KCl_UCl3_cp.pdf>]
<KCl_UCl3_density.pdf, id=82, 396.48125pt x 208.78pt>
File: KCl_UCl3_density.pdf Graphic file (type pdf)
<use KCl_UCl3_density.pdf>
Package pdftex.def Info: KCl_UCl3_density.pdf  used on input line 276.
(pdftex.def)             Requested size: 229.32257pt x 120.75797pt.
<KCl_UCl3_density_rel.pdf, id=83, 396.48125pt x 208.78pt>
File: KCl_UCl3_density_rel.pdf Graphic file (type pdf)
<use KCl_UCl3_density_rel.pdf>
Package pdftex.def Info: KCl_UCl3_density_rel.pdf  used on input line 276.
(pdftex.def)             Requested size: 224.638pt x 118.29222pt.
<KCl_UCl3_neutron.pdf, id=84, 396.48125pt x 208.78pt>
File: KCl_UCl3_neutron.pdf Graphic file (type pdf)
<use KCl_UCl3_neutron.pdf>
Package pdftex.def Info: KCl_UCl3_neutron.pdf  used on input line 285.
(pdftex.def)             Requested size: 229.32257pt x 120.75797pt.
<KCl_UCl3_neutronb.pdf, id=85, 396.48125pt x 208.78pt>
File: KCl_UCl3_neutronb.pdf Graphic file (type pdf)
<use KCl_UCl3_neutronb.pdf>
Package pdftex.def Info: KCl_UCl3_neutronb.pdf  used on input line 285.
(pdftex.def)             Requested size: 224.638pt x 118.29222pt.
 [7 <./KCl_UCl3_density.pdf> <./KCl_UCl3_density_rel.pdf>]
Underfull \vbox (badness 10000) has occurred while \output is active []

<rdf1.pdf, id=106, 396.48125pt x 208.78pt>
File: rdf1.pdf Graphic file (type pdf)
<use rdf1.pdf>
Package pdftex.def Info: rdf1.pdf  used on input line 300.
(pdftex.def)             Requested size: 154.44086pt x 81.3251pt.
<rdf2.pdf, id=107, 396.48125pt x 208.78pt>
File: rdf2.pdf Graphic file (type pdf)
<use rdf2.pdf>
Package pdftex.def Info: rdf2.pdf  used on input line 300.
(pdftex.def)             Requested size: 154.44086pt x 81.3251pt.
<rdf3.pdf, id=108, 396.48125pt x 208.78pt>
File: rdf3.pdf Graphic file (type pdf)
<use rdf3.pdf>
Package pdftex.def Info: rdf3.pdf  used on input line 300.
(pdftex.def)             Requested size: 154.44086pt x 81.3251pt.
<rdf4.pdf, id=109, 396.48125pt x 208.78pt>
File: rdf4.pdf Graphic file (type pdf)
<use rdf4.pdf>
Package pdftex.def Info: rdf4.pdf  used on input line 301.
(pdftex.def)             Requested size: 154.44086pt x 81.3251pt.
<rdf5.pdf, id=110, 396.48125pt x 208.78pt>
File: rdf5.pdf Graphic file (type pdf)
<use rdf5.pdf>
Package pdftex.def Info: rdf5.pdf  used on input line 301.
(pdftex.def)             Requested size: 154.44086pt x 81.3251pt.
<rdf6.pdf, id=111, 396.48125pt x 208.78pt>
File: rdf6.pdf Graphic file (type pdf)
<use rdf6.pdf>
Package pdftex.def Info: rdf6.pdf  used on input line 301.
(pdftex.def)             Requested size: 154.44086pt x 81.3251pt.
 [8 <./KCl_UCl3_neutron.pdf> <./KCl_UCl3_neutronb.pdf>] (./UCl3_KCl_paper-b.bbl

Underfull \hbox (badness 1132) in paragraph at lines 16--19
\OT1/cmr/m/n/8 port, Part I-Description of Re-ac-tor De-sign, Tech.
 []


Underfull \hbox (badness 2012) in paragraph at lines 49--52
[]\OT1/cmr/m/n/8 K. Duemm-ler, Y. Lin, M. Woods, T. Karls-son,
 []


Underfull \vbox (badness 10000) has occurred while \output is active []

 [9 <./rdf1.pdf> <./rdf2.pdf> <./rdf3.pdf> <./rdf4.pdf> <./rdf5.pdf> <./rdf6.pd
f>]
Underfull \hbox (badness 2418) in paragraph at lines 91--96
[]\OT1/cmr/m/n/8 J. Moon, H. An-drews, C. Agca, J.-C. Bil-heux,
 []


Underfull \vbox (badness 10000) has occurred while \output is active []

) [10]
(./UCl3_KCl_paper-b.aux) ) 
Here is how much of TeX's memory you used:
 5054 strings out of 478268
 80492 string characters out of 5846348
 473428 words of memory out of 5000000
 23176 multiletter control sequences out of 15000+600000
 479018 words of font info for 66 fonts, out of 8000000 for 9000
 1141 hyphenation exceptions out of 8191
 70i,17n,76p,1982b,301s stack positions out of 10000i,1000n,20000p,200000b,200000s
</usr/local/texlive/2022/texmf-dist/fonts/type1/publi
c/amsfonts/cm/cmbx10.pfb></usr/local/texlive/2022/texmf-dist/fonts/type1/public
/amsfonts/cm/cmex10.pfb></usr/local/texlive/2022/texmf-dist/fonts/type1/public/
amsfonts/cm/cmmi10.pfb></usr/local/texlive/2022/texmf-dist/fonts/type1/public/a
msfonts/cm/cmmi5.pfb></usr/local/texlive/2022/texmf-dist/fonts/type1/public/ams
fonts/cm/cmmi6.pfb></usr/local/texlive/2022/texmf-dist/fonts/type1/public/amsfo
nts/cm/cmmi7.pfb></usr/local/texlive/2022/texmf-dist/fonts/type1/public/amsfont
s/cm/cmmi9.pfb></usr/local/texlive/2022/texmf-dist/fonts/type1/public/amsfonts/
cm/cmr10.pfb></usr/local/texlive/2022/texmf-dist/fonts/type1/public/amsfonts/cm
/cmr12.pfb></usr/local/texlive/2022/texmf-dist/fonts/type1/public/amsfonts/cm/c
mr5.pfb></usr/local/texlive/2022/texmf-dist/fonts/type1/public/amsfonts/cm/cmr6
.pfb></usr/local/texlive/2022/texmf-dist/fonts/type1/public/amsfonts/cm/cmr7.pf
b></usr/local/texlive/2022/texmf-dist/fonts/type1/public/amsfonts/cm/cmr8.pfb><
/usr/local/texlive/2022/texmf-dist/fonts/type1/public/amsfonts/cm/cmr9.pfb></us
r/local/texlive/2022/texmf-dist/fonts/type1/public/amsfonts/cm/cmsy10.pfb></usr
/local/texlive/2022/texmf-dist/fonts/type1/public/amsfonts/cm/cmsy7.pfb></usr/l
ocal/texlive/2022/texmf-dist/fonts/type1/public/amsfonts/cm/cmsy8.pfb></usr/loc
al/texlive/2022/texmf-dist/fonts/type1/public/amsfonts/cm/cmti10.pfb></usr/loca
l/texlive/2022/texmf-dist/fonts/type1/public/amsfonts/cm/cmti12.pfb></usr/local
/texlive/2022/texmf-dist/fonts/type1/public/amsfonts/cm/cmti7.pfb></usr/local/t
exlive/2022/texmf-dist/fonts/type1/public/amsfonts/cm/cmti8.pfb></usr/local/tex
live/2022/texmf-dist/fonts/type1/public/amsfonts/cm/cmtt8.pfb>
Output written on UCl3_KCl_paper-b.pdf (10 pages, 586600 bytes).
PDF statistics:
 284 PDF objects out of 1000 (max. 8388607)
 162 compressed objects within 2 object streams
 0 named destinations out of 1000 (max. 500000)
 71 words of extra memory for PDF output out of 10000 (max. 10000000)

