This is pdfTeX, Version 3.14159265-2.6-1.40.20 (TeX Live 2019) (preloaded format=pdflatex 2019.5.8)  12 JUL 2023 14:51
entering extended mode
 restricted \write18 enabled.
 file:line:error style messages enabled.
 %&-line parsing enabled.
**marked.tex
(./marked.tex
LaTeX2e <2018-12-01>
(./elsarticle.cls
Document Class: elsarticle 2020/11/20, 3.3: Elsevier Ltd
(/usr/local/texlive/2019/texmf-dist/tex/latex/l3kernel/expl3.sty
Package: expl3 2019-05-07 L3 programming layer (loader) 

(/usr/local/texlive/2019/texmf-dist/tex/latex/l3kernel/expl3-code.tex
Package: expl3 2019-05-07 L3 programming layer (code)
\c_max_int=\count80
\l_tmpa_int=\count81
\l_tmpb_int=\count82
\g_tmpa_int=\count83
\g_tmpb_int=\count84
\g__kernel_prg_map_int=\count85
\c__ior_term_ior=\count86
\c_log_iow=\count87
\l_iow_line_count_int=\count88
\l__iow_line_target_int=\count89
\l__iow_one_indent_int=\count90
\l__iow_indent_int=\count91
\c_zero_dim=\dimen102
\c_max_dim=\dimen103
\l_tmpa_dim=\dimen104
\l_tmpb_dim=\dimen105
\g_tmpa_dim=\dimen106
\g_tmpb_dim=\dimen107
\c_zero_skip=\skip41
\c_max_skip=\skip42
\l_tmpa_skip=\skip43
\l_tmpb_skip=\skip44
\g_tmpa_skip=\skip45
\g_tmpb_skip=\skip46
\c_zero_muskip=\muskip10
\c_max_muskip=\muskip11
\l_tmpa_muskip=\muskip12
\l_tmpb_muskip=\muskip13
\g_tmpa_muskip=\muskip14
\g_tmpb_muskip=\muskip15
\l_keys_choice_int=\count92
\l__intarray_loop_int=\count93
\c__intarray_sp_dim=\dimen108
\g__intarray_font_int=\count94
\c__fp_leading_shift_int=\count95
\c__fp_middle_shift_int=\count96
\c__fp_trailing_shift_int=\count97
\c__fp_big_leading_shift_int=\count98
\c__fp_big_middle_shift_int=\count99
\c__fp_big_trailing_shift_int=\count100
\c__fp_Bigg_leading_shift_int=\count101
\c__fp_Bigg_middle_shift_int=\count102
\c__fp_Bigg_trailing_shift_int=\count103
\c__kernel_randint_max_int=\count104
\g__fp_array_int=\count105
\l__fp_array_loop_int=\count106
\l__sort_length_int=\count107
\l__sort_min_int=\count108
\l__sort_top_int=\count109
\l__sort_max_int=\count110
\l__sort_true_max_int=\count111
\l__sort_block_int=\count112
\l__sort_begin_int=\count113
\l__sort_end_int=\count114
\l__sort_A_int=\count115
\l__sort_B_int=\count116
\l__sort_C_int=\count117
\l__tl_analysis_normal_int=\count118
\l__tl_analysis_index_int=\count119
\l__tl_analysis_nesting_int=\count120
\l__tl_analysis_type_int=\count121
\l__regex_internal_a_int=\count122
\l__regex_internal_b_int=\count123
\l__regex_internal_c_int=\count124
\l__regex_balance_int=\count125
\l__regex_group_level_int=\count126
\l__regex_mode_int=\count127
\c__regex_cs_in_class_mode_int=\count128
\c__regex_cs_mode_int=\count129
\l__regex_catcodes_int=\count130
\l__regex_default_catcodes_int=\count131
\c__regex_catcode_D_int=\count132
\c__regex_catcode_S_int=\count133
\c__regex_catcode_L_int=\count134
\c__regex_catcode_O_int=\count135
\c__regex_catcode_A_int=\count136
\c__regex_all_catcodes_int=\count137
\l__regex_show_lines_int=\count138
\l__regex_min_state_int=\count139
\l__regex_max_state_int=\count140
\l__regex_left_state_int=\count141
\l__regex_right_state_int=\count142
\l__regex_capturing_group_int=\count143
\l__regex_min_pos_int=\count144
\l__regex_max_pos_int=\count145
\l__regex_curr_pos_int=\count146
\l__regex_start_pos_int=\count147
\l__regex_success_pos_int=\count148
\l__regex_curr_char_int=\count149
\l__regex_curr_catcode_int=\count150
\l__regex_last_char_int=\count151
\l__regex_case_changed_char_int=\count152
\l__regex_curr_state_int=\count153
\l__regex_step_int=\count154
\l__regex_min_active_int=\count155
\l__regex_max_active_int=\count156
\l__regex_replacement_csnames_int=\count157
\l__regex_match_count_int=\count158
\l__regex_min_submatch_int=\count159
\l__regex_submatch_int=\count160
\l__regex_zeroth_submatch_int=\count161
\g__regex_trace_regex_int=\count162
\c_empty_box=\box27
\l_tmpa_box=\box28
\l_tmpb_box=\box29
\g_tmpa_box=\box30
\g_tmpb_box=\box31
\l__box_top_dim=\dimen109
\l__box_bottom_dim=\dimen110
\l__box_left_dim=\dimen111
\l__box_right_dim=\dimen112
\l__box_top_new_dim=\dimen113
\l__box_bottom_new_dim=\dimen114
\l__box_left_new_dim=\dimen115
\l__box_right_new_dim=\dimen116
\l__box_internal_box=\box32
\l__coffin_internal_box=\box33
\l__coffin_internal_dim=\dimen117
\l__coffin_offset_x_dim=\dimen118
\l__coffin_offset_y_dim=\dimen119
\l__coffin_x_dim=\dimen120
\l__coffin_y_dim=\dimen121
\l__coffin_x_prime_dim=\dimen122
\l__coffin_y_prime_dim=\dimen123
\c_empty_coffin=\box34
\l__coffin_aligned_coffin=\box35
\l__coffin_aligned_internal_coffin=\box36
\l_tmpa_coffin=\box37
\l_tmpb_coffin=\box38
\g_tmpa_coffin=\box39
\g_tmpb_coffin=\box40
\l__coffin_bounding_shift_dim=\dimen124
\l__coffin_left_corner_dim=\dimen125
\l__coffin_right_corner_dim=\dimen126
\l__coffin_bottom_corner_dim=\dimen127
\l__coffin_top_corner_dim=\dimen128
\l__coffin_scaled_total_height_dim=\dimen129
\l__coffin_scaled_width_dim=\dimen130
\c__coffin_empty_coffin=\box41
\l__coffin_display_coffin=\box42
\l__coffin_display_coord_coffin=\box43
\l__coffin_display_pole_coffin=\box44
\l__coffin_display_offset_dim=\dimen131
\l__coffin_display_x_dim=\dimen132
\l__coffin_display_y_dim=\dimen133
\g__file_internal_ior=\read1
\l__seq_internal_a_int=\count163
\l__seq_internal_b_int=\count164
\c__deprecation_minus_one=\count165
)
(/usr/local/texlive/2019/texmf-dist/tex/latex/l3kernel/l3pdfmode.def
File: l3pdfmode.def 2019-04-06 v L3 Experimental driver: PDF mode
\l__driver_color_stack_int=\count166
\l__driver_pdf_tmp_box=\box45
))
(/usr/local/texlive/2019/texmf-dist/tex/latex/l3packages/xparse/xparse.sty
Package: xparse 2019-05-03 L3 Experimental document command parser
\l__xparse_current_arg_int=\count167
\g__xparse_grabber_int=\count168
\l__xparse_m_args_int=\count169
\l__xparse_v_nesting_int=\count170
)
(/usr/local/texlive/2019/texmf-dist/tex/latex/etoolbox/etoolbox.sty
Package: etoolbox 2018/08/19 v2.5f e-TeX tools for LaTeX (JAW)
\etb@tempcnta=\count171
)
\@bls=\dimen134

(/usr/local/texlive/2019/texmf-dist/tex/latex/base/article.cls
Document Class: article 2018/09/03 v1.4i Standard LaTeX document class
(/usr/local/texlive/2019/texmf-dist/tex/latex/base/size12.clo
File: size12.clo 2018/09/03 v1.4i Standard LaTeX file (size option)
)
\c@part=\count172
\c@section=\count173
\c@subsection=\count174
\c@subsubsection=\count175
\c@paragraph=\count176
\c@subparagraph=\count177
\c@figure=\count178
\c@table=\count179
\abovecaptionskip=\skip47
\belowcaptionskip=\skip48
\bibindent=\dimen135
)
(/usr/local/texlive/2019/texmf-dist/tex/latex/graphics/graphicx.sty
Package: graphicx 2017/06/01 v1.1a Enhanced LaTeX Graphics (DPC,SPQR)

(/usr/local/texlive/2019/texmf-dist/tex/latex/graphics/keyval.sty
Package: keyval 2014/10/28 v1.15 key=value parser (DPC)
\KV@toks@=\toks14
)
(/usr/local/texlive/2019/texmf-dist/tex/latex/graphics/graphics.sty
Package: graphics 2017/06/25 v1.2c Standard LaTeX Graphics (DPC,SPQR)

(/usr/local/texlive/2019/texmf-dist/tex/latex/graphics/trig.sty
Package: trig 2016/01/03 v1.10 sin cos tan (DPC)
)
(/usr/local/texlive/2019/texmf-dist/tex/latex/graphics-cfg/graphics.cfg
File: graphics.cfg 2016/06/04 v1.11 sample graphics configuration
)
Package graphics Info: Driver file: pdftex.def on input line 99.

(/usr/local/texlive/2019/texmf-dist/tex/latex/graphics-def/pdftex.def
File: pdftex.def 2018/01/08 v1.0l Graphics/color driver for pdftex
))
\Gin@req@height=\dimen136
\Gin@req@width=\dimen137
)
\c@tnote=\count180
\c@fnote=\count181
\c@cnote=\count182
\c@ead=\count183
\c@author=\count184
\@eadauthor=\toks15
\c@affn=\count185
\absbox=\box46
\elsarticlehighlightsbox=\box47
\elsarticlegrabsbox=\box48
\keybox=\box49
\Columnwidth=\dimen138
\space@left=\dimen139
\els@boxa=\box50
\els@boxb=\box51
\leftMargin=\dimen140
\@enLab=\toks16
\@sep=\skip49
\@@sep=\skip50

(./marked.spl) (/usr/local/texlive/2019/texmf-dist/tex/latex/natbib/natbib.sty
Package: natbib 2010/09/13 8.31b (PWD, AO)
\bibhang=\skip51
\bibsep=\skip52
LaTeX Info: Redefining \cite on input line 694.
\c@NAT@ctr=\count186
)
\splwrite=\write3
\openout3 = `marked.spl'.

\appnamewidth=\dimen141
) (/usr/local/texlive/2019/texmf-dist/tex/latex/amsfonts/amssymb.sty
Package: amssymb 2013/01/14 v3.01 AMS font symbols

(/usr/local/texlive/2019/texmf-dist/tex/latex/amsfonts/amsfonts.sty
Package: amsfonts 2013/01/14 v3.01 Basic AMSFonts support
\@emptytoks=\toks17
\symAMSa=\mathgroup4
\symAMSb=\mathgroup5
LaTeX Font Info:    Overwriting math alphabet `\mathfrak' in version `bold'
(Font)                  U/euf/m/n --> U/euf/b/n on input line 106.
))
(/usr/local/texlive/2019/texmf-dist/tex/latex/graphics/color.sty
Package: color 2016/07/10 v1.1e Standard LaTeX Color (DPC)

(/usr/local/texlive/2019/texmf-dist/tex/latex/graphics-cfg/color.cfg
File: color.cfg 2016/01/02 v1.6 sample color configuration
)
Package color Info: Driver file: pdftex.def on input line 147.
)
(/usr/local/texlive/2019/texmf-dist/tex/latex/placeins/placeins.sty
Package: placeins 2005/04/18  v 2.2
)
(/usr/local/texlive/2019/texmf-dist/tex/latex/cleveref/cleveref.sty
Package: cleveref 2018/03/27 v0.21.4 Intelligent cross-referencing
)
(/usr/local/texlive/2019/texmf-dist/tex/latex/geometry/geometry.sty
Package: geometry 2018/04/16 v5.8 Page Geometry

(/usr/local/texlive/2019/texmf-dist/tex/generic/oberdiek/ifpdf.sty
Package: ifpdf 2018/09/07 v3.3 Provides the ifpdf switch
)
(/usr/local/texlive/2019/texmf-dist/tex/generic/oberdiek/ifvtex.sty
Package: ifvtex 2016/05/16 v1.6 Detect VTeX and its facilities (HO)
Package ifvtex Info: VTeX not detected.
)
(/usr/local/texlive/2019/texmf-dist/tex/generic/ifxetex/ifxetex.sty
Package: ifxetex 2010/09/12 v0.6 Provides ifxetex conditional
)
\Gm@cnth=\count187
\Gm@cntv=\count188
\c@Gm@tempcnt=\count189
\Gm@bindingoffset=\dimen142
\Gm@wd@mp=\dimen143
\Gm@odd@mp=\dimen144
\Gm@even@mp=\dimen145
\Gm@layoutwidth=\dimen146
\Gm@layoutheight=\dimen147
\Gm@layouthoffset=\dimen148
\Gm@layoutvoffset=\dimen149
\Gm@dimlist=\toks18
)
(/usr/local/texlive/2019/texmf-dist/tex/latex/appendix/appendix.sty
Package: appendix 2009/09/02 v1.2b extra appendix facilities
\c@@pps=\count190
\c@@ppsavesec=\count191
\c@@ppsaveapp=\count192
)
(/usr/local/texlive/2019/texmf-dist/tex/latex/was/gensymb.sty
Package: gensymb 2003/07/02 v1.0 (WaS)
)
(/usr/local/texlive/2019/texmf-dist/tex/latex/lineno/lineno.sty
Package: lineno 2005/11/02 line numbers on paragraphs v4.41
\linenopenalty=\count193
\output=\toks19
\linenoprevgraf=\count194
\linenumbersep=\dimen150
\linenumberwidth=\dimen151
\c@linenumber=\count195
\c@pagewiselinenumber=\count196
\c@LN@truepage=\count197
\c@internallinenumber=\count198
\c@internallinenumbers=\count199
\quotelinenumbersep=\dimen152
\bframerule=\dimen153
\bframesep=\dimen154
\bframebox=\box52
LaTeX Info: Redefining \\ on input line 3056.
)
(/usr/local/texlive/2019/texmf-dist/tex/latex/footmisc/footmisc.sty
Package: footmisc 2011/06/06 v5.5b a miscellany of footnote facilities
\FN@temptoken=\toks20
\footnotemargin=\dimen155
\c@pp@next@reset=\count266
Package footmisc Info: Declaring symbol style bringhurst on input line 855.
Package footmisc Info: Declaring symbol style chicago on input line 863.
Package footmisc Info: Declaring symbol style wiley on input line 872.
Package footmisc Info: Declaring symbol style lamport-robust on input line 883.

Package footmisc Info: Declaring symbol style lamport* on input line 903.
Package footmisc Info: Declaring symbol style lamport*-robust on input line 924
.
)
LaTeX Info: Redefining \sf on input line 24.

(/usr/local/texlive/2019/texmf-dist/tex/latex/oberdiek/settobox.sty
Package: settobox 2016/05/16 v1.5 Assign box dimensions to length registers (HO
)
)
(/usr/local/texlive/2019/texmf-dist/tex/latex/oberdiek/letltxmacro.sty
Package: letltxmacro 2016/05/16 v1.5 Let assignment for LaTeX macros (HO)
)
\DIFdelgraphicsbox=\box53
\DIFdelgraphicswidth=\skip53
\DIFdelgraphicsheight=\skip54
LaTeX Info: Redefining \DIFaddbegin on input line 70.
LaTeX Info: Redefining \DIFaddend on input line 71.
LaTeX Info: Redefining \DIFdelbegin on input line 72.
LaTeX Info: Redefining \DIFdelend on input line 73.
LaTeX Info: Redefining \DIFaddbeginFL on input line 78.
LaTeX Info: Redefining \DIFaddendFL on input line 79.
LaTeX Info: Redefining \DIFdelbeginFL on input line 80.
LaTeX Info: Redefining \DIFdelendFL on input line 81.

(/usr/local/texlive/2019/texmf-dist/tex/latex/listings/listings.sty
\lst@mode=\count267
\lst@gtempboxa=\box54
\lst@token=\toks21
\lst@length=\count268
\lst@currlwidth=\dimen156
\lst@column=\count269
\lst@pos=\count270
\lst@lostspace=\dimen157
\lst@width=\dimen158
\lst@newlines=\count271
\lst@lineno=\count272
\lst@maxwidth=\dimen159

(/usr/local/texlive/2019/texmf-dist/tex/latex/listings/lstmisc.sty
File: lstmisc.sty 2019/02/27 1.8b (Carsten Heinz)
\c@lstnumber=\count273
\lst@skipnumbers=\count274
\lst@framebox=\box55
)
(/usr/local/texlive/2019/texmf-dist/tex/latex/listings/listings.cfg
File: listings.cfg 2019/02/27 1.8b listings configuration
))
Package: listings 2019/02/27 1.8b (Carsten Heinz)

(./marked.aux)
\openout1 = `marked.aux'.

LaTeX Font Info:    Checking defaults for OML/cmm/m/it on input line 100.
LaTeX Font Info:    ... okay on input line 100.
LaTeX Font Info:    Checking defaults for T1/cmr/m/n on input line 100.
LaTeX Font Info:    ... okay on input line 100.
LaTeX Font Info:    Checking defaults for OT1/cmr/m/n on input line 100.
LaTeX Font Info:    ... okay on input line 100.
LaTeX Font Info:    Checking defaults for OMS/cmsy/m/n on input line 100.
LaTeX Font Info:    ... okay on input line 100.
LaTeX Font Info:    Checking defaults for OMX/cmex/m/n on input line 100.
LaTeX Font Info:    ... okay on input line 100.
LaTeX Font Info:    Checking defaults for U/cmr/m/n on input line 100.
LaTeX Font Info:    ... okay on input line 100.

(/usr/local/texlive/2019/texmf-dist/tex/context/base/mkii/supp-pdf.mkii
[Loading MPS to PDF converter (version 2006.09.02).]
\scratchcounter=\count275
\scratchdimen=\dimen160
\scratchbox=\box56
\nofMPsegments=\count276
\nofMParguments=\count277
\everyMPshowfont=\toks22
\MPscratchCnt=\count278
\MPscratchDim=\dimen161
\MPnumerator=\count279
\makeMPintoPDFobject=\count280
\everyMPtoPDFconversion=\toks23
) (/usr/local/texlive/2019/texmf-dist/tex/latex/oberdiek/epstopdf-base.sty
Package: epstopdf-base 2016/05/15 v2.6 Base part for package epstopdf

(/usr/local/texlive/2019/texmf-dist/tex/generic/oberdiek/infwarerr.sty
Package: infwarerr 2016/05/16 v1.4 Providing info/warning/error messages (HO)
)
(/usr/local/texlive/2019/texmf-dist/tex/latex/oberdiek/grfext.sty
Package: grfext 2016/05/16 v1.2 Manage graphics extensions (HO)

(/usr/local/texlive/2019/texmf-dist/tex/generic/oberdiek/kvdefinekeys.sty
Package: kvdefinekeys 2016/05/16 v1.4 Define keys (HO)

(/usr/local/texlive/2019/texmf-dist/tex/generic/oberdiek/ltxcmds.sty
Package: ltxcmds 2016/05/16 v1.23 LaTeX kernel commands for general use (HO)
)))
(/usr/local/texlive/2019/texmf-dist/tex/latex/oberdiek/kvoptions.sty
Package: kvoptions 2016/05/16 v3.12 Key value format for package options (HO)

(/usr/local/texlive/2019/texmf-dist/tex/generic/oberdiek/kvsetkeys.sty
Package: kvsetkeys 2016/05/16 v1.17 Key value parser (HO)

(/usr/local/texlive/2019/texmf-dist/tex/generic/oberdiek/etexcmds.sty
Package: etexcmds 2016/05/16 v1.6 Avoid name clashes with e-TeX commands (HO)

(/usr/local/texlive/2019/texmf-dist/tex/generic/oberdiek/ifluatex.sty
Package: ifluatex 2016/05/16 v1.4 Provides the ifluatex switch (HO)
Package ifluatex Info: LuaTeX not detected.
))))
(/usr/local/texlive/2019/texmf-dist/tex/generic/oberdiek/pdftexcmds.sty
Package: pdftexcmds 2018/09/10 v0.29 Utility functions of pdfTeX for LuaTeX (HO
)
Package pdftexcmds Info: LuaTeX not detected.
Package pdftexcmds Info: \pdf@primitive is available.
Package pdftexcmds Info: \pdf@ifprimitive is available.
Package pdftexcmds Info: \pdfdraftmode found.
)
Package epstopdf-base Info: Redefining graphics rule for `.eps' on input line 4
38.
Package grfext Info: Graphics extension search list:
(grfext)             [.pdf,.png,.jpg,.mps,.jpeg,.jbig2,.jb2,.PDF,.PNG,.JPG,.JPE
G,.JBIG2,.JB2,.eps]
(grfext)             \AppendGraphicsExtensions on input line 456.

(/usr/local/texlive/2019/texmf-dist/tex/latex/latexconfig/epstopdf-sys.cfg
File: epstopdf-sys.cfg 2010/07/13 v1.3 Configuration of (r)epstopdf for TeX Liv
e
))
*geometry* driver: auto-detecting
*geometry* detected driver: pdftex
*geometry* verbose mode - [ preamble ] result:
* driver: pdftex
* paper: <default>
* layout: <same size as paper>
* layoutoffset:(h,v)=(0.0pt,0.0pt)
* modes: 
* h-part:(L,W,R)=(71.13188pt, 472.03123pt, 71.13188pt)
* v-part:(T,H,B)=(71.13188pt, 652.70622pt, 71.13188pt)
* \paperwidth=614.295pt
* \paperheight=794.96999pt
* \textwidth=472.03123pt
* \textheight=652.70622pt
* \oddsidemargin=-1.1381pt
* \evensidemargin=-1.1381pt
* \topmargin=-38.1381pt
* \headheight=12.0pt
* \headsep=25.0pt
* \topskip=12.0pt
* \footskip=30.0pt
* \marginparwidth=44.0pt
* \marginparsep=10.0pt
* \columnsep=10.0pt
* \skip\footins=24.0pt
* \hoffset=0.0pt
* \voffset=0.0pt
* \mag=1000
* \@twocolumnfalse
* \@twosidefalse
* \@mparswitchfalse
* \@reversemarginfalse
* (1in=72.27pt=25.4mm, 1cm=28.453pt)

LaTeX Info: Redefining \celsius on input line 100.
Package gensymb Info: Faking symbols for \degree and \celsius on input line 100
.

Package gensymb Warning: Not defining \perthousand.

LaTeX Info: Redefining \ohm on input line 100.
Package gensymb Info: Using \Omega for \ohm on input line 100.

Package gensymb Warning: Not defining \micro.

\c@lstlisting=\count281
LaTeX Font Info:    Try loading font information for U+msa on input line 136.
(/usr/local/texlive/2019/texmf-dist/tex/latex/amsfonts/umsa.fd
File: umsa.fd 2013/01/14 v3.01 AMS symbols A
)
LaTeX Font Info:    Try loading font information for U+msb on input line 136.

(/usr/local/texlive/2019/texmf-dist/tex/latex/amsfonts/umsb.fd
File: umsb.fd 2013/01/14 v3.01 AMS symbols B
)
Overfull \hbox (2.61108pt too wide) has occurred while \output is active
[] 
 []

[1


{/usr/local/texlive/2019/texmf-var/fonts/map/pdftex/updmap/pdftex.map}]
./marked.tex:150: Undefined control sequence.
<argument> ... \ignorespaces removed: \textdegree 
                                                  \@finalstrut \strutbox 
l.150 ...ely 500\DIFdelbegin \DIFdel{\textdegree }
                                                  \DIFdelend \DIFaddbegin \d...
The control sequence at the end of the top line
of your error message was never \def'ed. If you have
misspelled it (e.g., `\hobx'), type `I' and the correct
spelling (e.g., `I\hbox'). Otherwise just continue,
and I'll forget about whatever was undefined.

./marked.tex:150: Undefined control sequence.
<argument> ... \ignorespaces removed: \textdegree 
                                                  \@finalstrut \strutbox 
l.150 ...nd 1500\DIFdelbegin \DIFdel{\textdegree }
                                                  \DIFdelend \DIFaddbegin \d...
The control sequence at the end of the top line
of your error message was never \def'ed. If you have
misspelled it (e.g., `\hobx'), type `I' and the correct
spelling (e.g., `I\hbox'). Otherwise just continue,
and I'll forget about whatever was undefined.

[2] [3]
<pv_pe_fixed.png, id=25, 956.811pt x 388.287pt>
File: pv_pe_fixed.png Graphic file (type png)
<use pv_pe_fixed.png>
Package pdftex.def Info: pv_pe_fixed.png  used on input line 174.
(pdftex.def)             Requested size: 472.03123pt x 191.55981pt.
 [4 <./pv_pe_fixed.png>]
<DensityVTemp_2.jpg, id=34, 774.7344pt x 593.0958pt>
File: DensityVTemp_2.jpg Graphic file (type jpg)
<use DensityVTemp_2.jpg>
Package pdftex.def Info: DensityVTemp_2.jpg  used on input line 211.
(pdftex.def)             Requested size: 306.81741pt x 234.88113pt.


LaTeX Warning: `!h' float specifier changed to `!ht'.

<densityAll3_fixed.png, id=35, 1309.182pt x 362.226pt>
File: densityAll3_fixed.png Graphic file (type png)
<use densityAll3_fixed.png>
Package pdftex.def Info: densityAll3_fixed.png  used on input line 219.
(pdftex.def)             Requested size: 472.03123pt x 130.60022pt.

LaTeX Warning: `!h' float specifier changed to `!ht'.

[5]
<densityTernary_withScatter.png, id=39, 1323.417pt x 363.321pt>
File: densityTernary_withScatter.png Graphic file (type png)
<use densityTernary_withScatter.png>
Package pdftex.def Info: densityTernary_withScatter.png  used on input line 227
.
(pdftex.def)             Requested size: 448.42822pt x 123.10617pt.


LaTeX Warning: `!h' float specifier changed to `!ht'.

[6 <./DensityVTemp_2.jpg> <./densityAll3_fixed.png>]
<fig5.jpg, id=44, 853.5087pt x 426.6339pt>
File: fig5.jpg Graphic file (type jpg)
<use fig5.jpg>
Package pdftex.def Info: fig5.jpg  used on input line 242.
(pdftex.def)             Requested size: 448.42822pt x 224.1489pt.
 [7 <./densityTernary_withScatter.png> <./fig5.jpg>]
<thermalAll3_correctOrder.jpg, id=50, 1305.678pt x 361.35pt>
File: thermalAll3_correctOrder.jpg Graphic file (type jpg)
<use thermalAll3_correctOrder.jpg>
Package pdftex.def Info: thermalAll3_correctOrder.jpg  used on input line 253.
(pdftex.def)             Requested size: 448.42822pt x 124.10349pt.
<BulkCompress_2.jpg, id=51, 902.499pt x 366.168pt>
File: BulkCompress_2.jpg Graphic file (type jpg)
<use BulkCompress_2.jpg>
Package pdftex.def Info: BulkCompress_2.jpg  used on input line 274.
(pdftex.def)             Requested size: 472.03123pt x 191.52031pt.
 [8 <./thermalAll3_correctOrder.jpg>]
<heatCapacity_withScatter.png, id=55, 919.435pt x 764.8575pt>
File: heatCapacity_withScatter.png Graphic file (type png)
<use heatCapacity_withScatter.png>
Package pdftex.def Info: heatCapacity_withScatter.png  used on input line 286.
(pdftex.def)             Requested size: 330.42041pt x 274.86998pt.
 [9 <./BulkCompress_2.jpg>]
<enthalpyMixAll3_fixed_part2.png, id=59, 1336.776pt x 350.619pt>
File: enthalpyMixAll3_fixed_part2.png Graphic file (type png)
<use enthalpyMixAll3_fixed_part2.png>
Package pdftex.def Info: enthalpyMixAll3_fixed_part2.png  used on input line 29
9.
(pdftex.def)             Requested size: 472.03123pt x 123.80453pt.
 [10 <./heatCapacity_withScatter.png> <./enthalpyMixAll3_fixed_part2.png>]
<final_rdf.jpg, id=64, 426.6339pt x 426.6339pt>
File: final_rdf.jpg Graphic file (type jpg)
<use final_rdf.jpg>
Package pdftex.def Info: final_rdf.jpg  used on input line 314.
(pdftex.def)             Requested size: 236.01561pt x 236.01643pt.


LaTeX Warning: `!h' float specifier changed to `!ht'.

[11 <./final_rdf.jpg>] [12]
Overfull \hbox (13.45888pt too wide) in paragraph at lines 380--397
 [][] 
 []


LaTeX Warning: `h' float specifier changed to `ht'.

[13] (./marked.bbl
Underfull \hbox (badness 6542) in paragraph at lines 18--25
[]\OT1/cmr/m/n/12 G. Lo-catelli, M. Mancini, N. Tode-s-chini, Gen-er-a-tion iv 
nu-clear re-ac-tors:
 []


Underfull \hbox (badness 6252) in paragraph at lines 18--25
\OT1/cmr/m/n/12 Cur-rent sta-tus and fu-ture prospects, En-ergy Pol-icy 61 (201
3) 1503--1520.
 []


Underfull \hbox (badness 1436) in paragraph at lines 36--43
[]\OT1/cmr/m/n/12 O. Bene^^Ts, R. Kon-ings, Ther-mo-dy-namic prop-er-ties and p
hase di-a-grams of flu-
 []


Underfull \hbox (badness 1552) in paragraph at lines 36--43
\OT1/cmr/m/n/12 o-ride salts for nu-clear ap-pli-ca-tions, Jour-nal of Flu-o-ri
ne Chem-istry (2009) 22--
 []


Underfull \hbox (badness 1038) in paragraph at lines 72--80
\OT1/cmr/m/n/12 ica Acta Part A: Molec-u-lar and Biomolec-u-lar Spec-troscopy 2
51 (2021) 119435.
 []

[14]
Underfull \hbox (badness 1024) in paragraph at lines 90--94
[]\OT1/cmr/m/n/12 D. Hol-comb, S. Cetiner, An overview of liquid-fluoride-salt 
heat trans-port sys-
 []

[15]
Underfull \hbox (badness 5578) in paragraph at lines 155--162
[]\OT1/cmr/m/n/12 K. Duemm-ler, Y. Lin, M. Woods, T. Karls-son, R. Gakhar, B. B
eeler,
 []


Underfull \hbox (badness 3861) in paragraph at lines 155--162
\OT1/cmr/m/n/12 Eval-u-a-tion of ther-mo-phys-i-cal prop-er-ties of the licl-kc
l sys-tem via ab ini-tio
 []


Underfull \hbox (badness 2990) in paragraph at lines 155--162
\OT1/cmr/m/n/12 and ex-per-i-men-tal meth-ods, Jour-nal of Nu-clear Ma-te-ri-al
s 559 (2022) 153414.
 []


Underfull \hbox (badness 5578) in paragraph at lines 182--192
[]\OT1/cmr/m/n/12 L. Mart^^S^^Pnez, R. An-drade, E. G. Bir-gin, J. M. Mart^^S^^
Pnez, Pack-mol: A
 []


Underfull \hbox (badness 10000) in paragraph at lines 182--192
\OT1/cmr/m/n/12 pack-age for build-ing ini-tial con-fig-u-ra-tions for molec-u-
lar dy-nam-ics sim-
 []


Underfull \hbox (badness 10000) in paragraph at lines 182--192
\OT1/cmr/m/n/12 u-la-tions, Jour-nal of Com-pu-ta-tional Chem-istry 30 (13) (20
09) 2157--
 []


Underfull \hbox (badness 10000) in paragraph at lines 182--192
\OT1/cmr/m/n/12 2164.  arXiv:https://onlinelibrary.wiley.com/doi/pdf/10.1002/jc
c.21224,
 []


Underfull \hbox (badness 1565) in paragraph at lines 203--210
[]\OT1/cmr/m/n/12 D. An-der-s-son, B. Beeler, Ab ini-tio molec-u-lar dy-nam-ics
 (aimd) sim-u-la-tions of
 []


Underfull \hbox (badness 1043) in paragraph at lines 229--236
[]\OT1/cmr/m/n/12 G. Kresse, J. Furthm^^?uller, Ef-fi-cient it-er-a-tive scheme
s for ab ini-tio total-energy
 []

[16]
Underfull \hbox (badness 1990) in paragraph at lines 253--261
[]\OT1/cmr/m/n/12 S. Grimme, J. Antony, S. Ehrlich, H. Krieg, A con-sis-tent an
d ac-cu-rate ab
 []


Underfull \hbox (badness 1168) in paragraph at lines 253--261
\OT1/cmr/m/n/12 ini-tio parametriza-tion of den-sity func-tional dis-per-sion c
or-rec-tion (dft-d) for the
 []


Underfull \hbox (badness 1852) in paragraph at lines 253--261
\OT1/cmr/m/n/12 94 el-e-ments h-pu, The Jour-nal of Chem-i-cal Physics 132 (15)
 (2010) 154104.
 []


Underfull \hbox (badness 6477) in paragraph at lines 281--288
[]\OT1/cmr/m/n/12 K. Duemm-ler, M. Woods, T. Karls-son, R. Gakhar, B. Beeler, A
n ab
 []


Underfull \hbox (badness 10000) in paragraph at lines 281--288
\OT1/cmr/m/n/12 ini-tio molec-u-lar dy-nam-ics in-ves-ti-ga-tion of the ther-mo
-phys-i-cal prop-er-ties
 []


Underfull \hbox (badness 10000) in paragraph at lines 281--288
\OT1/cmr/m/n/12 of molten nacl-mgcl2, Jour-nal of Nu-clear Ma-te-ri-als 570 (20
22) 153916.
 []

[17]) [18] (./marked.aux) ) 
Here is how much of TeX's memory you used:
 16674 strings out of 492616
 303712 string characters out of 6129482
 335517 words of memory out of 5000000
 20475 multiletter control sequences out of 15000+600000
 541453 words of font info for 59 fonts, out of 8000000 for 9000
 1141 hyphenation exceptions out of 8191
 41i,10n,63p,2210b,373s stack positions out of 5000i,500n,10000p,200000b,80000s
</usr/local/texlive/2019/texmf-dist/fonts/type1/publ
ic/amsfonts/cm/cmbx12.pfb></usr/local/texlive/2019/texmf-dist/fonts/type1/publi
c/amsfonts/cm/cmex10.pfb></usr/local/texlive/2019/texmf-dist/fonts/type1/public
/amsfonts/cm/cmmi10.pfb></usr/local/texlive/2019/texmf-dist/fonts/type1/public/
amsfonts/cm/cmmi12.pfb></usr/local/texlive/2019/texmf-dist/fonts/type1/public/a
msfonts/cm/cmmi7.pfb></usr/local/texlive/2019/texmf-dist/fonts/type1/public/ams
fonts/cm/cmmi8.pfb></usr/local/texlive/2019/texmf-dist/fonts/type1/public/amsfo
nts/cm/cmr10.pfb></usr/local/texlive/2019/texmf-dist/fonts/type1/public/amsfont
s/cm/cmr12.pfb></usr/local/texlive/2019/texmf-dist/fonts/type1/public/amsfonts/
cm/cmr17.pfb></usr/local/texlive/2019/texmf-dist/fonts/type1/public/amsfonts/cm
/cmr7.pfb></usr/local/texlive/2019/texmf-dist/fonts/type1/public/amsfonts/cm/cm
r8.pfb></usr/local/texlive/2019/texmf-dist/fonts/type1/public/amsfonts/cm/cmss1
2.pfb></usr/local/texlive/2019/texmf-dist/fonts/type1/public/amsfonts/cm/cmss8.
pfb></usr/local/texlive/2019/texmf-dist/fonts/type1/public/amsfonts/cm/cmsy10.p
fb></usr/local/texlive/2019/texmf-dist/fonts/type1/public/amsfonts/cm/cmsy8.pfb
></usr/local/texlive/2019/texmf-dist/fonts/type1/public/amsfonts/cm/cmti10.pfb>
</usr/local/texlive/2019/texmf-dist/fonts/type1/public/amsfonts/cm/cmti12.pfb><
/usr/local/texlive/2019/texmf-dist/fonts/type1/public/amsfonts/cm/cmti7.pfb></u
sr/local/texlive/2019/texmf-dist/fonts/type1/public/amsfonts/cm/cmtt12.pfb>
Output written on marked.pdf (18 pages, 7568037 bytes).
PDF statistics:
 153 PDF objects out of 1000 (max. 8388607)
 99 compressed objects within 1 object stream
 0 named destinations out of 1000 (max. 500000)
 51 words of extra memory for PDF output out of 10000 (max. 10000000)

