This is pdfTeX, Version 3.14159265-2.6-1.40.20 (TeX Live 2019) (preloaded format=pdflatex 2019.5.8)  18 NOV 2019 09:01
entering extended mode
 restricted \write18 enabled.
 file:line:error style messages enabled.
 %&-line parsing enabled.
**uzr_nd.tex
(./uzr_nd.tex
LaTeX2e <2018-12-01>
(/usr/local/texlive/2019/texmf-dist/tex/latex/elsarticle/elsarticle.cls
Document Class: elsarticle 2019/02/25, 3.2: Elsevier Ltd
\@bls=\dimen102
(/usr/local/texlive/2019/texmf-dist/tex/latex/base/article.cls
Document Class: article 2018/09/03 v1.4i Standard LaTeX document class
(/usr/local/texlive/2019/texmf-dist/tex/latex/base/size10.clo
File: size10.clo 2018/09/03 v1.4i Standard LaTeX file (size option)
)
\c@part=\count80
\c@section=\count81
\c@subsection=\count82
\c@subsubsection=\count83
\c@paragraph=\count84
\c@subparagraph=\count85
\c@figure=\count86
\c@table=\count87
\abovecaptionskip=\skip41
\belowcaptionskip=\skip42
\bibindent=\dimen103
)
(/usr/local/texlive/2019/texmf-dist/tex/latex/graphics/graphicx.sty
Package: graphicx 2017/06/01 v1.1a Enhanced LaTeX Graphics (DPC,SPQR)

(/usr/local/texlive/2019/texmf-dist/tex/latex/graphics/keyval.sty
Package: keyval 2014/10/28 v1.15 key=value parser (DPC)
\KV@toks@=\toks14
)
(/usr/local/texlive/2019/texmf-dist/tex/latex/graphics/graphics.sty
Package: graphics 2017/06/25 v1.2c Standard LaTeX Graphics (DPC,SPQR)

(/usr/local/texlive/2019/texmf-dist/tex/latex/graphics/trig.sty
Package: trig 2016/01/03 v1.10 sin cos tan (DPC)
)
(/usr/local/texlive/2019/texmf-dist/tex/latex/graphics-cfg/graphics.cfg
File: graphics.cfg 2016/06/04 v1.11 sample graphics configuration
)
Package graphics Info: Driver file: pdftex.def on input line 99.

(/usr/local/texlive/2019/texmf-dist/tex/latex/graphics-def/pdftex.def
File: pdftex.def 2018/01/08 v1.0l Graphics/color driver for pdftex
))
\Gin@req@height=\dimen104
\Gin@req@width=\dimen105
)
\c@tnote=\count88
\c@fnote=\count89
\c@cnote=\count90
\c@ead=\count91
\c@author=\count92
\@eadauthor=\toks15
\c@affn=\count93
\absbox=\box27
\elsarticlehighlightsbox=\box28
\elsarticlegrabsbox=\box29
\keybox=\box30
\Columnwidth=\dimen106
\space@left=\dimen107
\els@boxa=\box31
\els@boxb=\box32
\leftMargin=\dimen108
\@enLab=\toks16
\@sep=\skip43
\@@sep=\skip44

(./uzr_nd.spl) (/usr/local/texlive/2019/texmf-dist/tex/latex/natbib/natbib.sty
Package: natbib 2010/09/13 8.31b (PWD, AO)
\bibhang=\skip45
\bibsep=\skip46
LaTeX Info: Redefining \cite on input line 694.
\c@NAT@ctr=\count94
)
\splwrite=\write3
\openout3 = `uzr_nd.spl'.

\appnamewidth=\dimen109
) (/usr/local/texlive/2019/texmf-dist/tex/latex/lineno/lineno.sty
Package: lineno 2005/11/02 line numbers on paragraphs v4.41
\linenopenalty=\count95
\output=\toks17
\linenoprevgraf=\count96
\linenumbersep=\dimen110
\linenumberwidth=\dimen111
\c@linenumber=\count97
\c@pagewiselinenumber=\count98
\c@LN@truepage=\count99
\c@internallinenumber=\count100
\c@internallinenumbers=\count101
\quotelinenumbersep=\dimen112
\bframerule=\dimen113
\bframesep=\dimen114
\bframebox=\box33
LaTeX Info: Redefining \\ on input line 3056.
)
(/usr/local/texlive/2019/texmf-dist/tex/latex/hyperref/hyperref.sty
Package: hyperref 2018/11/30 v6.88e Hypertext links for LaTeX

(/usr/local/texlive/2019/texmf-dist/tex/generic/oberdiek/hobsub-hyperref.sty
Package: hobsub-hyperref 2016/05/16 v1.14 Bundle oberdiek, subset hyperref (HO)


(/usr/local/texlive/2019/texmf-dist/tex/generic/oberdiek/hobsub-generic.sty
Package: hobsub-generic 2016/05/16 v1.14 Bundle oberdiek, subset generic (HO)
Package: hobsub 2016/05/16 v1.14 Construct package bundles (HO)
Package: infwarerr 2016/05/16 v1.4 Providing info/warning/error messages (HO)
Package: ltxcmds 2016/05/16 v1.23 LaTeX kernel commands for general use (HO)
Package: ifluatex 2016/05/16 v1.4 Provides the ifluatex switch (HO)
Package ifluatex Info: LuaTeX not detected.
Package: ifvtex 2016/05/16 v1.6 Detect VTeX and its facilities (HO)
Package ifvtex Info: VTeX not detected.
Package: intcalc 2016/05/16 v1.2 Expandable calculations with integers (HO)
Package: ifpdf 2018/09/07 v3.3 Provides the ifpdf switch
Package: etexcmds 2016/05/16 v1.6 Avoid name clashes with e-TeX commands (HO)
Package: kvsetkeys 2016/05/16 v1.17 Key value parser (HO)
Package: kvdefinekeys 2016/05/16 v1.4 Define keys (HO)
Package: pdftexcmds 2018/09/10 v0.29 Utility functions of pdfTeX for LuaTeX (HO
)
Package pdftexcmds Info: LuaTeX not detected.
Package pdftexcmds Info: \pdf@primitive is available.
Package pdftexcmds Info: \pdf@ifprimitive is available.
Package pdftexcmds Info: \pdfdraftmode found.
Package: pdfescape 2016/05/16 v1.14 Implements pdfTeX's escape features (HO)
Package: bigintcalc 2016/05/16 v1.4 Expandable calculations on big integers (HO
)
Package: bitset 2016/05/16 v1.2 Handle bit-vector datatype (HO)
Package: uniquecounter 2016/05/16 v1.3 Provide unlimited unique counter (HO)
)
Package hobsub Info: Skipping package `hobsub' (already loaded).
Package: letltxmacro 2016/05/16 v1.5 Let assignment for LaTeX macros (HO)
Package: hopatch 2016/05/16 v1.3 Wrapper for package hooks (HO)
Package: xcolor-patch 2016/05/16 xcolor patch
Package: atveryend 2016/05/16 v1.9 Hooks at the very end of document (HO)
Package atveryend Info: \enddocument detected (standard20110627).
Package: atbegshi 2016/06/09 v1.18 At begin shipout hook (HO)
Package: refcount 2016/05/16 v3.5 Data extraction from label references (HO)
Package: hycolor 2016/05/16 v1.8 Color options for hyperref/bookmark (HO)
)
(/usr/local/texlive/2019/texmf-dist/tex/generic/ifxetex/ifxetex.sty
Package: ifxetex 2010/09/12 v0.6 Provides ifxetex conditional
)
(/usr/local/texlive/2019/texmf-dist/tex/latex/oberdiek/auxhook.sty
Package: auxhook 2016/05/16 v1.4 Hooks for auxiliary files (HO)
)
(/usr/local/texlive/2019/texmf-dist/tex/latex/oberdiek/kvoptions.sty
Package: kvoptions 2016/05/16 v3.12 Key value format for package options (HO)
)
\@linkdim=\dimen115
\Hy@linkcounter=\count102
\Hy@pagecounter=\count103

(/usr/local/texlive/2019/texmf-dist/tex/latex/hyperref/pd1enc.def
File: pd1enc.def 2018/11/30 v6.88e Hyperref: PDFDocEncoding definition (HO)
Now handling font encoding PD1 ...
... no UTF-8 mapping file for font encoding PD1
)
\Hy@SavedSpaceFactor=\count104

(/usr/local/texlive/2019/texmf-dist/tex/latex/latexconfig/hyperref.cfg
File: hyperref.cfg 2002/06/06 v1.2 hyperref configuration of TeXLive
)
Package hyperref Info: Hyper figures OFF on input line 4519.
Package hyperref Info: Link nesting OFF on input line 4524.
Package hyperref Info: Hyper index ON on input line 4527.
Package hyperref Info: Plain pages OFF on input line 4534.
Package hyperref Info: Backreferencing OFF on input line 4539.
Package hyperref Info: Implicit mode ON; LaTeX internals redefined.
Package hyperref Info: Bookmarks ON on input line 4772.
\c@Hy@tempcnt=\count105

(/usr/local/texlive/2019/texmf-dist/tex/latex/url/url.sty
\Urlmuskip=\muskip10
Package: url 2013/09/16  ver 3.4  Verb mode for urls, etc.
)
LaTeX Info: Redefining \url on input line 5125.
\XeTeXLinkMargin=\dimen116
\Fld@menulength=\count106
\Field@Width=\dimen117
\Fld@charsize=\dimen118
Package hyperref Info: Hyper figures OFF on input line 6380.
Package hyperref Info: Link nesting OFF on input line 6385.
Package hyperref Info: Hyper index ON on input line 6388.
Package hyperref Info: backreferencing OFF on input line 6395.
Package hyperref Info: Link coloring OFF on input line 6400.
Package hyperref Info: Link coloring with OCG OFF on input line 6405.
Package hyperref Info: PDF/A mode OFF on input line 6410.
LaTeX Info: Redefining \ref on input line 6450.
LaTeX Info: Redefining \pageref on input line 6454.
\Hy@abspage=\count107
\c@Item=\count108
\c@Hfootnote=\count109
)
Package hyperref Info: Driver (autodetected): hpdftex.

(/usr/local/texlive/2019/texmf-dist/tex/latex/hyperref/hpdftex.def
File: hpdftex.def 2018/11/30 v6.88e Hyperref driver for pdfTeX
\Fld@listcount=\count110
\c@bookmark@seq@number=\count111

(/usr/local/texlive/2019/texmf-dist/tex/latex/oberdiek/rerunfilecheck.sty
Package: rerunfilecheck 2016/05/16 v1.8 Rerun checks for auxiliary files (HO)
Package uniquecounter Info: New unique counter `rerunfilecheck' on input line 2
82.
)
\Hy@SectionHShift=\skip47
)
(/usr/local/texlive/2019/texmf-dist/tex/latex/geometry/geometry.sty
Package: geometry 2018/04/16 v5.8 Page Geometry
\Gm@cnth=\count112
\Gm@cntv=\count113
\c@Gm@tempcnt=\count114
\Gm@bindingoffset=\dimen119
\Gm@wd@mp=\dimen120
\Gm@odd@mp=\dimen121
\Gm@even@mp=\dimen122
\Gm@layoutwidth=\dimen123
\Gm@layoutheight=\dimen124
\Gm@layouthoffset=\dimen125
\Gm@layoutvoffset=\dimen126
\Gm@dimlist=\toks18
)
(/usr/local/texlive/2019/texmf-dist/tex/latex/placeins/placeins.sty
Package: placeins 2005/04/18  v 2.2
)
(/usr/local/texlive/2019/texmf-dist/tex/latex/comment/comment.sty
\CommentStream=\write4

Excluding comment 'comment') (./uzr_nd.aux

LaTeX Warning: Label `tab:Eforms' multiply defined.


LaTeX Warning: Label `default' multiply defined.


LaTeX Warning: Label `tab:Eforms' multiply defined.


LaTeX Warning: Label `default' multiply defined.


LaTeX Warning: Label `tab:Eforms' multiply defined.


LaTeX Warning: Label `default' multiply defined.


LaTeX Warning: Label `tab:Eforms' multiply defined.


LaTeX Warning: Label `default' multiply defined.


LaTeX Warning: Label `tab:Eforms' multiply defined.


LaTeX Warning: Label `default' multiply defined.

)
\openout1 = `uzr_nd.aux'.

LaTeX Font Info:    Checking defaults for OML/cmm/m/it on input line 11.
LaTeX Font Info:    ... okay on input line 11.
LaTeX Font Info:    Checking defaults for T1/cmr/m/n on input line 11.
LaTeX Font Info:    ... okay on input line 11.
LaTeX Font Info:    Checking defaults for OT1/cmr/m/n on input line 11.
LaTeX Font Info:    ... okay on input line 11.
LaTeX Font Info:    Checking defaults for OMS/cmsy/m/n on input line 11.
LaTeX Font Info:    ... okay on input line 11.
LaTeX Font Info:    Checking defaults for OMX/cmex/m/n on input line 11.
LaTeX Font Info:    ... okay on input line 11.
LaTeX Font Info:    Checking defaults for U/cmr/m/n on input line 11.
LaTeX Font Info:    ... okay on input line 11.
LaTeX Font Info:    Checking defaults for PD1/pdf/m/n on input line 11.
LaTeX Font Info:    ... okay on input line 11.
 (/usr/local/texlive/2019/texmf-dist/tex/context/base/mkii/supp-pdf.mkii
[Loading MPS to PDF converter (version 2006.09.02).]
\scratchcounter=\count115
\scratchdimen=\dimen127
\scratchbox=\box34
\nofMPsegments=\count116
\nofMParguments=\count117
\everyMPshowfont=\toks19
\MPscratchCnt=\count118
\MPscratchDim=\dimen128
\MPnumerator=\count119
\makeMPintoPDFobject=\count120
\everyMPtoPDFconversion=\toks20
) (/usr/local/texlive/2019/texmf-dist/tex/latex/oberdiek/epstopdf-base.sty
Package: epstopdf-base 2016/05/15 v2.6 Base part for package epstopdf

(/usr/local/texlive/2019/texmf-dist/tex/latex/oberdiek/grfext.sty
Package: grfext 2016/05/16 v1.2 Manage graphics extensions (HO)
)
Package epstopdf-base Info: Redefining graphics rule for `.eps' on input line 4
38.
Package grfext Info: Graphics extension search list:
(grfext)             [.pdf,.png,.jpg,.mps,.jpeg,.jbig2,.jb2,.PDF,.PNG,.JPG,.JPE
G,.JBIG2,.JB2,.eps]
(grfext)             \AppendGraphicsExtensions on input line 456.

(/usr/local/texlive/2019/texmf-dist/tex/latex/latexconfig/epstopdf-sys.cfg
File: epstopdf-sys.cfg 2010/07/13 v1.3 Configuration of (r)epstopdf for TeX Liv
e
))
\AtBeginShipoutBox=\box35
Package hyperref Info: Link coloring OFF on input line 11.

(/usr/local/texlive/2019/texmf-dist/tex/latex/hyperref/nameref.sty
Package: nameref 2016/05/21 v2.44 Cross-referencing by name of section

(/usr/local/texlive/2019/texmf-dist/tex/generic/oberdiek/gettitlestring.sty
Package: gettitlestring 2016/05/16 v1.5 Cleanup title references (HO)
)
\c@section@level=\count121
)
LaTeX Info: Redefining \ref on input line 11.
LaTeX Info: Redefining \pageref on input line 11.
LaTeX Info: Redefining \nameref on input line 11.

(./uzr_nd.out) (./uzr_nd.out)
\@outlinefile=\write5
\openout5 = `uzr_nd.out'.


*geometry* driver: auto-detecting
*geometry* detected driver: pdftex
*geometry* verbose mode - [ preamble ] result:
* driver: pdftex
* paper: <default>
* layout: <same size as paper>
* layoutoffset:(h,v)=(0.0pt,0.0pt)
* modes: 
* h-part:(L,W,R)=(72.26999pt, 469.75502pt, 72.26999pt)
* v-part:(T,H,B)=(72.26999pt, 650.43001pt, 72.26999pt)
* \paperwidth=614.295pt
* \paperheight=794.96999pt
* \textwidth=469.75502pt
* \textheight=650.43001pt
* \oddsidemargin=0.0pt
* \evensidemargin=0.0pt
* \topmargin=-37.0pt
* \headheight=12.0pt
* \headsep=25.0pt
* \topskip=10.0pt
* \footskip=30.0pt
* \marginparwidth=65.0pt
* \marginparsep=11.0pt
* \columnsep=10.0pt
* \skip\footins=24.0pt
* \hoffset=0.0pt
* \voffset=0.0pt
* \mag=1000
* \@twocolumnfalse
* \@twosidefalse
* \@mparswitchfalse
* \@reversemarginfalse
* (1in=72.27pt=25.4mm, 1cm=28.453pt)

LaTeX Font Info:    External font `cmex10' loaded for size
(Font)              <8> on input line 24.
LaTeX Font Info:    External font `cmex10' loaded for size
(Font)              <6> on input line 24.
LaTeX Font Info:    External font `cmex10' loaded for size
(Font)              <5> on input line 24.
LaTeX Font Info:    External font `cmex10' loaded for size
(Font)              <14.4> on input line 24.
LaTeX Font Info:    External font `cmex10' loaded for size
(Font)              <7> on input line 24.

LaTeX Warning: Reference `fig:ben1' on page 1 undefined on input line 32.


Overfull \hbox (2.22221pt too wide) has occurred while \output is active
[] 
 []


Package hyperref Warning: Token not allowed in a PDF string (PDFDocEncoding):
(hyperref)                removing `math shift' on input line 35.


Package hyperref Warning: Token not allowed in a PDF string (PDFDocEncoding):
(hyperref)                removing `\alpha' on input line 35.


Package hyperref Warning: Token not allowed in a PDF string (PDFDocEncoding):
(hyperref)                removing `math shift' on input line 35.


Package hyperref Warning: Token not allowed in a PDF string (PDFDocEncoding):
(hyperref)                removing `\<def>-command' on input line 35.


Package hyperref Warning: Token not allowed in a PDF string (PDFDocEncoding):
(hyperref)                removing `\cnotenum' on input line 35.


Package hyperref Warning: Token not allowed in a PDF string (PDFDocEncoding):
(hyperref)                removing `\<def>-command' on input line 35.


Package hyperref Warning: Token not allowed in a PDF string (PDFDocEncoding):
(hyperref)                removing `\@corref' on input line 35.

[1


{/usr/local/texlive/2019/texmf-var/fonts/map/pdftex/updmap/pdftex.map}]
Overfull \hbox (86.61496pt too wide) in paragraph at lines 37--40
[]\OT1/cmr/m/n/10 WIRTH TEXT $\OML/cmm/m/it/10 Metallicfuelsareidealforfast\OT1
/cmr/m/n/10 (\OML/cmm/m/it/10 breeder\OT1/cmr/m/n/10 )\OML/cmm/m/it/10 reactors
becausetheyproduceanextremelyhardneutronspectrum:U \OMS/cmsy/m/n/10 ^^@
 []


Overfull \hbox (210.3131pt too wide) in paragraph at lines 37--40
\OML/cmm/m/it/10 ZrandU \OMS/cmsy/m/n/10 ^^@ \OML/cmm/m/it/10 Pu \OMS/cmsy/m/n/
10 ^^@ \OML/cmm/m/it/10 Zralloysaretwoimportantpotentialmetallicfuelsforfastrea
ctors:However; theswellingofmetallicfuelsismuchmoreseverethanformixed \OMS/cmsy
/m/n/10 ^^@
 []


Overfull \hbox (3807.79636pt too wide) in paragraph at lines 37--40
\OML/cmm/m/it/10 oxidefuel; andisanimportantissueformetallicfuels:Fissionproduc
tgas\OT1/cmr/m/n/10 (\OML/cmm/m/it/10 Xe; Kr\OT1/cmr/m/n/10 )\OML/cmm/m/it/10 b
ubblegrowthisbelievedtoberesponsiblefortheswelling:Computationalmodelingofgasbu
bblenucleationandgrowthisusefulforpredictingandultimatelydevelopingmitigationst
rategiesfortheswellingbehaviorofthefuel:Theformationenergyandmigrationbarrierof
vacancy; interstitialandgasatoms\OT1/cmr/m/n/10 (\OML/cmm/m/it/10 Xe; Kr\OT1/cm
r/m/n/10 )\OML/cmm/m/it/10 arefundamentalparametersofthecomputationalmodel:Howe
ver; theyareverydifficulttoobtainfromexperiments; andnotavailableintheliteratur
etodate:Diffusionexperimentscanprovideinformationonatomicmigrationand; inadditi
on; allowonetogaininsightsintothedefectchemistry:However; thesedataaredeficient
atpresent:Asanexample; theavailableexperimentresultsintheliteratureareforpure\O
T1/cmr/m/n/10 ?\OML/cmm/m/it/10 uranium; butnotfor\OT1/cmr/m/n/10 ?\OML/cmm/m/i
t/10 U\OT1/cmr/m/n/10 ?\OML/cmm/m/it/10 Zr:ThustheinfluenceofZrisnotclear:Inadd
ition; therearenoavailableexperimentresultsforinterstitialbehavior:Similarly; a
lthoughtheactivationenergyofself \OMS/cmsy/m/n/10 ^^@
 []


Overfull \hbox (2925.4381pt too wide) in paragraph at lines 37--40
\OML/cmm/m/it/10 diffusioncanbeobtainedfromexperiments; theformationenergy; mig
rationbarrieranddiffusionmechanismsaredifficulttoconfirminexperiments; andnotav
ailableintheliterature:Finally; itisverydifficulttofabricate\OT1/cmr/m/n/10 ?\O
ML/cmm/m/it/10 perfect\OT1/cmr/m/n/10 ?\OML/cmm/m/it/10 singlecrystalsofuranium
metalinexperimentsandnoteasytoperformdiffusionexperimentsforuranium; duetothena
tureofuranium:Basedonfirstprinciplescalculations; theformationenergyandmigratio
nbarrierofvacancyandinterstitialdefects; andtheinfluenceofZronthesevalues; canb
eobtainedandcomparedwithexperimentalresults:Thecalculationsofpointdefects; andl
aterXe; inU\OT1/cmr/m/n/10 ?\OML/cmm/m/it/10 Zralloyswillprovideafoundationforc
omputationalmodelingoffissiongasbubblenucleationandgrowth:Although\OT1/cmr/m/n/
10 ?\OML/cmm/m/it/10 Uhasbeenextensivelyinvestigatedbyfirst \OMS/cmsy/m/n/10 ^^
@
 []


Overfull \hbox (927.44342pt too wide) in paragraph at lines 37--40
\OML/cmm/m/it/10 principlesmethods\OT1/cmr/m/n/10 [1?17]\OML/cmm/m/it/10 ; info
rmationoninterstitialandvacancydiffusionisstilldeficient:Itisnecessarytopursuef
urtherstudiestounderstandthediffusionbehaviorsoftheinterstitialandvacancyinsyst
ematicresearch:IntheouterzoneofU\OT1/cmr/m/n/10 ?\OML/cmm/m/it/10 Zrmetallicfue
l; thedominantmicrostructureconsistsofan\OT1/cmr/m/n/10 ?\OML/cmm/m/it/10 phase
matrixwith\OT1/cmr/m/n/10 ? \OMS/cmsy/m/n/10 ^^@
 []


Overfull \hbox (348.25099pt too wide) in paragraph at lines 37--40
\OML/cmm/m/it/10 lamellae\OT1/cmr/m/n/10 [18]\OML/cmm/m/it/10 :Duetothelowertem
perature; thebubblenucleationandgrowtharemoresevere:Inthispaper; wewillfocusont
he\OT1/cmr/m/n/10 ?\OML/cmm/m/it/10 phaseofU\OT1/cmr/m/n/10 ?\OML/cmm/m/it/10 Z
ralloys:Thestructureof\OT1/cmr/m/n/10 ?\OML/cmm/m/it/10 uraniumismadeupofclose 
\OMS/cmsy/m/n/10 ^^@
 []


Overfull \hbox (62.57005pt too wide) in paragraph at lines 37--40
\OML/cmm/m/it/10 packedcorrugatedlayersofatoms; withlayersparalleltothe\OT1/cmr
/m/n/10 (010)\OML/cmm/m/it/10 planeandthecorrugationsparalleltothe\OT1/cmr/m/n/
10 [100]\OML/cmm/m/it/10 axis:Theself \OMS/cmsy/m/n/10 ^^@
 []


Overfull \hbox (101.63615pt too wide) in paragraph at lines 37--40
\OML/cmm/m/it/10 diffusionalongthe\OT1/cmr/m/n/10 [010]\OML/cmm/m/it/10 directi
onisbelievedtobemuchmoredifficultthanintheothertwodirections\OT1/cmr/m/n/10 [19
]\OML/cmm/m/it/10 :Theactivationenergyofself \OMS/cmsy/m/n/10 ^^@
 []


Overfull \hbox (4313.6758pt too wide) in paragraph at lines 37--40
\OML/cmm/m/it/10 diffusioninpureuraniumalongallthreeprincipaldirectionshasbeeno
btainedexperimentallyandisreportedas\OT1/cmr/m/n/10 1\OML/cmm/m/it/10 :\OT1/cmr
/m/n/10 91\OML/cmm/m/it/10 eV\OT1/cmr/m/n/10 [20]\OML/cmm/m/it/10 alongthe\OT1/
cmr/m/n/10 [100]\OML/cmm/m/it/10 and\OT1/cmr/m/n/10 [001]\OML/cmm/m/it/10 direc
tions; and\OT1/cmr/m/n/10 2\OML/cmm/m/it/10 :\OT1/cmr/m/n/10 91\OML/cmm/m/it/10
 eV\OT1/cmr/m/n/10 [21]\OML/cmm/m/it/10 alongthe\OT1/cmr/m/n/10 [010]\OML/cmm/m
/it/10 directions:Thecorrugatedstructuredoesnotaffectthediffusionparalleltothe\
OT1/cmr/m/n/10 (010)\OML/cmm/m/it/10 planesignificantly:Asillustratedin\OT1/cmr
/m/n/10 [21]\OML/cmm/m/it/10 ; themeasurementofthediffusioncoefficientalongthe\
OT1/cmr/m/n/10 [010]\OML/cmm/m/it/10 directionismoredifficultthanfortheothertwo
directions:Thereisonlyonereportintheliteratureforthe\OT1/cmr/m/n/10 [010]\OML/c
mm/m/it/10 direction; andnoexperimentdetailsareavailable\OT1/cmr/m/n/10 [21]\OM
L/cmm/m/it/10 :Forthe\OT1/cmr/m/n/10 [100]\OML/cmm/m/it/10 and\OT1/cmr/m/n/10 [
001]\OML/cmm/m/it/10 directions; therearemorereportsintheliterature; andmoreexp
erimentdetailsareavailable\OT1/cmr/m/n/10 [20]\OML/cmm/m/it/10 :Thereareonlytwo
datavaluesreportedfor\OT1/cmr/m/n/10 ?\OML/cmm/m/it/10 perfect\OT1/cmr/m/n/10 ?
\OML/cmm/m/it/10 singlecrystalsintheliteratureforthe\OT1/cmr/m/n/10 [100]\OML/c
mm/m/it/10 and\OT1/cmr/m/n/10 [001]\OML/cmm/m/it/10 directions; fromtwodifferen
tauthors:UsingthesetwodatapointstofitanArrheniusequationresultsinanactivationen
ergyofabout\OT1/cmr/m/n/10 2\OML/cmm/m/it/10 :\OT1/cmr/m/n/10 3\OML/cmm/m/it/10
 eV\OT1/cmr/m/n/10 [20]\OML/cmm/m/it/10 :However; basedononlythesetwodatavalues
fromtwodifferentauthors; itcannotbefullyconsideredasanaccuratevalue:Therefore; 
theactivationenergy\OT1/cmr/m/n/10 (1\OML/cmm/m/it/10 :\OT1/cmr/m/n/10 91\OML/c
mm/m/it/10 eV\OT1/cmr/m/n/10 )\OML/cmm/m/it/10 alongthe\OT1/cmr/m/n/10 [100]\OM
L/cmm/m/it/10 and\OT1/cmr/m/n/10 [001]\OML/cmm/m/it/10 directionsisobtainedusin
gthedataofaso \OMS/cmsy/m/n/10 ^^@
 []


Overfull \hbox (2442.03865pt too wide) in paragraph at lines 37--40
\OML/cmm/m/it/10 called\OT1/cmr/m/n/10 ?\OML/cmm/m/it/10 singlecrystalwithmosai
cstructure\OT1/cmr/m/n/10 ?[20]\OML/cmm/m/it/10 :Itshouldbesmallerthantheactual
valueduetothemosaicstructureofthesample:Additionally; therearethreeotheractivat
ionenergyvaluesreportedintheliterature\OT1/cmr/m/n/10 (1\OML/cmm/m/it/10 :\OT1/
cmr/m/n/10 99\OML/cmm/m/it/10 eV\OT1/cmr/m/n/10 [22\OML/cmm/m/it/10 ; \OT1/cmr/
m/n/10 23]\OML/cmm/m/it/10 ; \OT1/cmr/m/n/10 2\OML/cmm/m/it/10 :\OT1/cmr/m/n/10
 15\OML/cmm/m/it/10 eV\OT1/cmr/m/n/10 [24\OML/cmm/m/it/10 ; \OT1/cmr/m/n/10 25]
\OML/cmm/m/it/10 and\OT1/cmr/m/n/10 2\OML/cmm/m/it/10 :\OT1/cmr/m/n/10 21\OML/c
mm/m/it/10 eV\OT1/cmr/m/n/10 [26\OML/cmm/m/it/10 ; \OT1/cmr/m/n/10 27])\OML/cmm
/m/it/10 ; whichdonotspecifythedirection:Allofthesevaluesarewithintherange\OT1/
cmr/m/n/10 1\OML/cmm/m/it/10 :\OT1/cmr/m/n/10 91?2\OML/cmm/m/it/10 :\OT1/cmr/m/
n/10 91\OML/cmm/m/it/10 eV:Therein; only\OT1/cmr/m/n/10 1\OML/cmm/m/it/10 :\OT1
/cmr/m/n/10 99\OML/cmm/m/it/10 eVisreportedwiththeArrheniusdiagram\OT1/cmr/m/n/
10 [22\OML/cmm/m/it/10 ; \OT1/cmr/m/n/10 23]\OML/cmm/m/it/10 :Itislikelythatthe
sethreevaluesareforthe\OT1/cmr/m/n/10 [100]\OML/cmm/m/it/10 and\OT1/cmr/m/n/10 
[001]\OML/cmm/m/it/10 directions; duetothedifficultyofmeasurementforthe\OT1/cmr
/m/n/10 [010]\OML/cmm/m/it/10 direction\OT1/cmr/m/n/10 ; \OML/cmm/m/it/10 theor
iginalliteratureisnotaccessible:Wenotethattheactivationenergyinpolycrystalurani
um\OT1/cmr/m/n/10 (1\OML/cmm/m/it/10 :\OT1/cmr/m/n/10 74\OML/cmm/m/it/10 eV\OT1
/cmr/m/n/10 [20\OML/cmm/m/it/10 ; \OT1/cmr/m/n/10 28])\OML/cmm/m/it/10 tendstob
esmallerthaninsingle \OMS/cmsy/m/n/10 ^^@
 []


Overfull \hbox (126.80544pt too wide) in paragraph at lines 37--40
\OML/cmm/m/it/10 crystaluranium\OT1/cmr/m/n/10 (1\OML/cmm/m/it/10 :\OT1/cmr/m/n
/10 91?2\OML/cmm/m/it/10 :\OT1/cmr/m/n/10 91\OML/cmm/m/it/10 eV\OT1/cmr/m/n/10 
)\OML/cmm/m/it/10 :Ontheotherhand; diffusionofinterstitialviaaninterstitialmech
anismorinterstitialcymechanism\OT1/cmr/m/n/10 (\OML/cmm/m/it/10 kick \OMS/cmsy/
m/n/10 ^^@
 []


Overfull \hbox (1315.2011pt too wide) in paragraph at lines 37--40
\OML/cmm/m/it/10 outmechanism\OT1/cmr/m/n/10 )\OML/cmm/m/it/10 isproposedtobene
arlyisotropic; whichisseldominvestigatedintheliterature\OT1/cmr/m/n/10 [29]\OML
/cmm/m/it/10 :Noexperimentalresultsofinterstitialinpureuraniumisavailable:Insom
esimulationsreportedintheliterature; themigrationbarrierisassumedtobe\OT1/cmr/m
/n/10 0\OML/cmm/m/it/10 :\OT1/cmr/m/n/10 15\OML/cmm/m/it/10 eV\OT1/cmr/m/n/10 [
30]\OML/cmm/m/it/10 :Formationenergyofthevacancyinpure\OT1/cmr/m/n/10 ?\OML/cmm
/m/it/10 uraniumisdifficulttoobtainbyexperiment; andwascalculatedbyTaylor\OT1/c
mr/m/n/10 [9](1\OML/cmm/m/it/10 :\OT1/cmr/m/n/10 95\OML/cmm/m/it/10 eV\OT1/cmr/
m/n/10 )\OML/cmm/m/it/10 andBeeler\OT1/cmr/m/n/10 [17](1\OML/cmm/m/it/10 :\OT1/
cmr/m/n/10 86\OML/cmm/m/it/10 eV\OT1/cmr/m/n/10 )\OML/cmm/m/it/10 withfirst \OM
S/cmsy/m/n/10 ^^@
 []


Overfull \hbox (48.20744pt too wide) in paragraph at lines 37--40
\OML/cmm/m/it/10 principlesmethods:However; bothofthemsufferfromunexpectedprobl
ems; asdiscussedinsection\OT1/cmr/m/n/10 2\OML/cmm/m/it/10 :Basedonourfirst \OM
S/cmsy/m/n/10 ^^@
 []


Overfull \hbox (689.81549pt too wide) in paragraph at lines 37--40
\OML/cmm/m/it/10 principlescalculations; theformationenergyofthevacancyinpure\O
T1/cmr/m/n/10 ?\OML/cmm/m/it/10 uraniumis\OT1/cmr/m/n/10 1\OML/cmm/m/it/10 :\OT
1/cmr/m/n/10 69\OML/cmm/m/it/10 eV:Thediffusionofvacancyisalmostisotropicinthe\
OT1/cmr/m/n/10 [100]\OML/cmm/m/it/10 and\OT1/cmr/m/n/10 [001]\OML/cmm/m/it/10 d
irections; \OT1/cmr/m/n/10 0\OML/cmm/m/it/10 :\OT1/cmr/m/n/10 34\OML/cmm/m/it/1
0 eVand\OT1/cmr/m/n/10 0\OML/cmm/m/it/10 :\OT1/cmr/m/n/10 36\OML/cmm/m/it/10 eV
; respectively; and\OT1/cmr/m/n/10 1\OML/cmm/m/it/10 :\OT1/cmr/m/n/10 24\OML/cm
m/m/it/10 eVforthe\OT1/cmr/m/n/10 [010]\OML/cmm/m/it/10 direction:Thecorrespond
ingactivationenergyofself \OMS/cmsy/m/n/10 ^^@
 []


Overfull \hbox (2525.88951pt too wide) in paragraph at lines 37--40
\OML/cmm/m/it/10 diffusionisthus\OT1/cmr/m/n/10 2\OML/cmm/m/it/10 :\OT1/cmr/m/n
/10 03\OML/cmm/m/it/10 eValongthe\OT1/cmr/m/n/10 [100]\OML/cmm/m/it/10 directio
n; \OT1/cmr/m/n/10 2\OML/cmm/m/it/10 :\OT1/cmr/m/n/10 05\OML/cmm/m/it/10 eValon
gthe\OT1/cmr/m/n/10 [001]\OML/cmm/m/it/10 directionand\OT1/cmr/m/n/10 2\OML/cmm
/m/it/10 :\OT1/cmr/m/n/10 93\OML/cmm/m/it/10 eValongthe\OT1/cmr/m/n/10 [010]\OM
L/cmm/m/it/10 direction:Comparedwiththeexperimentalresults; theactivationenergy
alongthe\OT1/cmr/m/n/10 [100]\OML/cmm/m/it/10 and\OT1/cmr/m/n/10 [001]\OML/cmm/
m/it/10 directions\OT1/cmr/m/n/10 (2\OML/cmm/m/it/10 :\OT1/cmr/m/n/10 03\OML/cm
m/m/it/10 and\OT1/cmr/m/n/10 2\OML/cmm/m/it/10 :\OT1/cmr/m/n/10 05\OML/cmm/m/it
/10 eV\OT1/cmr/m/n/10 )\OML/cmm/m/it/10 isabout\OT1/cmr/m/n/10 0\OML/cmm/m/it/1
0 :\OT1/cmr/m/n/10 1\OML/cmm/m/it/10 eVlargerthantheexperimentalresults\OT1/cmr
/m/n/10 (1\OML/cmm/m/it/10 :\OT1/cmr/m/n/10 91\OML/cmm/m/it/10 eV\OT1/cmr/m/n/1
0 )\OML/cmm/m/it/10 ; andtheactivationenergyalongthe\OT1/cmr/m/n/10 [010]\OML/c
mm/m/it/10 direction\OT1/cmr/m/n/10 (2\OML/cmm/m/it/10 :\OT1/cmr/m/n/10 93\OML/
cmm/m/it/10 eV\OT1/cmr/m/n/10 )\OML/cmm/m/it/10 agreesverywellwithexperimentalr
esults\OT1/cmr/m/n/10 (2\OML/cmm/m/it/10 :\OT1/cmr/m/n/10 91\OML/cmm/m/it/10 eV
\OT1/cmr/m/n/10 )\OML/cmm/m/it/10 :Giventhat\OT1/cmr/m/n/10 1\OML/cmm/m/it/10 :
\OT1/cmr/m/n/10 91\OML/cmm/m/it/10 eVisactuallyforasinglecrystalwithmosaicstruc
ture; andtheresultsof\OT1/cmr/m/n/10 ?\OML/cmm/m/it/10 perfect\OT1/cmr/m/n/10 ?
\OML/cmm/m/it/10 singlecrystalstendtohavelargeractivationandsmallerdiffusioncoe
fficient; thedeviationcanbeunderstood:Ofcourse; moreexperimentaldataareneededto
fullyresolvetheinconsistencyandvalidatethefirst \OMS/cmsy/m/n/10 ^^@
 []


Overfull \hbox (1701.4859pt too wide) in paragraph at lines 37--40
\OML/cmm/m/it/10 principlescalculationresults:At\OT1/cmr/m/n/10 612?\OML/cmm/m/
it/10 C; theequilibriumconcentrationofZrin\OT1/cmr/m/n/10 ?\OML/cmm/m/it/10 Uis
about\OT1/cmr/m/n/10 0\OML/cmm/m/it/10 :\OT1/cmr/m/n/10 5$%$\OML/cmm/m/it/10 ac
cordingtothephasediagram\OT1/cmr/m/n/10 [31]\OML/cmm/m/it/10 :ThepresenceofZrwo
uldinfluencetheformationenergyandmigrationbarrierofintrinsicpointdefectssignifi
cantly:However; todate; verylittleinformationisavailableintheliterature:Inorder
toinvestigatetheinfluenceofZr; wefocusonthebindingenergybetweenthevacancyandZr;
 thedissociationbarrierofthevacancyfromZr; andtherotationbarrierofthevacancyaro
undZr:$
 []

[2]

Package hyperref Warning: Token not allowed in a PDF string (PDFDocEncoding):
(hyperref)                removing `math shift' on input line 48.


Package hyperref Warning: Token not allowed in a PDF string (PDFDocEncoding):
(hyperref)                removing `\alpha' on input line 48.


Package hyperref Warning: Token not allowed in a PDF string (PDFDocEncoding):
(hyperref)                removing `math shift' on input line 48.


LaTeX Warning: `!h' float specifier changed to `!ht'.


LaTeX Warning: `!h' float specifier changed to `!ht'.


Package hyperref Warning: Token not allowed in a PDF string (PDFDocEncoding):
(hyperref)                removing `math shift' on input line 108.


Package hyperref Warning: Token not allowed in a PDF string (PDFDocEncoding):
(hyperref)                removing `\alpha' on input line 108.


Package hyperref Warning: Token not allowed in a PDF string (PDFDocEncoding):
(hyperref)                removing `math shift' on input line 108.


LaTeX Warning: `!h' float specifier changed to `!ht'.


LaTeX Warning: `!h' float specifier changed to `!ht'.


LaTeX Warning: `!h' float specifier changed to `!ht'.


LaTeX Warning: `!h' float specifier changed to `!ht'.


Package hyperref Warning: Token not allowed in a PDF string (PDFDocEncoding):
(hyperref)                removing `math shift' on input line 189.


Package hyperref Warning: Token not allowed in a PDF string (PDFDocEncoding):
(hyperref)                removing `\alpha' on input line 189.


Package hyperref Warning: Token not allowed in a PDF string (PDFDocEncoding):
(hyperref)                removing `math shift' on input line 189.

[3]

LaTeX Warning: Text page 4 contains only floats.

[4] (./uzr_nd.bbl [5] [6])
Package atveryend Info: Empty hook `BeforeClearDocument' on input line 205.
 [7]
Package atveryend Info: Empty hook `AfterLastShipout' on input line 205.
 (./uzr_nd.aux)
Package atveryend Info: Executing hook `AtVeryEndDocument' on input line 205.
Package atveryend Info: Executing hook `AtEndAfterFileList' on input line 205.
Package rerunfilecheck Info: File `uzr_nd.out' has not changed.
(rerunfilecheck)             Checksum: 26972B86C46F85B8206D90E571023631;594.


LaTeX Warning: There were undefined references.


LaTeX Warning: There were multiply-defined labels.

Package atveryend Info: Empty hook `AtVeryVeryEnd' on input line 205.
 ) 
Here is how much of TeX's memory you used:
 6454 strings out of 492616
 93841 string characters out of 6129482
 215809 words of memory out of 5000000
 10276 multiletter control sequences out of 15000+600000
 8897 words of font info for 31 fonts, out of 8000000 for 9000
 1141 hyphenation exceptions out of 8191
 32i,9n,32p,7176b,520s stack positions out of 5000i,500n,10000p,200000b,80000s
</usr/local/texlive/2019/texmf-dist/fonts/type1/public/amsfonts/cm/cmbx10.pfb
></usr/local/texlive/2019/texmf-dist/fonts/type1/public/amsfonts/cm/cmmi10.pfb>
</usr/local/texlive/2019/texmf-dist/fonts/type1/public/amsfonts/cm/cmmi12.pfb><
/usr/local/texlive/2019/texmf-dist/fonts/type1/public/amsfonts/cm/cmmi7.pfb></u
sr/local/texlive/2019/texmf-dist/fonts/type1/public/amsfonts/cm/cmr10.pfb></usr
/local/texlive/2019/texmf-dist/fonts/type1/public/amsfonts/cm/cmr12.pfb></usr/l
ocal/texlive/2019/texmf-dist/fonts/type1/public/amsfonts/cm/cmr7.pfb></usr/loca
l/texlive/2019/texmf-dist/fonts/type1/public/amsfonts/cm/cmr8.pfb></usr/local/t
exlive/2019/texmf-dist/fonts/type1/public/amsfonts/cm/cmss8.pfb></usr/local/tex
live/2019/texmf-dist/fonts/type1/public/amsfonts/cm/cmsy10.pfb></usr/local/texl
ive/2019/texmf-dist/fonts/type1/public/amsfonts/cm/cmsy6.pfb></usr/local/texliv
e/2019/texmf-dist/fonts/type1/public/amsfonts/cm/cmsy7.pfb></usr/local/texlive/
2019/texmf-dist/fonts/type1/public/amsfonts/cm/cmti10.pfb></usr/local/texlive/2
019/texmf-dist/fonts/type1/public/amsfonts/cm/cmti7.pfb></usr/local/texlive/201
9/texmf-dist/fonts/type1/public/amsfonts/cm/cmti8.pfb></usr/local/texlive/2019/
texmf-dist/fonts/type1/public/amsfonts/cm/cmtt8.pfb>
Output written on uzr_nd.pdf (7 pages, 204111 bytes).
PDF statistics:
 226 PDF objects out of 1000 (max. 8388607)
 199 compressed objects within 2 object streams
 57 named destinations out of 1000 (max. 500000)
 65 words of extra memory for PDF output out of 10000 (max. 10000000)

