This is pdfTeX, Version 3.14159265-2.6-1.40.16 (TeX Live 2015) (preloaded format=pdflatex 2015.5.24)  28 JUL 2017 16:13
entering extended mode
 restricted \write18 enabled.
 file:line:error style messages enabled.
 %&-line parsing enabled.
**interatomic_potentialREV3.tex
(./interatomic_potentialREV3.tex
LaTeX2e <2015/01/01>
Babel <3.9l> and hyphenation patterns for 79 languages loaded.
(/usr/local/texlive/2015/texmf-dist/tex/latex/elsarticle/elsarticle.cls
Document Class: elsarticle 2009/09/17, 1.2.0: Elsevier Ltd
\@bls=\dimen102
(/usr/local/texlive/2015/texmf-dist/tex/latex/base/article.cls
Document Class: article 2014/09/29 v1.4h Standard LaTeX document class
(/usr/local/texlive/2015/texmf-dist/tex/latex/base/size10.clo
File: size10.clo 2014/09/29 v1.4h Standard LaTeX file (size option)
)
\c@part=\count79
\c@section=\count80
\c@subsection=\count81
\c@subsubsection=\count82
\c@paragraph=\count83
\c@subparagraph=\count84
\c@figure=\count85
\c@table=\count86
\abovecaptionskip=\skip41
\belowcaptionskip=\skip42
\bibindent=\dimen103
)
(/usr/local/texlive/2015/texmf-dist/tex/latex/graphics/graphicx.sty
Package: graphicx 2014/10/28 v1.0g Enhanced LaTeX Graphics (DPC,SPQR)

(/usr/local/texlive/2015/texmf-dist/tex/latex/graphics/keyval.sty
Package: keyval 2014/10/28 v1.15 key=value parser (DPC)
\KV@toks@=\toks14
)
(/usr/local/texlive/2015/texmf-dist/tex/latex/graphics/graphics.sty
Package: graphics 2014/10/28 v1.0p Standard LaTeX Graphics (DPC,SPQR)

(/usr/local/texlive/2015/texmf-dist/tex/latex/graphics/trig.sty
Package: trig 1999/03/16 v1.09 sin cos tan (DPC)
)
(/usr/local/texlive/2015/texmf-dist/tex/latex/latexconfig/graphics.cfg
File: graphics.cfg 2010/04/23 v1.9 graphics configuration of TeX Live
)
Package graphics Info: Driver file: pdftex.def on input line 94.

(/usr/local/texlive/2015/texmf-dist/tex/latex/pdftex-def/pdftex.def
File: pdftex.def 2011/05/27 v0.06d Graphics/color for pdfTeX

(/usr/local/texlive/2015/texmf-dist/tex/generic/oberdiek/infwarerr.sty
Package: infwarerr 2010/04/08 v1.3 Providing info/warning/error messages (HO)
)
(/usr/local/texlive/2015/texmf-dist/tex/generic/oberdiek/ltxcmds.sty
Package: ltxcmds 2011/11/09 v1.22 LaTeX kernel commands for general use (HO)
)
\Gread@gobject=\count87
))
\Gin@req@height=\dimen104
\Gin@req@width=\dimen105
)
(/usr/local/texlive/2015/texmf-dist/tex/latex/psnfss/pifont.sty
Package: pifont 2005/04/12 PSNFSS-v9.2a Pi font support (SPQR) 
LaTeX Font Info:    Try loading font information for U+pzd on input line 63.

(/usr/local/texlive/2015/texmf-dist/tex/latex/psnfss/upzd.fd
File: upzd.fd 2001/06/04 font definitions for U/pzd.
)
LaTeX Font Info:    Try loading font information for U+psy on input line 64.

(/usr/local/texlive/2015/texmf-dist/tex/latex/psnfss/upsy.fd
File: upsy.fd 2001/06/04 font definitions for U/psy.
))
\c@tnote=\count88
\c@fnote=\count89
\c@cnote=\count90
\c@ead=\count91
\c@author=\count92
\@eadauthor=\toks15
\c@affn=\count93
\absbox=\box26
\keybox=\box27
\Columnwidth=\dimen106
\space@left=\dimen107
\els@boxa=\box28
\els@boxb=\box29
\leftMargin=\dimen108
\@enLab=\toks16
\@sep=\skip43
\@@sep=\skip44

(/usr/local/texlive/2015/texmf-dist/tex/latex/natbib/natbib.sty
Package: natbib 2010/09/13 8.31b (PWD, AO)
\bibhang=\skip45
\bibsep=\skip46
LaTeX Info: Redefining \cite on input line 694.
\c@NAT@ctr=\count94
)
\splwrite=\write3
\openout3 = `interatomic_potentialREV3.spl'.

)
(/usr/local/texlive/2015/texmf-dist/tex/latex/hyperref/hyperref.sty
Package: hyperref 2012/11/06 v6.83m Hypertext links for LaTeX

(/usr/local/texlive/2015/texmf-dist/tex/generic/oberdiek/hobsub-hyperref.sty
Package: hobsub-hyperref 2012/05/28 v1.13 Bundle oberdiek, subset hyperref (HO)


(/usr/local/texlive/2015/texmf-dist/tex/generic/oberdiek/hobsub-generic.sty
Package: hobsub-generic 2012/05/28 v1.13 Bundle oberdiek, subset generic (HO)
Package: hobsub 2012/05/28 v1.13 Construct package bundles (HO)
Package hobsub Info: Skipping package `infwarerr' (already loaded).
Package hobsub Info: Skipping package `ltxcmds' (already loaded).
Package: ifluatex 2010/03/01 v1.3 Provides the ifluatex switch (HO)
Package ifluatex Info: LuaTeX not detected.
Package: ifvtex 2010/03/01 v1.5 Detect VTeX and its facilities (HO)
Package ifvtex Info: VTeX not detected.
Package: intcalc 2007/09/27 v1.1 Expandable calculations with integers (HO)
Package: ifpdf 2011/01/30 v2.3 Provides the ifpdf switch (HO)
Package ifpdf Info: pdfTeX in PDF mode is detected.
Package: etexcmds 2011/02/16 v1.5 Avoid name clashes with e-TeX commands (HO)
Package etexcmds Info: Could not find \expanded.
(etexcmds)             That can mean that you are not using pdfTeX 1.50 or
(etexcmds)             that some package has redefined \expanded.
(etexcmds)             In the latter case, load this package earlier.
Package: kvsetkeys 2012/04/25 v1.16 Key value parser (HO)
Package: kvdefinekeys 2011/04/07 v1.3 Define keys (HO)
Package: pdftexcmds 2011/11/29 v0.20 Utility functions of pdfTeX for LuaTeX (HO
)
Package pdftexcmds Info: LuaTeX not detected.
Package pdftexcmds Info: \pdf@primitive is available.
Package pdftexcmds Info: \pdf@ifprimitive is available.
Package pdftexcmds Info: \pdfdraftmode found.
Package: pdfescape 2011/11/25 v1.13 Implements pdfTeX's escape features (HO)
Package: bigintcalc 2012/04/08 v1.3 Expandable calculations on big integers (HO
)
Package: bitset 2011/01/30 v1.1 Handle bit-vector datatype (HO)
Package: uniquecounter 2011/01/30 v1.2 Provide unlimited unique counter (HO)
)
Package hobsub Info: Skipping package `hobsub' (already loaded).
Package: letltxmacro 2010/09/02 v1.4 Let assignment for LaTeX macros (HO)
Package: hopatch 2012/05/28 v1.2 Wrapper for package hooks (HO)
Package: xcolor-patch 2011/01/30 xcolor patch
Package: atveryend 2011/06/30 v1.8 Hooks at the very end of document (HO)
Package atveryend Info: \enddocument detected (standard20110627).
Package: atbegshi 2011/10/05 v1.16 At begin shipout hook (HO)
Package: refcount 2011/10/16 v3.4 Data extraction from label references (HO)
Package: hycolor 2011/01/30 v1.7 Color options for hyperref/bookmark (HO)
)
(/usr/local/texlive/2015/texmf-dist/tex/generic/ifxetex/ifxetex.sty
Package: ifxetex 2010/09/12 v0.6 Provides ifxetex conditional
)
(/usr/local/texlive/2015/texmf-dist/tex/latex/oberdiek/auxhook.sty
Package: auxhook 2011/03/04 v1.3 Hooks for auxiliary files (HO)
)
(/usr/local/texlive/2015/texmf-dist/tex/latex/oberdiek/kvoptions.sty
Package: kvoptions 2011/06/30 v3.11 Key value format for package options (HO)
)
\@linkdim=\dimen109
\Hy@linkcounter=\count95
\Hy@pagecounter=\count96

(/usr/local/texlive/2015/texmf-dist/tex/latex/hyperref/pd1enc.def
File: pd1enc.def 2012/11/06 v6.83m Hyperref: PDFDocEncoding definition (HO)
)
\Hy@SavedSpaceFactor=\count97

(/usr/local/texlive/2015/texmf-dist/tex/latex/latexconfig/hyperref.cfg
File: hyperref.cfg 2002/06/06 v1.2 hyperref configuration of TeXLive
)
Package hyperref Info: Hyper figures OFF on input line 4443.
Package hyperref Info: Link nesting OFF on input line 4448.
Package hyperref Info: Hyper index ON on input line 4451.
Package hyperref Info: Plain pages OFF on input line 4458.
Package hyperref Info: Backreferencing OFF on input line 4463.
Package hyperref Info: Implicit mode ON; LaTeX internals redefined.
Package hyperref Info: Bookmarks ON on input line 4688.
\c@Hy@tempcnt=\count98

(/usr/local/texlive/2015/texmf-dist/tex/latex/url/url.sty
\Urlmuskip=\muskip10
Package: url 2013/09/16  ver 3.4  Verb mode for urls, etc.
)
LaTeX Info: Redefining \url on input line 5041.
\XeTeXLinkMargin=\dimen110
\Fld@menulength=\count99
\Field@Width=\dimen111
\Fld@charsize=\dimen112
Package hyperref Info: Hyper figures OFF on input line 6295.
Package hyperref Info: Link nesting OFF on input line 6300.
Package hyperref Info: Hyper index ON on input line 6303.
Package hyperref Info: backreferencing OFF on input line 6310.
Package hyperref Info: Link coloring OFF on input line 6315.
Package hyperref Info: Link coloring with OCG OFF on input line 6320.
Package hyperref Info: PDF/A mode OFF on input line 6325.
LaTeX Info: Redefining \ref on input line 6365.
LaTeX Info: Redefining \pageref on input line 6369.
\Hy@abspage=\count100
\c@Item=\count101
\c@Hfootnote=\count102
)

Package hyperref Message: Driver (autodetected): hpdftex.

(/usr/local/texlive/2015/texmf-dist/tex/latex/hyperref/hpdftex.def
File: hpdftex.def 2012/11/06 v6.83m Hyperref driver for pdfTeX
\Fld@listcount=\count103
\c@bookmark@seq@number=\count104

(/usr/local/texlive/2015/texmf-dist/tex/latex/oberdiek/rerunfilecheck.sty
Package: rerunfilecheck 2011/04/15 v1.7 Rerun checks for auxiliary files (HO)
Package uniquecounter Info: New unique counter `rerunfilecheck' on input line 2
82.
)
\Hy@SectionHShift=\skip47
)
(/usr/local/texlive/2015/texmf-dist/tex/latex/geometry/geometry.sty
Package: geometry 2010/09/12 v5.6 Page Geometry
\Gm@cnth=\count105
\Gm@cntv=\count106
\c@Gm@tempcnt=\count107
\Gm@bindingoffset=\dimen113
\Gm@wd@mp=\dimen114
\Gm@odd@mp=\dimen115
\Gm@even@mp=\dimen116
\Gm@layoutwidth=\dimen117
\Gm@layoutheight=\dimen118
\Gm@layouthoffset=\dimen119
\Gm@layoutvoffset=\dimen120
\Gm@dimlist=\toks17
)
(/usr/local/texlive/2015/texmf-dist/tex/latex/amsmath/amsmath.sty
Package: amsmath 2013/01/14 v2.14 AMS math features
\@mathmargin=\skip48

For additional information on amsmath, use the `?' option.
(/usr/local/texlive/2015/texmf-dist/tex/latex/amsmath/amstext.sty
Package: amstext 2000/06/29 v2.01

(/usr/local/texlive/2015/texmf-dist/tex/latex/amsmath/amsgen.sty
File: amsgen.sty 1999/11/30 v2.0
\@emptytoks=\toks18
\ex@=\dimen121
))
(/usr/local/texlive/2015/texmf-dist/tex/latex/amsmath/amsbsy.sty
Package: amsbsy 1999/11/29 v1.2d
\pmbraise@=\dimen122
)
(/usr/local/texlive/2015/texmf-dist/tex/latex/amsmath/amsopn.sty
Package: amsopn 1999/12/14 v2.01 operator names
)
\inf@bad=\count108
LaTeX Info: Redefining \frac on input line 210.
\uproot@=\count109
\leftroot@=\count110
LaTeX Info: Redefining \overline on input line 306.
\classnum@=\count111
\DOTSCASE@=\count112
LaTeX Info: Redefining \ldots on input line 378.
LaTeX Info: Redefining \dots on input line 381.
LaTeX Info: Redefining \cdots on input line 466.
\Mathstrutbox@=\box30
\strutbox@=\box31
\big@size=\dimen123
LaTeX Font Info:    Redeclaring font encoding OML on input line 566.
LaTeX Font Info:    Redeclaring font encoding OMS on input line 567.
\macc@depth=\count113
\c@MaxMatrixCols=\count114
\dotsspace@=\muskip11
\c@parentequation=\count115
\dspbrk@lvl=\count116
\tag@help=\toks19
\row@=\count117
\column@=\count118
\maxfields@=\count119
\andhelp@=\toks20
\eqnshift@=\dimen124
\alignsep@=\dimen125
\tagshift@=\dimen126
\tagwidth@=\dimen127
\totwidth@=\dimen128
\lineht@=\dimen129
\@envbody=\toks21
\multlinegap=\skip49
\multlinetaggap=\skip50
\mathdisplay@stack=\toks22
LaTeX Info: Redefining \[ on input line 2665.
LaTeX Info: Redefining \] on input line 2666.
)
(/usr/local/texlive/2015/texmf-dist/tex/latex/placeins/placeins.sty
Package: placeins 2005/04/18  v 2.2
)
(/usr/local/texlive/2015/texmf-dist/tex/latex/comment/comment.sty
\CommentStream=\write4

Excluding comment 'comment')
(/usr/local/texlive/2015/texmf-dist/tex/latex/fancyref/fancyref.sty
Package: fancyref 1999/02/03 v0.9c Fancy cross-referencing

(/usr/local/texlive/2015/texmf-dist/tex/latex/tools/varioref.sty
Package: varioref 2014/10/28 v1.5a package for extended references (FMi)
\c@vrcnt=\count120
))
No file interatomic_potentialREV3.aux.
\openout1 = `interatomic_potentialREV3.aux'.

LaTeX Font Info:    Checking defaults for OML/cmm/m/it on input line 16.
LaTeX Font Info:    ... okay on input line 16.
LaTeX Font Info:    Checking defaults for T1/cmr/m/n on input line 16.
LaTeX Font Info:    ... okay on input line 16.
LaTeX Font Info:    Checking defaults for OT1/cmr/m/n on input line 16.
LaTeX Font Info:    ... okay on input line 16.
LaTeX Font Info:    Checking defaults for OMS/cmsy/m/n on input line 16.
LaTeX Font Info:    ... okay on input line 16.
LaTeX Font Info:    Checking defaults for OMX/cmex/m/n on input line 16.
LaTeX Font Info:    ... okay on input line 16.
LaTeX Font Info:    Checking defaults for U/cmr/m/n on input line 16.
LaTeX Font Info:    ... okay on input line 16.
LaTeX Font Info:    Checking defaults for PD1/pdf/m/n on input line 16.
LaTeX Font Info:    ... okay on input line 16.
(/usr/local/texlive/2015/texmf-dist/tex/context/base/supp-pdf.mkii
[Loading MPS to PDF converter (version 2006.09.02).]
\scratchcounter=\count121
\scratchdimen=\dimen130
\scratchbox=\box32
\nofMPsegments=\count122
\nofMParguments=\count123
\everyMPshowfont=\toks23
\MPscratchCnt=\count124
\MPscratchDim=\dimen131
\MPnumerator=\count125
\makeMPintoPDFobject=\count126
\everyMPtoPDFconversion=\toks24
) (/usr/local/texlive/2015/texmf-dist/tex/latex/oberdiek/epstopdf-base.sty
Package: epstopdf-base 2010/02/09 v2.5 Base part for package epstopdf

(/usr/local/texlive/2015/texmf-dist/tex/latex/oberdiek/grfext.sty
Package: grfext 2010/08/19 v1.1 Manage graphics extensions (HO)
)
Package grfext Info: Graphics extension search list:
(grfext)             [.png,.pdf,.jpg,.mps,.jpeg,.jbig2,.jb2,.PNG,.PDF,.JPG,.JPE
G,.JBIG2,.JB2,.eps]
(grfext)             \AppendGraphicsExtensions on input line 452.

(/usr/local/texlive/2015/texmf-dist/tex/latex/latexconfig/epstopdf-sys.cfg
File: epstopdf-sys.cfg 2010/07/13 v1.3 Configuration of (r)epstopdf for TeX Liv
e
))
\AtBeginShipoutBox=\box33
Package hyperref Info: Link coloring OFF on input line 16.

(/usr/local/texlive/2015/texmf-dist/tex/latex/hyperref/nameref.sty
Package: nameref 2012/10/27 v2.43 Cross-referencing by name of section

(/usr/local/texlive/2015/texmf-dist/tex/generic/oberdiek/gettitlestring.sty
Package: gettitlestring 2010/12/03 v1.4 Cleanup title references (HO)
)
\c@section@level=\count127
LaTeX Info: Redefining \Ref on input line 513.
)
LaTeX Info: Redefining \ref on input line 16.
LaTeX Info: Redefining \pageref on input line 16.
LaTeX Info: Redefining \nameref on input line 16.
\@outlinefile=\write5
\openout5 = `interatomic_potentialREV3.out'.

LaTeX Info: Redefining \Ref on input line 16.

*geometry* driver: auto-detecting
*geometry* detected driver: pdftex
*geometry* verbose mode - [ preamble ] result:
* driver: pdftex
* paper: <default>
* layout: <same size as paper>
* layoutoffset:(h,v)=(0.0pt,0.0pt)
* modes: 
* h-part:(L,W,R)=(72.26999pt, 469.75502pt, 72.26999pt)
* v-part:(T,H,B)=(72.26999pt, 650.43001pt, 72.26999pt)
* \paperwidth=614.295pt
* \paperheight=794.96999pt
* \textwidth=469.75502pt
* \textheight=650.43001pt
* \oddsidemargin=0.0pt
* \evensidemargin=0.0pt
* \topmargin=-37.0pt
* \headheight=12.0pt
* \headsep=25.0pt
* \topskip=10.0pt
* \footskip=30.0pt
* \marginparwidth=65.0pt
* \marginparsep=11.0pt
* \columnsep=10.0pt
* \skip\footins=24.0pt
* \hoffset=0.0pt
* \voffset=0.0pt
* \mag=1000
* \@twocolumnfalse
* \@twosidefalse
* \@mparswitchfalse
* \@reversemarginfalse
* (1in=72.27pt=25.4mm, 1cm=28.453pt)


Package natbib Warning: Citation `zinkle2016' on page 1 undefined on input line
 42.


Package natbib Warning: Citation `zinkle2014' on page 1 undefined on input line
 42.


Package natbib Warning: Citation `zachariasen1949' on page 1 undefined on input
 line 44.


Package natbib Warning: Citation `remschnig1992' on page 1 undefined on input l
ine 44.


Package natbib Warning: Citation `massalski1990' on page 1 undefined on input l
ine 44.


Package natbib Warning: Citation `white2015' on page 1 undefined on input line 
44.


Package natbib Warning: Citation `shimizu1965' on page 1 undefined on input lin
e 44.


Package natbib Warning: Citation `yagoubi2013' on page 1 undefined on input lin
e 44.


Package natbib Warning: Citation `gross1962' on page 1 undefined on input line 
44.


Package natbib Warning: Citation `ohare1975' on page 1 undefined on input line 
44.


Package natbib Warning: Citation `alcock1962' on page 1 undefined on input line
 44.


Package natbib Warning: Citation `rand1963' on page 1 undefined on input line 4
4.


Package natbib Warning: Citation `berche2009' on page 1 undefined on input line
 44.


Package natbib Warning: Citation `shimizu1965' on page 1 undefined on input lin
e 44.


Package natbib Warning: Citation `finlay2002' on page 1 undefined on input line
 44.

[1


{/usr/local/texlive/2015/texmf-var/fonts/map/pdftex/updmap/pdftex.map}]

Package natbib Warning: Citation `noordhoek2016' on page 2 undefined on input l
ine 46.


Package natbib Warning: Citation `beeler_meam' on page 2 undefined on input lin
e 48.


Package natbib Warning: Citation `beelerASTM' on page 2 undefined on input line
 48.


Package natbib Warning: Citation `fernandez2014' on page 2 undefined on input l
ine 48.


Package natbib Warning: Citation `li2011' on page 2 undefined on input line 48.



Package natbib Warning: Citation `smirnova2012' on page 2 undefined on input li
ne 48.


Package natbib Warning: Citation `li2012' on page 2 undefined on input line 48.



Package natbib Warning: Citation `moore2015' on page 2 undefined on input line 
48.


Package natbib Warning: Citation `pascuet2012' on page 2 undefined on input lin
e 48.


Package natbib Warning: Citation `smirnovaUMo' on page 2 undefined on input lin
e 48.


Package natbib Warning: Citation `beeler_meam' on page 2 undefined on input lin
e 48.


Package natbib Warning: Citation `moore2015' on page 2 undefined on input line 
48.


Package natbib Warning: Citation `beelerASTM' on page 2 undefined on input line
 48.

[2]

Package natbib Warning: Citation `daw1984' on page 3 undefined on input line 54
.


Package natbib Warning: Citation `daw1993' on page 3 undefined on input line 54
.


Package natbib Warning: Citation `daw1983' on page 3 undefined on input line 54
.


Package natbib Warning: Citation `olsson2009' on page 3 undefined on input line
 54.


Package natbib Warning: Citation `belaschenko2011' on page 3 undefined on input
 line 54.


Package natbib Warning: Citation `liu1999' on page 3 undefined on input line 54
.


Package natbib Warning: Citation `chassange2011' on page 3 undefined on input l
ine 54.


Package natbib Warning: Citation `li2009MatChem' on page 3 undefined on input l
ine 54.


Package natbib Warning: Citation `vatne2011' on page 3 undefined on input line 
54.


Package natbib Warning: Citation `rose1984' on page 3 undefined on input line 5
4.


LaTeX Warning: Reference `eq:eqn1' on page 3 undefined on input line 55.


Package natbib Warning: Citation `daw1983' on page 3 undefined on input line 63
.


Package natbib Warning: Citation `daw1984' on page 3 undefined on input line 63
.


Package natbib Warning: Citation `baskes1992' on page 3 undefined on input line
 63.


LaTeX Warning: Reference `eq:eqn2' on page 3 undefined on input line 70.


Package natbib Warning: Citation `baskes2000' on page 3 undefined on input line
 70.


Package natbib Warning: Citation `rose1984' on page 3 undefined on input line 7
0.


LaTeX Warning: Reference `eq:eqn3' on page 3 undefined on input line 70.


LaTeX Warning: Reference `eq:eqn7' on page 3 undefined on input line 98.

[3]

LaTeX Warning: Reference `eq:eqn9' on page 4 undefined on input line 112.


LaTeX Warning: Reference `eq:eqn11' on page 4 undefined on input line 112.


Package natbib Warning: Citation `baskes2000' on page 4 undefined on input line
 112.


Package natbib Warning: Citation `baskes1987' on page 4 undefined on input line
 112.


LaTeX Warning: Reference `eq:eqn9' on page 4 undefined on input line 129.


LaTeX Warning: Reference `eq:eqn10' on page 4 undefined on input line 129.


LaTeX Warning: Reference `eq:eqn11' on page 4 undefined on input line 129.


Package natbib Warning: Citation `baskes1989' on page 4 undefined on input line
 129.


Package natbib Warning: Citation `valone2006' on page 4 undefined on input line
 143.

[4]

Package natbib Warning: Citation `baskes2000' on page 5 undefined on input line
 170.


Package natbib Warning: Citation `baskes1997' on page 5 undefined on input line
 170.


Package natbib Warning: Citation `baskes2014' on page 5 undefined on input line
 170.


Package natbib Warning: Citation `moore2015' on page 5 undefined on input line 
173.


Package natbib Warning: Citation `baskes1992' on page 5 undefined on input line
 173.


Package natbib Warning: Citation `huber1979' on page 5 undefined on input line 
175.


LaTeX Warning: `h' float specifier changed to `ht'.


LaTeX Warning: `h' float specifier changed to `ht'.


Package natbib Warning: Citation `plimpton1995' on page 5 undefined on input li
ne 242.


Package natbib Warning: Citation `zachariasen1949' on page 5 undefined on input
 line 242.

[5] [6]

LaTeX Warning: Reference `tab:ben2' on page 7 undefined on input line 246.


LaTeX Warning: Reference `tab:ben3' on page 7 undefined on input line 246.

[7]

LaTeX Warning: `h' float specifier changed to `ht'.


LaTeX Warning: Reference `tab:ben4' on page 8 undefined on input line 310.


Package natbib Warning: Citation `plimpton1995' on page 8 undefined on input li
ne 313.


LaTeX Warning: `!h' float specifier changed to `!ht'.

[8] [9]

LaTeX Warning: Reference `tab:ben5' on page 10 undefined on input line 335.


Package natbib Warning: Citation `zachariasen1949' on page 10 undefined on inpu
t line 335.


Package natbib Warning: Citation `berche2009' on page 10 undefined on input lin
e 335.


Package natbib Warning: Citation `noordhoek2016' on page 10 undefined on input 
line 335.


Package natbib Warning: Citation `noordhoek2016' on page 10 undefined on input 
line 335.


LaTeX Warning: Reference `eq:gxy' on page 10 undefined on input line 335.


LaTeX Warning: Reference `eq:gxz' on page 10 undefined on input line 335.


LaTeX Warning: Reference `eq:bulk' on page 10 undefined on input line 335.


Package natbib Warning: Citation `cohen85' on page 10 undefined on input line 3
35.


Package natbib Warning: Citation `birch47' on page 10 undefined on input line 3
35.


Package natbib Warning: Citation `zachariasen1949' on page 10 undefined on inpu
t line 353.


Package natbib Warning: Citation `berche2009' on page 10 undefined on input lin
e 353.


Package natbib Warning: Citation `noordhoek2016' on page 10 undefined on input 
line 353.


Package natbib Warning: Citation `zachariasen1949' on page 10 undefined on inpu
t line 353.


Package natbib Warning: Citation `berche2009' on page 10 undefined on input lin
e 353.


Package natbib Warning: Citation `noordhoek2016' on page 10 undefined on input 
line 353.


LaTeX Warning: `!h' float specifier changed to `!ht'.


LaTeX Warning: Reference `fig:ben1' on page 10 undefined on input line 379.


Package natbib Warning: Citation `zachariasen1949' on page 10 undefined on inpu
t line 379.


LaTeX Warning: Reference `fig:benrdf' on page 10 undefined on input line 379.


LaTeX Warning: Reference `fig:benrdf' on page 10 undefined on input line 379.

<ben1NEW.png, id=90, 675.0018pt x 291.0072pt>
File: ben1NEW.png Graphic file (type png)
 <use ben1NEW.png>
Package pdftex.def Info: ben1NEW.png used on input line 383.
(pdftex.def)             Requested size: 375.80544pt x 162.0171pt.

<rdfKK1.png, id=92, 506.3718pt x 361.8318pt>
File: rdfKK1.png Graphic file (type png)
 <use rdfKK1.png>
Package pdftex.def Info: rdfKK1.png used on input line 389.
(pdftex.def)             Requested size: 375.80544pt x 268.54637pt.
 [10

] [11 <./ben1NEW.png>] [12 <./rdfKK1.png>]

Package natbib Warning: Citation `middleburgh2016' on page 13 undefined on inpu
t line 395.


LaTeX Warning: Reference `tab:ben6' on page 13 undefined on input line 395.


Package natbib Warning: Citation `middleburgh2016' on page 13 undefined on inpu
t line 395.


LaTeX Warning: Reference `tab:ben6' on page 13 undefined on input line 395.


Package natbib Warning: Citation `remschnig1992' on page 13 undefined on input 
line 395.


Package natbib Warning: Citation `middleburgh2016' on page 13 undefined on inpu
t line 398.


Package natbib Warning: Citation `middleburgh2016' on page 13 undefined on inpu
t line 398.


LaTeX Warning: Reference `fig:eform3' on page 13 undefined on input line 419.


LaTeX Warning: Reference `fig:vol3' on page 13 undefined on input line 419.


LaTeX Warning: Reference `fig:eform3' on page 13 undefined on input line 419.


Package natbib Warning: Citation `berche2009' on page 13 undefined on input lin
e 419.


Package natbib Warning: Citation `noordhoek2016' on page 13 undefined on input 
line 419.


Package natbib Warning: Citation `berche2009' on page 13 undefined on input lin
e 419.

[13

]

LaTeX Warning: Reference `fig:vol3' on page 14 undefined on input line 421.


Package natbib Warning: Citation `noordhoek2016' on page 14 undefined on input 
line 423.

<EvsC_KK1.png, id=121, 361.35pt x 232.2276pt>
File: EvsC_KK1.png Graphic file (type png)
 <use EvsC_KK1.png>
Package pdftex.def Info: EvsC_KK1.png used on input line 427.
(pdftex.def)             Requested size: 375.80544pt x 241.51808pt.


Package natbib Warning: Citation `noordhoek2016' on page 14 undefined on input 
line 428.


Package natbib Warning: Citation `berche2009' on page 14 undefined on input lin
e 428.


Package natbib Warning: Citation `noordhoek2016' on page 14 undefined on input 
line 428.


Package natbib Warning: Citation `berche2009' on page 14 undefined on input lin
e 428.

<VvsC_KK1.png, id=122, 361.8318pt x 232.7094pt>
File: VvsC_KK1.png Graphic file (type png)
 <use VvsC_KK1.png>
Package pdftex.def Info: VvsC_KK1.png used on input line 433.
(pdftex.def)             Requested size: 375.80544pt x 241.70668pt.


Package natbib Warning: Citation `noordhoek2016' on page 14 undefined on input 
line 434.


Package natbib Warning: Citation `berche2009' on page 14 undefined on input lin
e 434.


Package natbib Warning: Citation `noordhoek2016' on page 14 undefined on input 
line 434.


Package natbib Warning: Citation `berche2009' on page 14 undefined on input lin
e 434.

[14] [15 <./EvsC_KK1.png> <./VvsC_KK1.png>]

Package natbib Warning: Citation `gjf2013' on page 16 undefined on input line 4
39.


LaTeX Warning: Reference `fig:temp' on page 16 undefined on input line 439.


LaTeX Warning: Reference `fig:latticetemp' on page 16 undefined on input line 4
39.


LaTeX Warning: Reference `fig:temp' on page 16 undefined on input line 441.


Package natbib Warning: Citation `shimizu1965' on page 16 undefined on input li
ne 441.


Package natbib Warning: Citation `white2015' on page 16 undefined on input line
 441.


LaTeX Warning: Reference `eq:cp' on page 16 undefined on input line 443.


Package natbib Warning: Citation `white2015' on page 16 undefined on input line
 450.

<tempKK1.png, id=135, 650.9118pt x 434.1018pt>
File: tempKK1.png Graphic file (type png)
 <use tempKK1.png>
Package pdftex.def Info: tempKK1.png used on input line 454.
(pdftex.def)             Requested size: 375.80544pt x 250.62668pt.

<latticeKK1.png, id=136, 570.4512pt x 434.1018pt>
File: latticeKK1.png Graphic file (type png)
 <use latticeKK1.png>
Package pdftex.def Info: latticeKK1.png used on input line 460.
(pdftex.def)             Requested size: 375.80544pt x 285.9848pt.
 [16

]
[17 <./tempKK1.png> <./latticeKK1.png>]

LaTeX Warning: Reference `fig:twophase' on page 18 undefined on input line 466.



Package natbib Warning: Citation `berche2009' on page 18 undefined on input lin
e 466.

<two_phase2.png, id=150, 1078.0275pt x 158.5925pt>
File: two_phase2.png Graphic file (type png)
 <use two_phase2.png>
Package pdftex.def Info: two_phase2.png used on input line 470.
(pdftex.def)             Requested size: 469.75502pt x 69.10815pt.


Package natbib Warning: Citation `zbl' on page 18 undefined on input line 476.


LaTeX Warning: Reference `fig:ben6' on page 18 undefined on input line 476.


Package natbib Warning: Citation `ovito' on page 18 undefined on input line 476
.

<cascade_total.png, id=151, 1575.486pt x 506.3718pt>
File: cascade_total.png Graphic file (type png)
 <use cascade_total.png>
Package pdftex.def Info: cascade_total.png used on input line 480.
(pdftex.def)             Requested size: 469.75502pt x 150.97778pt.

Excluding 'comment' comment. [18

 <./two_phase2.png>]

LaTeX Warning: Reference `fig:ben7' on page 19 undefined on input line 494.


LaTeX Warning: Reference `fig:ben8' on page 19 undefined on input line 494.


LaTeX Warning: Reference `eq:surface' on page 19 undefined on input line 494.


Package natbib Warning: Citation `anl_report' on page 19 undefined on input lin
e 501.

[19 <./cascade_total.png>] <100KK1a.png, id=167, 2021.151pt x 452.4102pt>
File: 100KK1a.png Graphic file (type png)

<use 100KK1a.png>
Package pdftex.def Info: 100KK1a.png used on input line 505.
(pdftex.def)             Requested size: 422.77664pt x 94.62926pt.
 <001KK1a.png, id=168, 1880.9472pt x 458.6736pt>
File: 001KK1a.png Graphic file (type png)

<use 001KK1a.png>
Package pdftex.def Info: 001KK1a.png used on input line 511.
(pdftex.def)             Requested size: 422.77664pt x 103.09212pt.


LaTeX Warning: Reference `fig:void' on page 20 undefined on input line 517.


LaTeX Warning: Reference `eq:void' on page 20 undefined on input line 517.

<void3.png, id=169, 1091.07625pt x 928.46875pt>
File: void3.png Graphic file (type png)
 <use void3.png>
Package pdftex.def Info: void3.png used on input line 528.
(pdftex.def)             Requested size: 375.80544pt x 319.79788pt.
 [20 <./100KK1a.png> <./001KK1a.png>] [21 <./void3.png>] [22

] Excluding 'comment' comment.
No file interatomic_potentialREV3.bbl.

Package natbib Warning: There were undefined citations.

Package atveryend Info: Empty hook `BeforeClearDocument' on input line 644.
[23]
Package atveryend Info: Empty hook `AfterLastShipout' on input line 644.
 (./interatomic_potentialREV3.aux)
Package atveryend Info: Executing hook `AtVeryEndDocument' on input line 644.
Package atveryend Info: Executing hook `AtEndAfterFileList' on input line 644.


Package rerunfilecheck Warning: File `interatomic_potentialREV3.out' has change
d.
(rerunfilecheck)                Rerun to get outlines right
(rerunfilecheck)                or use package `bookmark'.

Package rerunfilecheck Info: Checksums for `interatomic_potentialREV3.out':
(rerunfilecheck)             Before: <no file>
(rerunfilecheck)             After:  BF0041014237CD162BFF25164E743C3D;347.

LaTeX Warning: There were undefined references.


LaTeX Warning: Label(s) may have changed. Rerun to get cross-references right.

Package atveryend Info: Empty hook `AtVeryVeryEnd' on input line 644.
 ) 
Here is how much of TeX's memory you used:
 7162 strings out of 493089
 102134 string characters out of 6134842
 214323 words of memory out of 5000000
 10491 multiletter control sequences out of 15000+600000
 9717 words of font info for 34 fonts, out of 8000000 for 9000
 1141 hyphenation exceptions out of 8191
 34i,9n,32p,2180b,354s stack positions out of 5000i,500n,10000p,200000b,80000s
</usr/local/texlive/2015/texmf-dist/fonts/type1/public/amsfonts/cm/cmbx10.pfb
></usr/local/texlive/2015/texmf-dist/fonts/type1/public/amsfonts/cm/cmbx8.pfb><
/usr/local/texlive/2015/texmf-dist/fonts/type1/public/amsfonts/cm/cmex10.pfb></
usr/local/texlive/2015/texmf-dist/fonts/type1/public/amsfonts/cm/cmmi10.pfb></u
sr/local/texlive/2015/texmf-dist/fonts/type1/public/amsfonts/cm/cmmi5.pfb></usr
/local/texlive/2015/texmf-dist/fonts/type1/public/amsfonts/cm/cmmi6.pfb></usr/l
ocal/texlive/2015/texmf-dist/fonts/type1/public/amsfonts/cm/cmmi7.pfb></usr/loc
al/texlive/2015/texmf-dist/fonts/type1/public/amsfonts/cm/cmr10.pfb></usr/local
/texlive/2015/texmf-dist/fonts/type1/public/amsfonts/cm/cmr12.pfb></usr/local/t
exlive/2015/texmf-dist/fonts/type1/public/amsfonts/cm/cmr5.pfb></usr/local/texl
ive/2015/texmf-dist/fonts/type1/public/amsfonts/cm/cmr6.pfb></usr/local/texlive
/2015/texmf-dist/fonts/type1/public/amsfonts/cm/cmr7.pfb></usr/local/texlive/20
15/texmf-dist/fonts/type1/public/amsfonts/cm/cmr8.pfb></usr/local/texlive/2015/
texmf-dist/fonts/type1/public/amsfonts/cm/cmsy10.pfb></usr/local/texlive/2015/t
exmf-dist/fonts/type1/public/amsfonts/cm/cmsy5.pfb></usr/local/texlive/2015/tex
mf-dist/fonts/type1/public/amsfonts/cm/cmsy6.pfb></usr/local/texlive/2015/texmf
-dist/fonts/type1/public/amsfonts/cm/cmsy7.pfb></usr/local/texlive/2015/texmf-d
ist/fonts/type1/public/amsfonts/cm/cmti10.pfb></usr/local/texlive/2015/texmf-di
st/fonts/type1/public/amsfonts/cm/cmti7.pfb></usr/local/texlive/2015/texmf-dist
/fonts/type1/public/amsfonts/cm/cmti8.pfb>
Output written on interatomic_potentialREV3.pdf (23 pages, 11333404 bytes).
PDF statistics:
 278 PDF objects out of 1000 (max. 8388607)
 208 compressed objects within 3 object streams
 76 named destinations out of 1000 (max. 500000)
 56 words of extra memory for PDF output out of 10000 (max. 10000000)

