This is pdfTeX, Version 3.141592653-2.6-1.40.22 (TeX Live 2021) (preloaded format=pdflatex 2021.8.27)  15 APR 2024 21:34
entering extended mode
 restricted \write18 enabled.
 file:line:error style messages enabled.
 %&-line parsing enabled.
**main.tex
(./main.tex
LaTeX2e <2020-10-01> patch level 4
L3 programming layer <2021-02-18>
(/usr/local/texlive/2021/texmf-dist/tex/latex/elsarticle/elsarticle.cls
Document Class: elsarticle 2020/11/20, 3.3: Elsevier Ltd
(/usr/local/texlive/2021/texmf-dist/tex/latex/l3kernel/expl3.sty
Package: expl3 2021-02-18 L3 programming layer (loader) 

(/usr/local/texlive/2021/texmf-dist/tex/latex/l3backend/l3backend-pdftex.def
File: l3backend-pdftex.def 2021-03-18 L3 backend support: PDF output (pdfTeX)
\l__color_backend_stack_int=\count179
\l__pdf_internal_box=\box47
))
(/usr/local/texlive/2021/texmf-dist/tex/latex/l3packages/xparse/xparse.sty
(/usr/local/texlive/2021/texmf-dist/tex/latex/l3packages/xparse/xparse-2020-10-
01.sty
(/usr/local/texlive/2021/texmf-dist/tex/latex/l3packages/xparse/xparse-generic.
tex))) (/usr/local/texlive/2021/texmf-dist/tex/latex/etoolbox/etoolbox.sty
Package: etoolbox 2020/10/05 v2.5k e-TeX tools for LaTeX (JAW)
\etb@tempcnta=\count180
)
\@bls=\dimen138

(/usr/local/texlive/2021/texmf-dist/tex/latex/base/article.cls
Document Class: article 2020/04/10 v1.4m Standard LaTeX document class
(/usr/local/texlive/2021/texmf-dist/tex/latex/base/size10.clo
File: size10.clo 2020/04/10 v1.4m Standard LaTeX file (size option)
)
\c@part=\count181
\c@section=\count182
\c@subsection=\count183
\c@subsubsection=\count184
\c@paragraph=\count185
\c@subparagraph=\count186
\c@figure=\count187
\c@table=\count188
\abovecaptionskip=\skip47
\belowcaptionskip=\skip48
\bibindent=\dimen139
)
(/usr/local/texlive/2021/texmf-dist/tex/latex/graphics/graphicx.sty
Package: graphicx 2020/09/09 v1.2b Enhanced LaTeX Graphics (DPC,SPQR)

(/usr/local/texlive/2021/texmf-dist/tex/latex/graphics/keyval.sty
Package: keyval 2014/10/28 v1.15 key=value parser (DPC)
\KV@toks@=\toks15
)
(/usr/local/texlive/2021/texmf-dist/tex/latex/graphics/graphics.sty
Package: graphics 2020/08/30 v1.4c Standard LaTeX Graphics (DPC,SPQR)

(/usr/local/texlive/2021/texmf-dist/tex/latex/graphics/trig.sty
Package: trig 2016/01/03 v1.10 sin cos tan (DPC)
)
(/usr/local/texlive/2021/texmf-dist/tex/latex/graphics-cfg/graphics.cfg
File: graphics.cfg 2016/06/04 v1.11 sample graphics configuration
)
Package graphics Info: Driver file: pdftex.def on input line 105.

(/usr/local/texlive/2021/texmf-dist/tex/latex/graphics-def/pdftex.def
File: pdftex.def 2020/10/05 v1.2a Graphics/color driver for pdftex
))
\Gin@req@height=\dimen140
\Gin@req@width=\dimen141
)
\c@tnote=\count189
\c@fnote=\count190
\c@cnote=\count191
\c@ead=\count192
\c@author=\count193
\@eadauthor=\toks16
\c@affn=\count194
\absbox=\box48
\elsarticlehighlightsbox=\box49
\elsarticlegrabsbox=\box50
\keybox=\box51
\Columnwidth=\dimen142
\space@left=\dimen143
\els@boxa=\box52
\els@boxb=\box53
\leftMargin=\dimen144
\@enLab=\toks17
\@sep=\skip49
\@@sep=\skip50

(./main.spl) (/usr/local/texlive/2021/texmf-dist/tex/latex/natbib/natbib.sty
Package: natbib 2010/09/13 8.31b (PWD, AO)
\bibhang=\skip51
\bibsep=\skip52
LaTeX Info: Redefining \cite on input line 694.
\c@NAT@ctr=\count195
)
\splwrite=\write3
\openout3 = `main.spl'.

\appnamewidth=\dimen145
)
(/usr/local/texlive/2021/texmf-dist/tex/latex/amsmath/amsmath.sty
Package: amsmath 2020/09/23 v2.17i AMS math features
\@mathmargin=\skip53

For additional information on amsmath, use the `?' option.
(/usr/local/texlive/2021/texmf-dist/tex/latex/amsmath/amstext.sty
Package: amstext 2000/06/29 v2.01 AMS text

(/usr/local/texlive/2021/texmf-dist/tex/latex/amsmath/amsgen.sty
File: amsgen.sty 1999/11/30 v2.0 generic functions
\@emptytoks=\toks18
\ex@=\dimen146
))
(/usr/local/texlive/2021/texmf-dist/tex/latex/amsmath/amsbsy.sty
Package: amsbsy 1999/11/29 v1.2d Bold Symbols
\pmbraise@=\dimen147
)
(/usr/local/texlive/2021/texmf-dist/tex/latex/amsmath/amsopn.sty
Package: amsopn 2016/03/08 v2.02 operator names
)
\inf@bad=\count196
LaTeX Info: Redefining \frac on input line 234.
\uproot@=\count197
\leftroot@=\count198
LaTeX Info: Redefining \overline on input line 399.
\classnum@=\count199
\DOTSCASE@=\count266
LaTeX Info: Redefining \ldots on input line 496.
LaTeX Info: Redefining \dots on input line 499.
LaTeX Info: Redefining \cdots on input line 620.
\Mathstrutbox@=\box54
\strutbox@=\box55
\big@size=\dimen148
LaTeX Font Info:    Redeclaring font encoding OML on input line 743.
LaTeX Font Info:    Redeclaring font encoding OMS on input line 744.
\macc@depth=\count267
\c@MaxMatrixCols=\count268
\dotsspace@=\muskip16
\c@parentequation=\count269
\dspbrk@lvl=\count270
\tag@help=\toks19
\row@=\count271
\column@=\count272
\maxfields@=\count273
\andhelp@=\toks20
\eqnshift@=\dimen149
\alignsep@=\dimen150
\tagshift@=\dimen151
\tagwidth@=\dimen152
\totwidth@=\dimen153
\lineht@=\dimen154
\@envbody=\toks21
\multlinegap=\skip54
\multlinetaggap=\skip55
\mathdisplay@stack=\toks22
LaTeX Info: Redefining \[ on input line 2923.
LaTeX Info: Redefining \] on input line 2924.
)
(/usr/local/texlive/2021/texmf-dist/tex/latex/amsfonts/amssymb.sty
Package: amssymb 2013/01/14 v3.01 AMS font symbols

(/usr/local/texlive/2021/texmf-dist/tex/latex/amsfonts/amsfonts.sty
Package: amsfonts 2013/01/14 v3.01 Basic AMSFonts support
\symAMSa=\mathgroup4
\symAMSb=\mathgroup5
LaTeX Font Info:    Redeclaring math symbol \hbar on input line 98.
LaTeX Font Info:    Overwriting math alphabet `\mathfrak' in version `bold'
(Font)                  U/euf/m/n --> U/euf/b/n on input line 106.
))
(/usr/local/texlive/2021/texmf-dist/tex/latex/geometry/geometry.sty
Package: geometry 2020/01/02 v5.9 Page Geometry

(/usr/local/texlive/2021/texmf-dist/tex/generic/iftex/ifvtex.sty
Package: ifvtex 2019/10/25 v1.7 ifvtex legacy package. Use iftex instead.

(/usr/local/texlive/2021/texmf-dist/tex/generic/iftex/iftex.sty
Package: iftex 2020/03/06 v1.0d TeX engine tests
))
\Gm@cnth=\count274
\Gm@cntv=\count275
\c@Gm@tempcnt=\count276
\Gm@bindingoffset=\dimen155
\Gm@wd@mp=\dimen156
\Gm@odd@mp=\dimen157
\Gm@even@mp=\dimen158
\Gm@layoutwidth=\dimen159
\Gm@layoutheight=\dimen160
\Gm@layouthoffset=\dimen161
\Gm@layoutvoffset=\dimen162
\Gm@dimlist=\toks23
)
(/usr/local/texlive/2021/texmf-dist/tex/latex/xcolor/xcolor.sty
Package: xcolor 2016/05/11 v2.12 LaTeX color extensions (UK)

(/usr/local/texlive/2021/texmf-dist/tex/latex/graphics-cfg/color.cfg
File: color.cfg 2016/01/02 v1.6 sample color configuration
)
Package xcolor Info: Driver file: pdftex.def on input line 225.
Package xcolor Info: Model `cmy' substituted by `cmy0' on input line 1348.
Package xcolor Info: Model `hsb' substituted by `rgb' on input line 1352.
Package xcolor Info: Model `RGB' extended on input line 1364.
Package xcolor Info: Model `HTML' substituted by `rgb' on input line 1366.
Package xcolor Info: Model `Hsb' substituted by `hsb' on input line 1367.
Package xcolor Info: Model `tHsb' substituted by `hsb' on input line 1368.
Package xcolor Info: Model `HSB' substituted by `hsb' on input line 1369.
Package xcolor Info: Model `Gray' substituted by `gray' on input line 1370.
Package xcolor Info: Model `wave' substituted by `hsb' on input line 1371.
)
(/usr/local/texlive/2021/texmf-dist/tex/latex/booktabs/booktabs.sty
Package: booktabs 2020/01/12 v1.61803398 Publication quality tables
\heavyrulewidth=\dimen163
\lightrulewidth=\dimen164
\cmidrulewidth=\dimen165
\belowrulesep=\dimen166
\belowbottomsep=\dimen167
\aboverulesep=\dimen168
\abovetopsep=\dimen169
\cmidrulesep=\dimen170
\cmidrulekern=\dimen171
\defaultaddspace=\dimen172
\@cmidla=\count277
\@cmidlb=\count278
\@aboverulesep=\dimen173
\@belowrulesep=\dimen174
\@thisruleclass=\count279
\@lastruleclass=\count280
\@thisrulewidth=\dimen175
)
(/usr/local/texlive/2021/texmf-dist/tex/latex/multirow/multirow.sty
Package: multirow 2021/03/15 v2.8 Span multiple rows of a table
\multirow@colwidth=\skip56
\multirow@cntb=\count281
\multirow@dima=\skip57
\bigstrutjot=\dimen176
)
(/usr/local/texlive/2021/texmf-dist/tex/latex/caption/subcaption.sty
Package: subcaption 2020/10/07 v1.3j Sub-captions (AR)

(/usr/local/texlive/2021/texmf-dist/tex/latex/caption/caption.sty
Package: caption 2020/10/26 v3.5g Customizing captions (AR)

(/usr/local/texlive/2021/texmf-dist/tex/latex/caption/caption3.sty
Package: caption3 2020/10/21 v2.2e caption3 kernel (AR)
\captionmargin=\dimen177
\captionmargin@=\dimen178
\captionwidth=\dimen179
\caption@tempdima=\dimen180
\caption@indent=\dimen181
\caption@parindent=\dimen182
\caption@hangindent=\dimen183
Package caption Info: elsarticle document class detected.

(/usr/local/texlive/2021/texmf-dist/tex/latex/caption/caption-elsarticle.sto
File: caption-elsarticle.sto 2020/08/22 v2.0 Adaption of the caption package to
 the elsarticle document class (AR)
))
\c@caption@flags=\count282
\c@continuedfloat=\count283
)
\c@subfigure=\count284
\c@subtable=\count285
) (/usr/local/texlive/2021/texmf-dist/tex/latex/placeins/placeins.sty
Package: placeins 2005/04/18  v 2.2
)
(/usr/local/texlive/2021/texmf-dist/tex/latex/appendix/appendix.sty
Package: appendix 2020/02/08 v1.2c extra appendix facilities
\c@@pps=\count286
\c@@ppsavesec=\count287
\c@@ppsaveapp=\count288
)
(/usr/local/texlive/2021/texmf-dist/tex/latex/lineno/lineno.sty
Package: lineno 2005/11/02 line numbers on paragraphs v4.41
\linenopenalty=\count289
\output=\toks24
\linenoprevgraf=\count290
\linenumbersep=\dimen184
\linenumberwidth=\dimen185
\c@linenumber=\count291
\c@pagewiselinenumber=\count292
\c@LN@truepage=\count293
\c@internallinenumber=\count294
\c@internallinenumbers=\count295
\quotelinenumbersep=\dimen186
\bframerule=\dimen187
\bframesep=\dimen188
\bframebox=\box56
LaTeX Info: Redefining \\ on input line 3056.
) (./main.aux)
\openout1 = `main.aux'.

LaTeX Font Info:    Checking defaults for OML/cmm/m/it on input line 10.
LaTeX Font Info:    ... okay on input line 10.
LaTeX Font Info:    Checking defaults for OMS/cmsy/m/n on input line 10.
LaTeX Font Info:    ... okay on input line 10.
LaTeX Font Info:    Checking defaults for OT1/cmr/m/n on input line 10.
LaTeX Font Info:    ... okay on input line 10.
LaTeX Font Info:    Checking defaults for T1/cmr/m/n on input line 10.
LaTeX Font Info:    ... okay on input line 10.
LaTeX Font Info:    Checking defaults for TS1/cmr/m/n on input line 10.
LaTeX Font Info:    ... okay on input line 10.
LaTeX Font Info:    Checking defaults for OMX/cmex/m/n on input line 10.
LaTeX Font Info:    ... okay on input line 10.
LaTeX Font Info:    Checking defaults for U/cmr/m/n on input line 10.
LaTeX Font Info:    ... okay on input line 10.

(/usr/local/texlive/2021/texmf-dist/tex/context/base/mkii/supp-pdf.mkii
[Loading MPS to PDF converter (version 2006.09.02).]
\scratchcounter=\count296
\scratchdimen=\dimen189
\scratchbox=\box57
\nofMPsegments=\count297
\nofMParguments=\count298
\everyMPshowfont=\toks25
\MPscratchCnt=\count299
\MPscratchDim=\dimen190
\MPnumerator=\count300
\makeMPintoPDFobject=\count301
\everyMPtoPDFconversion=\toks26
) (/usr/local/texlive/2021/texmf-dist/tex/latex/epstopdf-pkg/epstopdf-base.sty
Package: epstopdf-base 2020-01-24 v2.11 Base part for package epstopdf
Package epstopdf-base Info: Redefining graphics rule for `.eps' on input line 4
85.

(/usr/local/texlive/2021/texmf-dist/tex/latex/latexconfig/epstopdf-sys.cfg
File: epstopdf-sys.cfg 2010/07/13 v1.3 Configuration of (r)epstopdf for TeX Liv
e
))
*geometry* driver: auto-detecting
*geometry* detected driver: pdftex
*geometry* verbose mode - [ preamble ] result:
* driver: pdftex
* paper: <default>
* layout: <same size as paper>
* layoutoffset:(h,v)=(0.0pt,0.0pt)
* modes: 
* h-part:(L,W,R)=(92.14519pt, 430.00462pt, 92.14519pt)
* v-part:(T,H,B)=(95.39737pt, 556.47656pt, 143.09605pt)
* \paperwidth=614.295pt
* \paperheight=794.96999pt
* \textwidth=430.00462pt
* \textheight=556.47656pt
* \oddsidemargin=19.8752pt
* \evensidemargin=19.8752pt
* \topmargin=-13.87262pt
* \headheight=12.0pt
* \headsep=25.0pt
* \topskip=10.0pt
* \footskip=30.0pt
* \marginparwidth=65.0pt
* \marginparsep=11.0pt
* \columnsep=10.0pt
* \skip\footins=24.0pt
* \hoffset=0.0pt
* \voffset=0.0pt
* \mag=1000
* \@twocolumnfalse
* \@twosidefalse
* \@mparswitchfalse
* \@reversemarginfalse
* (1in=72.27pt=25.4mm, 1cm=28.453pt)

Package caption Info: Begin \AtBeginDocument code.
Package caption Info: End \AtBeginDocument code.
LaTeX Font Info:    Trying to load font information for U+msa on input line 24.

(/usr/local/texlive/2021/texmf-dist/tex/latex/amsfonts/umsa.fd
File: umsa.fd 2013/01/14 v3.01 AMS symbols A
)
LaTeX Font Info:    Trying to load font information for U+msb on input line 24.


(/usr/local/texlive/2021/texmf-dist/tex/latex/amsfonts/umsb.fd
File: umsb.fd 2013/01/14 v3.01 AMS symbols B
)
Overfull \hbox (2.22221pt too wide) has occurred while \output is active
[] 
 []

[1


{/usr/local/texlive/2021/texmf-var/fonts/map/pdftex/updmap/pdftex.map}]
LaTeX Font Info:    Trying to load font information for OMS+cmr on input line 4
8.

(/usr/local/texlive/2021/texmf-dist/tex/latex/base/omscmr.fd
File: omscmr.fd 2019/12/16 v2.5j Standard LaTeX font definitions
)
LaTeX Font Info:    Font shape `OMS/cmr/m/n' in size <10> not available
(Font)              Font shape `OMS/cmsy/m/n' tried instead on input line 48.
 [2]
<configuration.png, id=20, 474.27188pt x 117.43875pt>
File: configuration.png Graphic file (type png)
<use configuration.png>
Package pdftex.def Info: configuration.png  used on input line 52.
(pdftex.def)             Requested size: 344.71758pt x 85.35826pt.
LaTeX Font Info:    Font shape `OMS/cmr/m/n' in size <8> not available
(Font)              Font shape `OMS/cmsy/m/n' tried instead on input line 53.
 [3 <./configuration.png>]
<gb_def.png, id=31, 674.52pt x 752.8125pt>
File: gb_def.png Graphic file (type png)
<use gb_def.png>
Package pdftex.def Info: gb_def.png  used on input line 73.
(pdftex.def)             Requested size: 152.96465pt x 170.71652pt.
 [4] [5 <./gb_def.png>]
<gbe.pdf, id=39, 361.35pt x 289.08pt>
File: gbe.pdf Graphic file (type pdf)
<use gbe.pdf>
Package pdftex.def Info: gbe.pdf  used on input line 102.
(pdftex.def)             Requested size: 301.00192pt x 240.80089pt.
 [6 <./gbe.pdf>]
<d_gb_sym.pdf, id=72, 361.35pt x 289.08pt>
File: d_gb_sym.pdf Graphic file (type pdf)
<use d_gb_sym.pdf>
Package pdftex.def Info: d_gb_sym.pdf  used on input line 139.
(pdftex.def)             Requested size: 210.70462pt x 168.56194pt.
<d_gb_asym_twist.pdf, id=73, 361.35pt x 289.08pt>
File: d_gb_asym_twist.pdf Graphic file (type pdf)
<use d_gb_asym_twist.pdf>
Package pdftex.def Info: d_gb_asym_twist.pdf  used on input line 144.
(pdftex.def)             Requested size: 210.70462pt x 168.56194pt.
 [7 <./d_gb_sym.pdf> <./d_gb_asym_twist.pdf>]
<u10mo_U_Dx.pdf, id=157, 361.35pt x 289.08pt>
File: u10mo_U_Dx.pdf Graphic file (type pdf)
<use u10mo_U_Dx.pdf>
Package pdftex.def Info: u10mo_U_Dx.pdf  used on input line 160.
(pdftex.def)             Requested size: 177.82945pt x 142.26378pt.
<u10mo_U_Dz.pdf, id=158, 361.35pt x 289.08pt>
File: u10mo_U_Dz.pdf Graphic file (type pdf)
<use u10mo_U_Dz.pdf>
Package pdftex.def Info: u10mo_U_Dz.pdf  used on input line 165.
(pdftex.def)             Requested size: 177.82945pt x 142.26378pt.
<u10mo_Mo_Dx.pdf, id=159, 361.35pt x 289.08pt>
File: u10mo_Mo_Dx.pdf Graphic file (type pdf)
<use u10mo_Mo_Dx.pdf>
Package pdftex.def Info: u10mo_Mo_Dx.pdf  used on input line 170.
(pdftex.def)             Requested size: 177.82945pt x 142.26378pt.
<u10mo_Mo_Dz.pdf, id=160, 361.35pt x 289.08pt>
File: u10mo_Mo_Dz.pdf Graphic file (type pdf)
<use u10mo_Mo_Dz.pdf>
Package pdftex.def Info: u10mo_Mo_Dz.pdf  used on input line 175.
(pdftex.def)             Requested size: 177.82945pt x 142.26378pt.
<u10mo_Xe_Dx.pdf, id=161, 361.35pt x 289.08pt>
File: u10mo_Xe_Dx.pdf Graphic file (type pdf)
<use u10mo_Xe_Dx.pdf>
Package pdftex.def Info: u10mo_Xe_Dx.pdf  used on input line 180.
(pdftex.def)             Requested size: 177.82945pt x 142.26378pt.
<u10mo_Xe_Dz.pdf, id=162, 361.35pt x 289.08pt>
File: u10mo_Xe_Dz.pdf Graphic file (type pdf)
<use u10mo_Xe_Dz.pdf>
Package pdftex.def Info: u10mo_Xe_Dz.pdf  used on input line 185.
(pdftex.def)             Requested size: 177.82945pt x 142.26378pt.
 [8]
<asym_twist_U_Dx.pdf, id=169, 361.35pt x 289.08pt>
File: asym_twist_U_Dx.pdf Graphic file (type pdf)
<use asym_twist_U_Dx.pdf>
Package pdftex.def Info: asym_twist_U_Dx.pdf  used on input line 266.
(pdftex.def)             Requested size: 210.70462pt x 168.56194pt.
<asym_twist_U_Dz.pdf, id=170, 361.35pt x 289.08pt>
File: asym_twist_U_Dz.pdf Graphic file (type pdf)
<use asym_twist_U_Dz.pdf>
Package pdftex.def Info: asym_twist_U_Dz.pdf  used on input line 271.
(pdftex.def)             Requested size: 210.70462pt x 168.56194pt.
<asym_twist_Mo_Dx.pdf, id=171, 361.35pt x 289.08pt>
File: asym_twist_Mo_Dx.pdf Graphic file (type pdf)
<use asym_twist_Mo_Dx.pdf>
Package pdftex.def Info: asym_twist_Mo_Dx.pdf  used on input line 277.
(pdftex.def)             Requested size: 210.70462pt x 168.56194pt.
<asym_twist_Mo_Dz.pdf, id=172, 361.35pt x 289.08pt>
File: asym_twist_Mo_Dz.pdf Graphic file (type pdf)
<use asym_twist_Mo_Dz.pdf>
Package pdftex.def Info: asym_twist_Mo_Dz.pdf  used on input line 282.
(pdftex.def)             Requested size: 210.70462pt x 168.56194pt.
 [9 <./u10mo_U_Dx.pdf> <./u10mo_U_Dz.pdf> <./u10mo_Mo_Dx.pdf> <./u10mo_Mo_Dz.pd
f> <./u10mo_Xe_Dx.pdf> <./u10mo_Xe_Dz.pdf>] [10 <./asym_twist_U_Dx.pdf> <./asym
_twist_U_Dz.pdf> <./asym_twist_Mo_Dx.pdf> <./asym_twist_Mo_Dz.pdf>]
<comp_U_Dz.pdf, id=606, 361.35pt x 289.08pt>
File: comp_U_Dz.pdf Graphic file (type pdf)
<use comp_U_Dz.pdf>
Package pdftex.def Info: comp_U_Dz.pdf  used on input line 294.
(pdftex.def)             Requested size: 210.70462pt x 168.56194pt.
<comp_Mo_Dz.pdf, id=607, 361.35pt x 289.08pt>
File: comp_Mo_Dz.pdf Graphic file (type pdf)
<use comp_Mo_Dz.pdf>
Package pdftex.def Info: comp_Mo_Dz.pdf  used on input line 299.
(pdftex.def)             Requested size: 210.70462pt x 168.56194pt.
 [11 <./comp_U_Dz.pdf> <./comp_Mo_Dz.pdf>]
<newLitComp.pdf, id=686, 361.35pt x 433.62pt>
File: newLitComp.pdf Graphic file (type pdf)
<use newLitComp.pdf>
Package pdftex.def Info: newLitComp.pdf  used on input line 332.
(pdftex.def)             Requested size: 301.00192pt x 361.20134pt.
 [12 <./newLitComp.pdf>]
<DvsTilt_600K.pdf, id=746, 361.35pt x 289.08pt>
File: DvsTilt_600K.pdf Graphic file (type pdf)
<use DvsTilt_600K.pdf>
Package pdftex.def Info: DvsTilt_600K.pdf  used on input line 378.
(pdftex.def)             Requested size: 210.70462pt x 168.56194pt.
<DvsTilt_1200K.pdf, id=747, 361.35pt x 289.08pt>
File: DvsTilt_1200K.pdf Graphic file (type pdf)
<use DvsTilt_1200K.pdf>
Package pdftex.def Info: DvsTilt_1200K.pdf  used on input line 383.
(pdftex.def)             Requested size: 210.70462pt x 168.56194pt.

[13]
<ratio_U.pdf, id=752, 361.35pt x 289.08pt>
File: ratio_U.pdf Graphic file (type pdf)
<use ratio_U.pdf>
Package pdftex.def Info: ratio_U.pdf  used on input line 422.
(pdftex.def)             Requested size: 210.70462pt x 168.56194pt.
<ratio_Mo.pdf, id=753, 361.35pt x 289.08pt>
File: ratio_Mo.pdf Graphic file (type pdf)
<use ratio_Mo.pdf>
Package pdftex.def Info: ratio_Mo.pdf  used on input line 427.
(pdftex.def)             Requested size: 210.70462pt x 168.56194pt.
<ratio_Xe.pdf, id=754, 361.35pt x 289.08pt>
File: ratio_Xe.pdf Graphic file (type pdf)
<use ratio_Xe.pdf>
Package pdftex.def Info: ratio_Xe.pdf  used on input line 432.
(pdftex.def)             Requested size: 210.70462pt x 168.56194pt.
 [14 <./DvsTilt_600K.pdf> <./DvsTilt_1200K.pdf>]
<190at700cs.png, id=813, 319.94531pt x 246.1697pt>
File: 190at700cs.png Graphic file (type png)
<use 190at700cs.png>
Package pdftex.def Info: 190at700cs.png  used on input line 445.
(pdftex.def)             Requested size: 184.90445pt x 142.26378pt.
<190at700xyz.pdf, id=814, 361.35pt x 289.08pt>
File: 190at700xyz.pdf Graphic file (type pdf)
<use 190at700xyz.pdf>
Package pdftex.def Info: 190at700xyz.pdf  used on input line 450.
(pdftex.def)             Requested size: 177.82945pt x 142.26378pt.
<190at1100cs.png, id=815, 319.94531pt x 246.1697pt>
File: 190at1100cs.png Graphic file (type png)
<use 190at1100cs.png>
Package pdftex.def Info: 190at1100cs.png  used on input line 456.
(pdftex.def)             Requested size: 184.90445pt x 142.26378pt.
<190at1100xyz.pdf, id=816, 361.35pt x 289.08pt>
File: 190at1100xyz.pdf Graphic file (type pdf)
<use 190at1100xyz.pdf>
Package pdftex.def Info: 190at1100xyz.pdf  used on input line 461.
(pdftex.def)             Requested size: 177.82945pt x 142.26378pt.
 [15 <./ratio_U.pdf> <./ratio_Mo.pdf> <./ratio_Xe.pdf>]
<130at700cs.png, id=945, 331.2375pt x 246.1697pt>
File: 130at700cs.png Graphic file (type png)
<use 130at700cs.png>
Package pdftex.def Info: 130at700cs.png  used on input line 474.
(pdftex.def)             Requested size: 191.4305pt x 142.26378pt.
<130at700xyz.pdf, id=946, 361.35pt x 289.08pt>
File: 130at700xyz.pdf Graphic file (type pdf)
<use 130at700xyz.pdf>
Package pdftex.def Info: 130at700xyz.pdf  used on input line 479.
(pdftex.def)             Requested size: 177.82945pt x 142.26378pt.
<130at1100cs.png, id=947, 331.2375pt x 246.1697pt>
File: 130at1100cs.png Graphic file (type png)
<use 130at1100cs.png>
Package pdftex.def Info: 130at1100cs.png  used on input line 485.
(pdftex.def)             Requested size: 191.4305pt x 142.26378pt.
<130at1100xyz.pdf, id=948, 361.35pt x 289.08pt>
File: 130at1100xyz.pdf Graphic file (type pdf)
<use 130at1100xyz.pdf>
Package pdftex.def Info: 130at1100xyz.pdf  used on input line 490.
(pdftex.def)             Requested size: 177.82945pt x 142.26378pt.
 [16 <./190at700cs.png> <./190at700xyz.pdf> <./190at1100cs.png> <./190at1100xyz
.pdf>]
<2reg_U_Dz.pdf, id=1020, 361.35pt x 289.08pt>
File: 2reg_U_Dz.pdf Graphic file (type pdf)
<use 2reg_U_Dz.pdf>
Package pdftex.def Info: 2reg_U_Dz.pdf  used on input line 506.
(pdftex.def)             Requested size: 210.70462pt x 168.56194pt.
<2reg_Mo_Dz.pdf, id=1021, 361.35pt x 289.08pt>
File: 2reg_Mo_Dz.pdf Graphic file (type pdf)
<use 2reg_Mo_Dz.pdf>
Package pdftex.def Info: 2reg_Mo_Dz.pdf  used on input line 511.
(pdftex.def)             Requested size: 210.70462pt x 168.56194pt.
 [17 <./130at700cs.png> <./130at700xyz.pdf> <./130at1100cs.png> <./130at1100xyz
.pdf>] [18 <./2reg_U_Dz.pdf> <./2reg_Mo_Dz.pdf>] [19] [20

]
<DvsGBE_600K.pdf, id=1177, 361.35pt x 289.08pt>
File: DvsGBE_600K.pdf Graphic file (type pdf)
<use DvsGBE_600K.pdf>
Package pdftex.def Info: DvsGBE_600K.pdf  used on input line 749.
(pdftex.def)             Requested size: 210.70462pt x 168.56194pt.
<DvsGBE_1200K.pdf, id=1178, 361.35pt x 289.08pt>
File: DvsGBE_1200K.pdf Graphic file (type pdf)
<use DvsGBE_1200K.pdf>
Package pdftex.def Info: DvsGBE_1200K.pdf  used on input line 754.
(pdftex.def)             Requested size: 210.70462pt x 168.56194pt.
 (./main.bbl [21 <./DvsGBE_600K.pdf> <./DvsGBE_1200K.pdf>]
[22] [23] [24]) [25] (./main.aux) ) 
Here is how much of TeX's memory you used:
 6578 strings out of 478994
 98462 string characters out of 5858184
 415973 words of memory out of 5000000
 23946 multiletter control sequences out of 15000+600000
 411429 words of font info for 58 fonts, out of 8000000 for 9000
 1141 hyphenation exceptions out of 8191
 83i,11n,88p,2179b,525s stack positions out of 5000i,500n,10000p,200000b,80000s
</usr/local/texlive/2021/texmf-dist/fonts/ty
pe1/public/amsfonts/cm/cmbx10.pfb></usr/local/texlive/2021/texmf-dist/fonts/typ
e1/public/amsfonts/cm/cmex10.pfb></usr/local/texlive/2021/texmf-dist/fonts/type
1/public/amsfonts/cm/cmmi10.pfb></usr/local/texlive/2021/texmf-dist/fonts/type1
/public/amsfonts/cm/cmmi12.pfb></usr/local/texlive/2021/texmf-dist/fonts/type1/
public/amsfonts/cm/cmmi6.pfb></usr/local/texlive/2021/texmf-dist/fonts/type1/pu
blic/amsfonts/cm/cmmi7.pfb></usr/local/texlive/2021/texmf-dist/fonts/type1/publ
ic/amsfonts/cm/cmmi8.pfb></usr/local/texlive/2021/texmf-dist/fonts/type1/public
/amsfonts/cm/cmr10.pfb></usr/local/texlive/2021/texmf-dist/fonts/type1/public/a
msfonts/cm/cmr12.pfb></usr/local/texlive/2021/texmf-dist/fonts/type1/public/ams
fonts/cm/cmr6.pfb></usr/local/texlive/2021/texmf-dist/fonts/type1/public/amsfon
ts/cm/cmr7.pfb></usr/local/texlive/2021/texmf-dist/fonts/type1/public/amsfonts/
cm/cmr8.pfb></usr/local/texlive/2021/texmf-dist/fonts/type1/public/amsfonts/cm/
cmss10.pfb></usr/local/texlive/2021/texmf-dist/fonts/type1/public/amsfonts/cm/c
mss8.pfb></usr/local/texlive/2021/texmf-dist/fonts/type1/public/amsfonts/cm/cms
y10.pfb></usr/local/texlive/2021/texmf-dist/fonts/type1/public/amsfonts/cm/cmsy
6.pfb></usr/local/texlive/2021/texmf-dist/fonts/type1/public/amsfonts/cm/cmsy7.
pfb></usr/local/texlive/2021/texmf-dist/fonts/type1/public/amsfonts/cm/cmsy8.pf
b></usr/local/texlive/2021/texmf-dist/fonts/type1/public/amsfonts/cm/cmti10.pfb
></usr/local/texlive/2021/texmf-dist/fonts/type1/public/amsfonts/cm/cmti7.pfb><
/usr/local/texlive/2021/texmf-dist/fonts/type1/public/amsfonts/cm/cmti8.pfb>
Output written on main.pdf (25 pages, 1723094 bytes).
PDF statistics:
 1300 PDF objects out of 1440 (max. 8388607)
 478 compressed objects within 5 object streams
 0 named destinations out of 1000 (max. 500000)
 176 words of extra memory for PDF output out of 10000 (max. 10000000)

