\BOOKMARK [1][-]{section.1}{\376\377\000I\000n\000t\000r\000o\000d\000u\000c\000t\000i\000o\000n}{}% 1
\BOOKMARK [1][-]{section.2}{\376\377\000C\000o\000m\000p\000u\000t\000a\000t\000i\000o\000n\000a\000l\000\040\000M\000e\000t\000h\000o\000d\000s}{}% 2
\BOOKMARK [1][-]{section.3}{\376\377\000R\000e\000s\000u\000l\000t\000s}{}% 3
\BOOKMARK [2][-]{subsection.3.1}{\376\377\000C\000o\000n\000v\000e\000r\000g\000e\000n\000c\000e\000\040\000S\000t\000u\000d\000y}{section.3}% 4
\BOOKMARK [2][-]{subsection.3.2}{\376\377\000L\000i\000C\000l\000-\000K\000C\000l}{section.3}% 5
\BOOKMARK [3][-]{subsubsection.3.2.1}{\376\377\000D\000i\000f\000f\000u\000s\000i\000o\000n\000\040\000C\000o\000e\000f\000f\000i\000c\000i\000e\000n\000t}{subsection.3.2}% 6
\BOOKMARK [3][-]{subsubsection.3.2.2}{\376\377\000V\000i\000s\000c\000o\000s\000i\000t\000y}{subsection.3.2}% 7
\BOOKMARK [3][-]{subsubsection.3.2.3}{\376\377\000H\000e\000a\000t\000\040\000C\000a\000p\000a\000c\000i\000t\000y}{subsection.3.2}% 8
\BOOKMARK [2][-]{subsection.3.3}{\376\377\000N\000a\000C\000l\000-\000M\000g\000C\000l\0002}{section.3}% 9
\BOOKMARK [3][-]{subsubsection.3.3.1}{\376\377\000D\000i\000f\000f\000u\000s\000i\000o\000n\000\040\000C\000o\000e\000f\000f\000i\000c\000i\000e\000n\000t}{subsection.3.3}% 10
\BOOKMARK [3][-]{subsubsection.3.3.2}{\376\377\000V\000i\000s\000c\000o\000s\000i\000t\000y}{subsection.3.3}% 11
\BOOKMARK [3][-]{subsubsection.3.3.3}{\376\377\000H\000e\000a\000t\000\040\000C\000a\000p\000a\000c\000i\000t\000y}{subsection.3.3}% 12
\BOOKMARK [1][-]{section.4}{\376\377\000D\000i\000s\000c\000u\000s\000s\000i\000o\000n}{}% 13
\BOOKMARK [2][-]{subsection.4.1}{\376\377\000C\000o\000m\000p\000a\000r\000i\000s\000o\000n\000\040\000t\000o\000\040\000L\000i\000t\000e\000r\000a\000t\000u\000r\000e}{section.4}% 14
\BOOKMARK [2][-]{subsection.4.2}{\376\377\000L\000i\000C\000l\000-\000K\000C\000l\000\040\000v\000e\000r\000s\000u\000s\000\040\000N\000a\000C\000l\000-\000M\000g\000C\000l\0002}{section.4}% 15
\BOOKMARK [2][-]{subsection.4.3}{\376\377\000O\000u\000t\000l\000o\000o\000k}{section.4}% 16
\BOOKMARK [1][-]{section.5}{\376\377\000C\000o\000n\000c\000l\000u\000s\000i\000o\000n\000s}{}% 17
\BOOKMARK [1][-]{section.6}{\376\377\000A\000c\000k\000n\000o\000w\000l\000e\000d\000g\000e\000m\000e\000n\000t\000s}{}% 18
\BOOKMARK [1][-]{appendix.A}{}{}% 19
\BOOKMARK [2][-]{subsection.A.1}{\376\377\000D\000i\000f\000f\000u\000s\000i\000o\000n\000\040\000c\000o\000e\000f\000f\000i\000c\000i\000e\000n\000t}{appendix.A}% 20
\BOOKMARK [2][-]{subsection.A.2}{\376\377\000B\000e\000t\000a\000\040\000p\000a\000r\000a\000m\000e\000t\000e\000r}{appendix.A}% 21
