This is pdfTeX, Version 3.14159265-2.6-1.40.16 (TeX Live 2015) (preloaded format=pdflatex 2015.5.24)  24 JUL 2018 12:51
entering extended mode
 restricted \write18 enabled.
 file:line:error style messages enabled.
 %&-line parsing enabled.
**Report_beeler.tex
(./Report_beeler.tex
LaTeX2e <2015/01/01>
Babel <3.9l> and hyphenation patterns for 79 languages loaded.
(/usr/local/texlive/2015/texmf-dist/tex/latex/base/article.cls
Document Class: article 2014/09/29 v1.4h Standard LaTeX document class
(/usr/local/texlive/2015/texmf-dist/tex/latex/base/size10.clo
File: size10.clo 2014/09/29 v1.4h Standard LaTeX file (size option)
)
\c@part=\count79
\c@section=\count80
\c@subsection=\count81
\c@subsubsection=\count82
\c@paragraph=\count83
\c@subparagraph=\count84
\c@figure=\count85
\c@table=\count86
\abovecaptionskip=\skip41
\belowcaptionskip=\skip42
\bibindent=\dimen102
)
(/usr/local/texlive/2015/texmf-dist/tex/latex/geometry/geometry.sty
Package: geometry 2010/09/12 v5.6 Page Geometry

(/usr/local/texlive/2015/texmf-dist/tex/latex/graphics/keyval.sty
Package: keyval 2014/10/28 v1.15 key=value parser (DPC)
\KV@toks@=\toks14
)
(/usr/local/texlive/2015/texmf-dist/tex/generic/oberdiek/ifpdf.sty
Package: ifpdf 2011/01/30 v2.3 Provides the ifpdf switch (HO)
Package ifpdf Info: pdfTeX in PDF mode is detected.
)
(/usr/local/texlive/2015/texmf-dist/tex/generic/oberdiek/ifvtex.sty
Package: ifvtex 2010/03/01 v1.5 Detect VTeX and its facilities (HO)
Package ifvtex Info: VTeX not detected.
)
(/usr/local/texlive/2015/texmf-dist/tex/generic/ifxetex/ifxetex.sty
Package: ifxetex 2010/09/12 v0.6 Provides ifxetex conditional
)
\Gm@cnth=\count87
\Gm@cntv=\count88
\c@Gm@tempcnt=\count89
\Gm@bindingoffset=\dimen103
\Gm@wd@mp=\dimen104
\Gm@odd@mp=\dimen105
\Gm@even@mp=\dimen106
\Gm@layoutwidth=\dimen107
\Gm@layoutheight=\dimen108
\Gm@layouthoffset=\dimen109
\Gm@layoutvoffset=\dimen110
\Gm@dimlist=\toks15
)
(/usr/local/texlive/2015/texmf-dist/tex/latex/graphics/graphicx.sty
Package: graphicx 2014/10/28 v1.0g Enhanced LaTeX Graphics (DPC,SPQR)

(/usr/local/texlive/2015/texmf-dist/tex/latex/graphics/graphics.sty
Package: graphics 2014/10/28 v1.0p Standard LaTeX Graphics (DPC,SPQR)

(/usr/local/texlive/2015/texmf-dist/tex/latex/graphics/trig.sty
Package: trig 1999/03/16 v1.09 sin cos tan (DPC)
)
(/usr/local/texlive/2015/texmf-dist/tex/latex/latexconfig/graphics.cfg
File: graphics.cfg 2010/04/23 v1.9 graphics configuration of TeX Live
)
Package graphics Info: Driver file: pdftex.def on input line 94.

(/usr/local/texlive/2015/texmf-dist/tex/latex/pdftex-def/pdftex.def
File: pdftex.def 2011/05/27 v0.06d Graphics/color for pdfTeX

(/usr/local/texlive/2015/texmf-dist/tex/generic/oberdiek/infwarerr.sty
Package: infwarerr 2010/04/08 v1.3 Providing info/warning/error messages (HO)
)
(/usr/local/texlive/2015/texmf-dist/tex/generic/oberdiek/ltxcmds.sty
Package: ltxcmds 2011/11/09 v1.22 LaTeX kernel commands for general use (HO)
)
\Gread@gobject=\count90
))
\Gin@req@height=\dimen111
\Gin@req@width=\dimen112
)
(/usr/local/texlive/2015/texmf-dist/tex/latex/amsfonts/amssymb.sty
Package: amssymb 2013/01/14 v3.01 AMS font symbols

(/usr/local/texlive/2015/texmf-dist/tex/latex/amsfonts/amsfonts.sty
Package: amsfonts 2013/01/14 v3.01 Basic AMSFonts support
\@emptytoks=\toks16
\symAMSa=\mathgroup4
\symAMSb=\mathgroup5
LaTeX Font Info:    Overwriting math alphabet `\mathfrak' in version `bold'
(Font)                  U/euf/m/n --> U/euf/b/n on input line 106.
))
(/usr/local/texlive/2015/texmf-dist/tex/latex/cite/cite.sty
LaTeX Info: Redefining \cite on input line 302.
LaTeX Info: Redefining \nocite on input line 332.
Package: cite 2015/02/27  v 5.5
)
(/usr/local/texlive/2015/texmf-dist/tex/latex/subfigure/subfigure.sty
Package: subfigure 2002/03/15 v2.1.5 subfigure package
\subfigtopskip=\skip43
\subfigcapskip=\skip44
\subfigcaptopadj=\dimen113
\subfigbottomskip=\skip45
\subfigcapmargin=\dimen114
\subfiglabelskip=\skip46
\c@subfigure=\count91
\c@lofdepth=\count92
\c@subtable=\count93
\c@lotdepth=\count94

****************************************
* Local config file subfigure.cfg used *
****************************************
(/usr/local/texlive/2015/texmf-dist/tex/latex/subfigure/subfigure.cfg)
\subfig@top=\skip47
\subfig@bottom=\skip48
)
(/usr/local/texlive/2015/texmf-dist/tex/latex/float/float.sty
Package: float 2001/11/08 v1.3d Float enhancements (AL)
\c@float@type=\count95
\float@exts=\toks17
\float@box=\box26
\@float@everytoks=\toks18
\@floatcapt=\box27
)
(/usr/local/texlive/2015/texmf-dist/tex/latex/placeins/placeins.sty
Package: placeins 2005/04/18  v 2.2
)
(/usr/local/texlive/2015/texmf-dist/tex/latex/hyperref/hyperref.sty
Package: hyperref 2012/11/06 v6.83m Hypertext links for LaTeX

(/usr/local/texlive/2015/texmf-dist/tex/generic/oberdiek/hobsub-hyperref.sty
Package: hobsub-hyperref 2012/05/28 v1.13 Bundle oberdiek, subset hyperref (HO)


(/usr/local/texlive/2015/texmf-dist/tex/generic/oberdiek/hobsub-generic.sty
Package: hobsub-generic 2012/05/28 v1.13 Bundle oberdiek, subset generic (HO)
Package: hobsub 2012/05/28 v1.13 Construct package bundles (HO)
Package hobsub Info: Skipping package `infwarerr' (already loaded).
Package hobsub Info: Skipping package `ltxcmds' (already loaded).
Package: ifluatex 2010/03/01 v1.3 Provides the ifluatex switch (HO)
Package ifluatex Info: LuaTeX not detected.
Package hobsub Info: Skipping package `ifvtex' (already loaded).
Package: intcalc 2007/09/27 v1.1 Expandable calculations with integers (HO)
Package hobsub Info: Skipping package `ifpdf' (already loaded).
Package: etexcmds 2011/02/16 v1.5 Avoid name clashes with e-TeX commands (HO)
Package etexcmds Info: Could not find \expanded.
(etexcmds)             That can mean that you are not using pdfTeX 1.50 or
(etexcmds)             that some package has redefined \expanded.
(etexcmds)             In the latter case, load this package earlier.
Package: kvsetkeys 2012/04/25 v1.16 Key value parser (HO)
Package: kvdefinekeys 2011/04/07 v1.3 Define keys (HO)
Package: pdftexcmds 2011/11/29 v0.20 Utility functions of pdfTeX for LuaTeX (HO
)
Package pdftexcmds Info: LuaTeX not detected.
Package pdftexcmds Info: \pdf@primitive is available.
Package pdftexcmds Info: \pdf@ifprimitive is available.
Package pdftexcmds Info: \pdfdraftmode found.
Package: pdfescape 2011/11/25 v1.13 Implements pdfTeX's escape features (HO)
Package: bigintcalc 2012/04/08 v1.3 Expandable calculations on big integers (HO
)
Package: bitset 2011/01/30 v1.1 Handle bit-vector datatype (HO)
Package: uniquecounter 2011/01/30 v1.2 Provide unlimited unique counter (HO)
)
Package hobsub Info: Skipping package `hobsub' (already loaded).
Package: letltxmacro 2010/09/02 v1.4 Let assignment for LaTeX macros (HO)
Package: hopatch 2012/05/28 v1.2 Wrapper for package hooks (HO)
Package: xcolor-patch 2011/01/30 xcolor patch
Package: atveryend 2011/06/30 v1.8 Hooks at the very end of document (HO)
Package atveryend Info: \enddocument detected (standard20110627).
Package: atbegshi 2011/10/05 v1.16 At begin shipout hook (HO)
Package: refcount 2011/10/16 v3.4 Data extraction from label references (HO)
Package: hycolor 2011/01/30 v1.7 Color options for hyperref/bookmark (HO)
)
(/usr/local/texlive/2015/texmf-dist/tex/latex/oberdiek/auxhook.sty
Package: auxhook 2011/03/04 v1.3 Hooks for auxiliary files (HO)
)
(/usr/local/texlive/2015/texmf-dist/tex/latex/oberdiek/kvoptions.sty
Package: kvoptions 2011/06/30 v3.11 Key value format for package options (HO)
)
\@linkdim=\dimen115
\Hy@linkcounter=\count96
\Hy@pagecounter=\count97

(/usr/local/texlive/2015/texmf-dist/tex/latex/hyperref/pd1enc.def
File: pd1enc.def 2012/11/06 v6.83m Hyperref: PDFDocEncoding definition (HO)
)
\Hy@SavedSpaceFactor=\count98

(/usr/local/texlive/2015/texmf-dist/tex/latex/latexconfig/hyperref.cfg
File: hyperref.cfg 2002/06/06 v1.2 hyperref configuration of TeXLive
)
Package hyperref Info: Hyper figures OFF on input line 4443.
Package hyperref Info: Link nesting OFF on input line 4448.
Package hyperref Info: Hyper index ON on input line 4451.
Package hyperref Info: Plain pages OFF on input line 4458.
Package hyperref Info: Backreferencing OFF on input line 4463.
Package hyperref Info: Implicit mode ON; LaTeX internals redefined.
Package hyperref Info: Bookmarks ON on input line 4688.
\c@Hy@tempcnt=\count99

(/usr/local/texlive/2015/texmf-dist/tex/latex/url/url.sty
\Urlmuskip=\muskip10
Package: url 2013/09/16  ver 3.4  Verb mode for urls, etc.
)
LaTeX Info: Redefining \url on input line 5041.
\XeTeXLinkMargin=\dimen116
\Fld@menulength=\count100
\Field@Width=\dimen117
\Fld@charsize=\dimen118
Package hyperref Info: Hyper figures OFF on input line 6295.
Package hyperref Info: Link nesting OFF on input line 6300.
Package hyperref Info: Hyper index ON on input line 6303.
Package hyperref Info: backreferencing OFF on input line 6310.
Package hyperref Info: Link coloring OFF on input line 6315.
Package hyperref Info: Link coloring with OCG OFF on input line 6320.
Package hyperref Info: PDF/A mode OFF on input line 6325.
LaTeX Info: Redefining \ref on input line 6365.
LaTeX Info: Redefining \pageref on input line 6369.
\Hy@abspage=\count101
\c@Item=\count102
\c@Hfootnote=\count103
)

Package hyperref Message: Driver (autodetected): hpdftex.

(/usr/local/texlive/2015/texmf-dist/tex/latex/hyperref/hpdftex.def
File: hpdftex.def 2012/11/06 v6.83m Hyperref driver for pdfTeX
\Fld@listcount=\count104
\c@bookmark@seq@number=\count105

(/usr/local/texlive/2015/texmf-dist/tex/latex/oberdiek/rerunfilecheck.sty
Package: rerunfilecheck 2011/04/15 v1.7 Rerun checks for auxiliary files (HO)
Package uniquecounter Info: New unique counter `rerunfilecheck' on input line 2
82.
)
\Hy@SectionHShift=\skip49
)
(/usr/local/texlive/2015/texmf-dist/tex/latex/comment/comment.sty
\CommentStream=\write3

Excluding comment 'comment')
(/usr/local/texlive/2015/texmf-dist/tex/latex/was/gensymb.sty
Package: gensymb 2003/07/02 v1.0 (WaS)
)
(/usr/local/texlive/2015/texmf-dist/tex/latex/lineno/lineno.sty
Package: lineno 2005/11/02 line numbers on paragraphs v4.41
\linenopenalty=\count106
\output=\toks19
\linenoprevgraf=\count107
\linenumbersep=\dimen119
\linenumberwidth=\dimen120
\c@linenumber=\count108
\c@pagewiselinenumber=\count109
\c@LN@truepage=\count110
\c@internallinenumber=\count111
\c@internallinenumbers=\count112
\quotelinenumbersep=\dimen121
\bframerule=\dimen122
\bframesep=\dimen123
\bframebox=\box28
LaTeX Info: Redefining \\ on input line 3056.
)
(/usr/local/texlive/2015/texmf-dist/tex/latex/preprint/authblk.sty
Package: authblk 2001/02/27 1.3 (PWD)
\affilsep=\skip50
\@affilsep=\skip51
\c@Maxaffil=\count113
\c@authors=\count114
\c@affil=\count115
)

LaTeX Warning: Unused global option(s):
    [8pt].

(./Report_beeler.aux)
\openout1 = `Report_beeler.aux'.

LaTeX Font Info:    Checking defaults for OML/cmm/m/it on input line 30.
LaTeX Font Info:    ... okay on input line 30.
LaTeX Font Info:    Checking defaults for T1/cmr/m/n on input line 30.
LaTeX Font Info:    ... okay on input line 30.
LaTeX Font Info:    Checking defaults for OT1/cmr/m/n on input line 30.
LaTeX Font Info:    ... okay on input line 30.
LaTeX Font Info:    Checking defaults for OMS/cmsy/m/n on input line 30.
LaTeX Font Info:    ... okay on input line 30.
LaTeX Font Info:    Checking defaults for OMX/cmex/m/n on input line 30.
LaTeX Font Info:    ... okay on input line 30.
LaTeX Font Info:    Checking defaults for U/cmr/m/n on input line 30.
LaTeX Font Info:    ... okay on input line 30.
LaTeX Font Info:    Checking defaults for PD1/pdf/m/n on input line 30.
LaTeX Font Info:    ... okay on input line 30.

*geometry* driver: auto-detecting
*geometry* detected driver: pdftex
*geometry* verbose mode - [ preamble ] result:
* driver: pdftex
* paper: letterpaper
* layout: <same size as paper>
* layoutoffset:(h,v)=(0.0pt,0.0pt)
* modes: 
* h-part:(L,W,R)=(92.14519pt, 430.00462pt, 92.14519pt)
* v-part:(T,H,B)=(95.39737pt, 556.47656pt, 143.09605pt)
* \paperwidth=614.295pt
* \paperheight=794.96999pt
* \textwidth=430.00462pt
* \textheight=556.47656pt
* \oddsidemargin=19.8752pt
* \evensidemargin=19.8752pt
* \topmargin=-13.87262pt
* \headheight=12.0pt
* \headsep=25.0pt
* \topskip=10.0pt
* \footskip=30.0pt
* \marginparwidth=65.0pt
* \marginparsep=11.0pt
* \columnsep=10.0pt
* \skip\footins=9.0pt plus 4.0pt minus 2.0pt
* \hoffset=0.0pt
* \voffset=0.0pt
* \mag=1000
* \@twocolumnfalse
* \@twosidefalse
* \@mparswitchfalse
* \@reversemarginfalse
* (1in=72.27pt=25.4mm, 1cm=28.453pt)

(/usr/local/texlive/2015/texmf-dist/tex/context/base/supp-pdf.mkii
[Loading MPS to PDF converter (version 2006.09.02).]
\scratchcounter=\count116
\scratchdimen=\dimen124
\scratchbox=\box29
\nofMPsegments=\count117
\nofMParguments=\count118
\everyMPshowfont=\toks20
\MPscratchCnt=\count119
\MPscratchDim=\dimen125
\MPnumerator=\count120
\makeMPintoPDFobject=\count121
\everyMPtoPDFconversion=\toks21
) (/usr/local/texlive/2015/texmf-dist/tex/latex/oberdiek/epstopdf-base.sty
Package: epstopdf-base 2010/02/09 v2.5 Base part for package epstopdf

(/usr/local/texlive/2015/texmf-dist/tex/latex/oberdiek/grfext.sty
Package: grfext 2010/08/19 v1.1 Manage graphics extensions (HO)
)
Package grfext Info: Graphics extension search list:
(grfext)             [.png,.pdf,.jpg,.mps,.jpeg,.jbig2,.jb2,.PNG,.PDF,.JPG,.JPE
G,.JBIG2,.JB2,.eps]
(grfext)             \AppendGraphicsExtensions on input line 452.

(/usr/local/texlive/2015/texmf-dist/tex/latex/latexconfig/epstopdf-sys.cfg
File: epstopdf-sys.cfg 2010/07/13 v1.3 Configuration of (r)epstopdf for TeX Liv
e
))
\AtBeginShipoutBox=\box30
Package hyperref Info: Link coloring OFF on input line 30.

(/usr/local/texlive/2015/texmf-dist/tex/latex/hyperref/nameref.sty
Package: nameref 2012/10/27 v2.43 Cross-referencing by name of section

(/usr/local/texlive/2015/texmf-dist/tex/generic/oberdiek/gettitlestring.sty
Package: gettitlestring 2010/12/03 v1.4 Cleanup title references (HO)
)
\c@section@level=\count122
)
LaTeX Info: Redefining \ref on input line 30.
LaTeX Info: Redefining \pageref on input line 30.
LaTeX Info: Redefining \nameref on input line 30.

(./Report_beeler.out) (./Report_beeler.out)
\@outlinefile=\write4
\openout4 = `Report_beeler.out'.

LaTeX Info: Redefining \celsius on input line 30.
Package gensymb Info: Faking symbols for \degree and \celsius on input line 30.



Package gensymb Warning: Not defining \perthousand.

LaTeX Info: Redefining \ohm on input line 30.
Package gensymb Info: Using \Omega for \ohm on input line 30.

Package gensymb Warning: Not defining \micro.

Excluding 'comment' comment.
LaTeX Font Info:    Try loading font information for U+msa on input line 42.

(/usr/local/texlive/2015/texmf-dist/tex/latex/amsfonts/umsa.fd
File: umsa.fd 2013/01/14 v3.01 AMS symbols A
)
LaTeX Font Info:    Try loading font information for U+msb on input line 42.

(/usr/local/texlive/2015/texmf-dist/tex/latex/amsfonts/umsb.fd
File: umsb.fd 2013/01/14 v3.01 AMS symbols B
) [1

{/usr/local/texlive/2015/texmf-var/fonts/map/pdftex/updmap/pdftex.map}]

LaTeX Warning: Citation `nrt' on page 2 undefined on input line 57.


LaTeX Warning: Citation `soullard1977' on page 2 undefined on input line 59.


LaTeX Warning: Citation `soullard1985' on page 2 undefined on input line 59.


LaTeX Warning: Citation `meis2005' on page 2 undefined on input line 61.


LaTeX Warning: Citation `Litt' on page 2 undefined on input line 61.


LaTeX Warning: Citation `vanbrutzel2003' on page 2 undefined on input line 61.


LaTeX Warning: Citation `vanbrutzel2006' on page 2 undefined on input line 61.


LaTeX Warning: Citation `martin2011' on page 2 undefined on input line 61.


LaTeX Warning: Citation `devanathan2009' on page 2 undefined on input line 61.


LaTeX Warning: Citation `kinchinpease' on page 2 undefined on input line 61.


LaTeX Warning: Citation `martin2015' on page 2 undefined on input line 61.


LaTeX Warning: Citation `martin2014' on page 2 undefined on input line 61.


LaTeX Warning: Citation `morelon2003' on page 2 undefined on input line 61.


LaTeX Warning: Citation `meis2005' on page 2 undefined on input line 63.


LaTeX Warning: Citation `devanathan1998' on page 2 undefined on input line 63.


LaTeX Warning: Citation `Motta' on page 2 undefined on input line 63.

[2

]

LaTeX Warning: Citation `basak' on page 3 undefined on input line 72.


LaTeX Warning: Citation `yamada' on page 3 undefined on input line 72.


LaTeX Warning: Citation `yakub' on page 3 undefined on input line 72.


LaTeX Warning: Citation `govers1' on page 3 undefined on input line 72.


LaTeX Warning: Citation `govers2' on page 3 undefined on input line 72.


LaTeX Warning: Citation `potashnikov' on page 3 undefined on input line 72.


LaTeX Warning: Citation `govers2' on page 3 undefined on input line 72.


LaTeX Warning: Citation `basak' on page 3 undefined on input line 72.


LaTeX Warning: Citation `ZBL' on page 3 undefined on input line 74.

[3]

LaTeX Warning: Citation `lammps' on page 4 undefined on input line 80.


LaTeX Warning: Citation `lammps' on page 4 undefined on input line 86.


LaTeX Warning: Citation `voro' on page 4 undefined on input line 86.


LaTeX Warning: Citation `ajay' on page 4 undefined on input line 86.

[4]

LaTeX Warning: Reference `fig:KE' on page 5 undefined on input line 88.

<ETN.png, id=40, 641.39626pt x 454.69875pt>
File: ETN.png Graphic file (type png)
 <use ETN.png>
Package pdftex.def Info: ETN.png used on input line 92.
(pdftex.def)             Requested size: 258.00539pt x 182.91005pt.


LaTeX Warning: Reference `fig:fpu' on page 5 undefined on input line 103.


LaTeX Warning: Citation `soullard1977' on page 5 undefined on input line 103.


LaTeX Warning: Citation `soullard1985' on page 5 undefined on input line 103.

[5 <./ETN.png>]

LaTeX Warning: Citation `nordlund2006' on page 6 undefined on input line 105.


LaTeX Warning: Citation `beelertde' on page 6 undefined on input line 105.


LaTeX Warning: Citation `meis2005' on page 6 undefined on input line 105.

<FP_U.png, id=52, 1584.92125pt x 418.56375pt>
File: FP_U.png Graphic file (type png)
 <use FP_U.png>
Package pdftex.def Info: FP_U.png used on input line 109.
(pdftex.def)             Requested size: 430.00462pt x 113.5566pt.


LaTeX Warning: Reference `fig:fpo' on page 6 undefined on input line 114.


LaTeX Warning: Citation `soullard1977' on page 6 undefined on input line 114.


LaTeX Warning: Citation `soullard1985' on page 6 undefined on input line 114.

<FP_O.png, id=53, 1629.08624pt x 407.5225pt>
File: FP_O.png Graphic file (type png)
 <use FP_O.png>
Package pdftex.def Info: FP_O.png used on input line 120.
(pdftex.def)             Requested size: 430.00462pt x 107.56387pt.


LaTeX Warning: `h' float specifier changed to `ht'.

[6 <./FP_U.png>]

LaTeX Warning: Reference `fig:latu' on page 7 undefined on input line 129.


LaTeX Warning: Reference `fig:latu' on page 7 undefined on input line 129.


LaTeX Warning: Reference `fig:fpu' on page 7 undefined on input line 129.


LaTeX Warning: Reference `fig:latu' on page 7 undefined on input line 129.


LaTeX Warning: Reference `fig:latu' on page 7 undefined on input line 129.

<lat_U.png, id=60, 1588.93625pt x 419.5675pt>
File: lat_U.png Graphic file (type png)
 <use lat_U.png>
Package pdftex.def Info: lat_U.png used on input line 133.
(pdftex.def)             Requested size: 430.00462pt x 113.54082pt.


LaTeX Warning: `h' float specifier changed to `ht'.


LaTeX Warning: Reference `fig:lato' on page 7 undefined on input line 138.


LaTeX Warning: Reference `fig:lato' on page 7 undefined on input line 138.

<lat_O.png, id=61, 1627.07875pt x 409.53pt>
File: lat_O.png Graphic file (type png)
 <use lat_O.png>
Package pdftex.def Info: lat_O.png used on input line 142.
(pdftex.def)             Requested size: 430.00462pt x 108.23123pt.
 [7 <./FP_O.png>]

LaTeX Warning: Reference `fig:dispou' on page 8 undefined on input line 153.

<dispO_U.png, id=70, 1599.9775pt x 424.58624pt>
File: dispO_U.png Graphic file (type png)
 <use dispO_U.png>
Package pdftex.def Info: dispO_U.png used on input line 157.
(pdftex.def)             Requested size: 430.00462pt x 114.10857pt.


LaTeX Warning: `h' float specifier changed to `ht'.


LaTeX Warning: Reference `fig:dispoo' on page 8 undefined on input line 162.

[8 <./lat_U.png> <./lat_O.png>]
<dispO_O.png, id=81, 1625.07124pt x 404.51125pt>
File: dispO_O.png Graphic file (type png)
 <use dispO_O.png>
Package pdftex.def Info: dispO_O.png used on input line 166.
(pdftex.def)             Requested size: 430.00462pt x 107.03448pt.


LaTeX Warning: Reference `fig:dispuu' on page 9 undefined on input line 176.


LaTeX Warning: Reference `fig:dispou' on page 9 undefined on input line 176.


LaTeX Warning: Reference `fig:fpu' on page 9 undefined on input line 176.


LaTeX Warning: Reference `fig:fpu' on page 9 undefined on input line 176.


LaTeX Warning: Reference `fig:dispou' on page 9 undefined on input line 176.

[9 <./dispO_U.png> <./dispO_O.png>]
<dispU_U.png, id=91, 1580.90625pt x 424.58624pt>
File: dispU_U.png Graphic file (type png)
 <use dispU_U.png>
Package pdftex.def Info: dispU_U.png used on input line 182.
(pdftex.def)             Requested size: 430.00462pt x 115.48851pt.


LaTeX Warning: Reference `fig:fpoe' on page 10 undefined on input line 192.


LaTeX Warning: Reference `fig:fpoe' on page 10 undefined on input line 192.


LaTeX Warning: Reference `fig:fpu' on page 10 undefined on input line 192.

<FP_OE.png, id=92, 1627.07875pt x 414.54875pt>
File: FP_OE.png Graphic file (type png)
 <use FP_OE.png>
Package pdftex.def Info: FP_OE.png used on input line 196.
(pdftex.def)             Requested size: 430.00462pt x 109.55759pt.


LaTeX Warning: `h' float specifier changed to `ht'.


LaTeX Warning: Reference `tab:dispU' on page 10 undefined on input line 201.

[10 <./dispU_U.png>] [11 <./FP_OE.png>]

LaTeX Warning: Reference `fig:dispoe' on page 12 undefined on input line 239.


LaTeX Warning: Reference `fig:fpoe' on page 12 undefined on input line 239.


LaTeX Warning: Reference `fig:dispoo' on page 12 undefined on input line 239.

<dispO_OE.png, id=106, 1620.0525pt x 407.5225pt>
File: dispO_OE.png Graphic file (type png)
 <use dispO_OE.png>
Package pdftex.def Info: dispO_OE.png used on input line 243.
(pdftex.def)             Requested size: 430.00462pt x 108.16705pt.


LaTeX Warning: Citation `ovito' on page 12 undefined on input line 251.


LaTeX Warning: Citation `basak' on page 12 undefined on input line 251.

[12 <./dispO_OE.png>] (./Report_beeler.bbl [13]
Missing character: There is no Î in font cmr10!
Missing character: There is no ² in font cmr10!
 [14])
Package atveryend Info: Empty hook `BeforeClearDocument' on input line 262.
 [15]
Package atveryend Info: Empty hook `AfterLastShipout' on input line 262.
 (./Report_beeler.aux)
Package atveryend Info: Executing hook `AtVeryEndDocument' on input line 262.
Package atveryend Info: Executing hook `AtEndAfterFileList' on input line 262.


Package rerunfilecheck Warning: File `Report_beeler.out' has changed.
(rerunfilecheck)                Rerun to get outlines right
(rerunfilecheck)                or use package `bookmark'.

Package rerunfilecheck Info: Checksums for `Report_beeler.out':
(rerunfilecheck)             Before: D41D8CD98F00B204E9800998ECF8427E;0
(rerunfilecheck)             After:  736D19117C6C0CDF2F5FE3A69B2CAB87;801.

LaTeX Warning: There were undefined references.


LaTeX Warning: Label(s) may have changed. Rerun to get cross-references right.

Package atveryend Info: Empty hook `AtVeryVeryEnd' on input line 262.
 ) 
Here is how much of TeX's memory you used:
 6650 strings out of 493089
 97124 string characters out of 6134842
 188577 words of memory out of 5000000
 9971 multiletter control sequences out of 15000+600000
 14949 words of font info for 58 fonts, out of 8000000 for 9000
 1141 hyphenation exceptions out of 8191
 29i,7n,28p,1955b,429s stack positions out of 5000i,500n,10000p,200000b,80000s
</usr/local/texlive/2015/texmf-dist/fonts/type1/public/amsfonts/cm/cmbx10.pfb
></usr/local/texlive/2015/texmf-dist/fonts/type1/public/amsfonts/cm/cmbx12.pfb>
</usr/local/texlive/2015/texmf-dist/fonts/type1/public/amsfonts/cm/cmbx9.pfb></
usr/local/texlive/2015/texmf-dist/fonts/type1/public/amsfonts/cm/cmex10.pfb></u
sr/local/texlive/2015/texmf-dist/fonts/type1/public/amsfonts/cm/cmmi10.pfb></us
r/local/texlive/2015/texmf-dist/fonts/type1/public/amsfonts/cm/cmmi12.pfb></usr
/local/texlive/2015/texmf-dist/fonts/type1/public/amsfonts/cm/cmmi6.pfb></usr/l
ocal/texlive/2015/texmf-dist/fonts/type1/public/amsfonts/cm/cmmi7.pfb></usr/loc
al/texlive/2015/texmf-dist/fonts/type1/public/amsfonts/cm/cmmi9.pfb></usr/local
/texlive/2015/texmf-dist/fonts/type1/public/amsfonts/cm/cmr10.pfb></usr/local/t
exlive/2015/texmf-dist/fonts/type1/public/amsfonts/cm/cmr12.pfb></usr/local/tex
live/2015/texmf-dist/fonts/type1/public/amsfonts/cm/cmr17.pfb></usr/local/texli
ve/2015/texmf-dist/fonts/type1/public/amsfonts/cm/cmr6.pfb></usr/local/texlive/
2015/texmf-dist/fonts/type1/public/amsfonts/cm/cmr7.pfb></usr/local/texlive/201
5/texmf-dist/fonts/type1/public/amsfonts/cm/cmr8.pfb></usr/local/texlive/2015/t
exmf-dist/fonts/type1/public/amsfonts/cm/cmr9.pfb></usr/local/texlive/2015/texm
f-dist/fonts/type1/public/amsfonts/cm/cmsy10.pfb></usr/local/texlive/2015/texmf
-dist/fonts/type1/public/amsfonts/cm/cmti10.pfb>
Output written on Report_beeler.pdf (15 pages, 1105703 bytes).
PDF statistics:
 232 PDF objects out of 1000 (max. 8388607)
 175 compressed objects within 2 object streams
 68 named destinations out of 1000 (max. 500000)
 51 words of extra memory for PDF output out of 10000 (max. 10000000)

