This is pdfTeX, Version 3.141592653-2.6-1.40.22 (TeX Live 2021) (preloaded format=pdflatex 2021.8.27)  21 FEB 2025 15:26
entering extended mode
 restricted \write18 enabled.
 file:line:error style messages enabled.
 %&-line parsing enabled.
**template.tex
(./template.tex
LaTeX2e <2020-10-01> patch level 4
L3 programming layer <2021-02-18> (./Definitions/mdpi.cls
Document Class: Definitions/mdpi 12/23/2024 MDPI paper class
(/usr/local/texlive/2021/texmf-dist/tex/latex/base/article.cls
Document Class: article 2020/04/10 v1.4m Standard LaTeX document class
(/usr/local/texlive/2021/texmf-dist/tex/latex/base/size10.clo
File: size10.clo 2020/04/10 v1.4m Standard LaTeX file (size option)
)
\c@part=\count179
\c@section=\count180
\c@subsection=\count181
\c@subsubsection=\count182
\c@paragraph=\count183
\c@subparagraph=\count184
\c@figure=\count185
\c@table=\count186
\abovecaptionskip=\skip47
\belowcaptionskip=\skip48
\bibindent=\dimen138
)
(/usr/local/texlive/2021/texmf-dist/tex/latex/base/fontenc.sty
Package: fontenc 2020/08/10 v2.0s Standard LaTeX package
)
(/usr/local/texlive/2021/texmf-dist/tex/latex/base/inputenc.sty
Package: inputenc 2020/08/01 v1.3d Input encoding file
\inpenc@prehook=\toks15
\inpenc@posthook=\toks16
)
(/usr/local/texlive/2021/texmf-dist/tex/latex/tools/calc.sty
Package: calc 2017/05/25 v4.3 Infix arithmetic (KKT,FJ)
\calc@Acount=\count187
\calc@Bcount=\count188
\calc@Adimen=\dimen139
\calc@Bdimen=\dimen140
\calc@Askip=\skip49
\calc@Bskip=\skip50
LaTeX Info: Redefining \setlength on input line 80.
LaTeX Info: Redefining \addtolength on input line 81.
\calc@Ccount=\count189
\calc@Cskip=\skip51
)
(/usr/local/texlive/2021/texmf-dist/tex/latex/tools/indentfirst.sty
Package: indentfirst 1995/11/23 v1.03 Indent first paragraph (DPC)
)
(/usr/local/texlive/2021/texmf-dist/tex/latex/fancyhdr/fancyhdr.sty
Package: fancyhdr 2021/01/28 v4.0.1 Extensive control of page headers and foote
rs
\f@nch@headwidth=\skip52
\f@nch@O@elh=\skip53
\f@nch@O@erh=\skip54
\f@nch@O@olh=\skip55
\f@nch@O@orh=\skip56
\f@nch@O@elf=\skip57
\f@nch@O@erf=\skip58
\f@nch@O@olf=\skip59
\f@nch@O@orf=\skip60
)
(/usr/local/texlive/2021/texmf-dist/tex/latex/graphics/graphicx.sty
Package: graphicx 2020/09/09 v1.2b Enhanced LaTeX Graphics (DPC,SPQR)

(/usr/local/texlive/2021/texmf-dist/tex/latex/graphics/keyval.sty
Package: keyval 2014/10/28 v1.15 key=value parser (DPC)
\KV@toks@=\toks17
)
(/usr/local/texlive/2021/texmf-dist/tex/latex/graphics/graphics.sty
Package: graphics 2020/08/30 v1.4c Standard LaTeX Graphics (DPC,SPQR)

(/usr/local/texlive/2021/texmf-dist/tex/latex/graphics/trig.sty
Package: trig 2016/01/03 v1.10 sin cos tan (DPC)
)
(/usr/local/texlive/2021/texmf-dist/tex/latex/graphics-cfg/graphics.cfg
File: graphics.cfg 2016/06/04 v1.11 sample graphics configuration
)
Package graphics Info: Driver file: pdftex.def on input line 105.

(/usr/local/texlive/2021/texmf-dist/tex/latex/graphics-def/pdftex.def
File: pdftex.def 2020/10/05 v1.2a Graphics/color driver for pdftex
))
\Gin@req@height=\dimen141
\Gin@req@width=\dimen142
)
(/usr/local/texlive/2021/texmf-dist/tex/latex/epstopdf-pkg/epstopdf.sty
Package: epstopdf 2020-01-24 v2.11 Conversion with epstopdf on the fly (HO)

(/usr/local/texlive/2021/texmf-dist/tex/generic/infwarerr/infwarerr.sty
Package: infwarerr 2019/12/03 v1.5 Providing info/warning/error messages (HO)
)
(/usr/local/texlive/2021/texmf-dist/tex/latex/grfext/grfext.sty
Package: grfext 2019/12/03 v1.3 Manage graphics extensions (HO)

(/usr/local/texlive/2021/texmf-dist/tex/generic/kvdefinekeys/kvdefinekeys.sty
Package: kvdefinekeys 2019-12-19 v1.6 Define keys (HO)
)) (/usr/local/texlive/2021/texmf-dist/tex/latex/kvoptions/kvoptions.sty
Package: kvoptions 2020-10-07 v3.14 Key value format for package options (HO)

(/usr/local/texlive/2021/texmf-dist/tex/generic/ltxcmds/ltxcmds.sty
Package: ltxcmds 2020-05-10 v1.25 LaTeX kernel commands for general use (HO)
)
(/usr/local/texlive/2021/texmf-dist/tex/generic/kvsetkeys/kvsetkeys.sty
Package: kvsetkeys 2019/12/15 v1.18 Key value parser (HO)
))
(/usr/local/texlive/2021/texmf-dist/tex/generic/pdftexcmds/pdftexcmds.sty
Package: pdftexcmds 2020-06-27 v0.33 Utility functions of pdfTeX for LuaTeX (HO
)

(/usr/local/texlive/2021/texmf-dist/tex/generic/iftex/iftex.sty
Package: iftex 2020/03/06 v1.0d TeX engine tests
)
Package pdftexcmds Info: \pdf@primitive is available.
Package pdftexcmds Info: \pdf@ifprimitive is available.
Package pdftexcmds Info: \pdfdraftmode found.
)
(/usr/local/texlive/2021/texmf-dist/tex/latex/epstopdf-pkg/epstopdf-base.sty
Package: epstopdf-base 2020-01-24 v2.11 Base part for package epstopdf
Package epstopdf-base Info: Redefining graphics rule for `.eps' on input line 4
85.
Package grfext Info: Graphics extension search list:
(grfext)             [.pdf,.png,.jpg,.mps,.jpeg,.jbig2,.jb2,.PDF,.PNG,.JPG,.JPE
G,.JBIG2,.JB2,.eps]
(grfext)             \AppendGraphicsExtensions on input line 504.

(/usr/local/texlive/2021/texmf-dist/tex/latex/latexconfig/epstopdf-sys.cfg
File: epstopdf-sys.cfg 2010/07/13 v1.3 Configuration of (r)epstopdf for TeX Liv
e
)))
(/usr/local/texlive/2021/texmf-dist/tex/latex/lastpage/lastpage.sty
Package: lastpage 2015/03/29 v1.2m Refers to last page's name (HMM; JPG)
)
(/usr/local/texlive/2021/texmf-dist/tex/latex/base/ifthen.sty
Package: ifthen 2014/09/29 v1.1c Standard LaTeX ifthen package (DPC)
)
(/usr/local/texlive/2021/texmf-dist/tex/latex/float/float.sty
Package: float 2001/11/08 v1.3d Float enhancements (AL)
\c@float@type=\count190
\float@exts=\toks18
\float@box=\box47
\@float@everytoks=\toks19
\@floatcapt=\box48
)
(/usr/local/texlive/2021/texmf-dist/tex/latex/amsmath/amsmath.sty
Package: amsmath 2020/09/23 v2.17i AMS math features
\@mathmargin=\skip61

For additional information on amsmath, use the `?' option.
(/usr/local/texlive/2021/texmf-dist/tex/latex/amsmath/amstext.sty
Package: amstext 2000/06/29 v2.01 AMS text

(/usr/local/texlive/2021/texmf-dist/tex/latex/amsmath/amsgen.sty
File: amsgen.sty 1999/11/30 v2.0 generic functions
\@emptytoks=\toks20
\ex@=\dimen143
))
(/usr/local/texlive/2021/texmf-dist/tex/latex/amsmath/amsbsy.sty
Package: amsbsy 1999/11/29 v1.2d Bold Symbols
\pmbraise@=\dimen144
)
(/usr/local/texlive/2021/texmf-dist/tex/latex/amsmath/amsopn.sty
Package: amsopn 2016/03/08 v2.02 operator names
)
\inf@bad=\count191
LaTeX Info: Redefining \frac on input line 234.
\uproot@=\count192
\leftroot@=\count193
LaTeX Info: Redefining \overline on input line 399.
\classnum@=\count194
\DOTSCASE@=\count195
LaTeX Info: Redefining \ldots on input line 496.
LaTeX Info: Redefining \dots on input line 499.
LaTeX Info: Redefining \cdots on input line 620.
\Mathstrutbox@=\box49
\strutbox@=\box50
\big@size=\dimen145
LaTeX Font Info:    Redeclaring font encoding OML on input line 743.
LaTeX Font Info:    Redeclaring font encoding OMS on input line 744.
\macc@depth=\count196
\c@MaxMatrixCols=\count197
\dotsspace@=\muskip16
\c@parentequation=\count198
\dspbrk@lvl=\count199
\tag@help=\toks21
\row@=\count266
\column@=\count267
\maxfields@=\count268
\andhelp@=\toks22
\eqnshift@=\dimen146
\alignsep@=\dimen147
\tagshift@=\dimen148
\tagwidth@=\dimen149
\totwidth@=\dimen150
\lineht@=\dimen151
\@envbody=\toks23
\multlinegap=\skip62
\multlinetaggap=\skip63
\mathdisplay@stack=\toks24
LaTeX Info: Redefining \[ on input line 2923.
LaTeX Info: Redefining \] on input line 2924.
)
(/usr/local/texlive/2021/texmf-dist/tex/latex/amsfonts/amssymb.sty
Package: amssymb 2013/01/14 v3.01 AMS font symbols

(/usr/local/texlive/2021/texmf-dist/tex/latex/amsfonts/amsfonts.sty
Package: amsfonts 2013/01/14 v3.01 Basic AMSFonts support
\symAMSa=\mathgroup4
\symAMSb=\mathgroup5
LaTeX Font Info:    Redeclaring math symbol \hbar on input line 98.
LaTeX Font Info:    Overwriting math alphabet `\mathfrak' in version `bold'
(Font)                  U/euf/m/n --> U/euf/b/n on input line 106.
))
(/usr/local/texlive/2021/texmf-dist/tex/latex/lineno/lineno.sty
Package: lineno 2005/11/02 line numbers on paragraphs v4.41
\linenopenalty=\count269
\output=\toks25
\linenoprevgraf=\count270
\linenumbersep=\dimen152
\linenumberwidth=\dimen153
\c@linenumber=\count271
\c@pagewiselinenumber=\count272
\c@LN@truepage=\count273
\c@internallinenumber=\count274
\c@internallinenumbers=\count275
\quotelinenumbersep=\dimen154
\bframerule=\dimen155
\bframesep=\dimen156
\bframebox=\box51
LaTeX Info: Redefining \\ on input line 3056.
)
(/usr/local/texlive/2021/texmf-dist/tex/latex/setspace/setspace.sty
Package: setspace 2011/12/19 v6.7a set line spacing
)
(/usr/local/texlive/2021/texmf-dist/tex/latex/enumitem/enumitem.sty
Package: enumitem 2019/06/20 v3.9 Customized lists
\labelindent=\skip64
\enit@outerparindent=\dimen157
\enit@toks=\toks26
\enit@inbox=\box52
\enit@count@id=\count276
\enitdp@description=\count277
)
(/usr/local/texlive/2021/texmf-dist/tex/latex/psnfss/mathpazo.sty
Package: mathpazo 2020/03/25 PSNFSS-v9.3 Palatino w/ Pazo Math (D.Puga, WaS) 
\symupright=\mathgroup6
)
(/usr/local/texlive/2021/texmf-dist/tex/latex/booktabs/booktabs.sty
Package: booktabs 2020/01/12 v1.61803398 Publication quality tables
\heavyrulewidth=\dimen158
\lightrulewidth=\dimen159
\cmidrulewidth=\dimen160
\belowrulesep=\dimen161
\belowbottomsep=\dimen162
\aboverulesep=\dimen163
\abovetopsep=\dimen164
\cmidrulesep=\dimen165
\cmidrulekern=\dimen166
\defaultaddspace=\dimen167
\@cmidla=\count278
\@cmidlb=\count279
\@aboverulesep=\dimen168
\@belowrulesep=\dimen169
\@thisruleclass=\count280
\@lastruleclass=\count281
\@thisrulewidth=\dimen170
)
(/usr/local/texlive/2021/texmf-dist/tex/latex/titlesec/titlesec.sty
Package: titlesec 2019/10/16 v2.13 Sectioning titles
\ttl@box=\box53
\beforetitleunit=\skip65
\aftertitleunit=\skip66
\ttl@plus=\dimen171
\ttl@minus=\dimen172
\ttl@toksa=\toks27
\titlewidth=\dimen173
\titlewidthlast=\dimen174
\titlewidthfirst=\dimen175
)
(/usr/local/texlive/2021/texmf-dist/tex/latex/etoolbox/etoolbox.sty
Package: etoolbox 2020/10/05 v2.5k e-TeX tools for LaTeX (JAW)
\etb@tempcnta=\count282
)
(/usr/local/texlive/2021/texmf-dist/tex/latex/tabto-ltx/tabto.sty
Package: tabto 2018/12/28  v 1.4  Another tabbing mechanism
\CurrentLineWidth=\dimen176
\TabPrevPos=\dimen177
)
(/usr/local/texlive/2021/texmf-dist/tex/latex/xcolor/xcolor.sty
Package: xcolor 2016/05/11 v2.12 LaTeX color extensions (UK)

(/usr/local/texlive/2021/texmf-dist/tex/latex/graphics-cfg/color.cfg
File: color.cfg 2016/01/02 v1.6 sample color configuration
)
Package xcolor Info: Driver file: pdftex.def on input line 225.
Package xcolor Info: Model `cmy' substituted by `cmy0' on input line 1348.
Package xcolor Info: Model `hsb' substituted by `rgb' on input line 1352.
Package xcolor Info: Model `RGB' extended on input line 1364.
Package xcolor Info: Model `HTML' substituted by `rgb' on input line 1366.
Package xcolor Info: Model `Hsb' substituted by `hsb' on input line 1367.
Package xcolor Info: Model `tHsb' substituted by `hsb' on input line 1368.
Package xcolor Info: Model `HSB' substituted by `hsb' on input line 1369.
Package xcolor Info: Model `Gray' substituted by `gray' on input line 1370.
Package xcolor Info: Model `wave' substituted by `hsb' on input line 1371.
)
(/usr/local/texlive/2021/texmf-dist/tex/latex/colortbl/colortbl.sty
Package: colortbl 2020/01/04 v1.0e Color table columns (DPC)

(/usr/local/texlive/2021/texmf-dist/tex/latex/tools/array.sty
Package: array 2020/10/01 v2.5c Tabular extension package (FMi)
\col@sep=\dimen178
\ar@mcellbox=\box54
\extrarowheight=\dimen179
\NC@list=\toks28
\extratabsurround=\skip67
\backup@length=\skip68
\ar@cellbox=\box55
)
\everycr=\toks29
\minrowclearance=\skip69
)
(/usr/local/texlive/2021/texmf-dist/tex/generic/soul/soul.sty
Package: soul 2003/11/17 v2.4 letterspacing/underlining (mf)
\SOUL@word=\toks30
\SOUL@lasttoken=\toks31
\SOUL@cmds=\toks32
\SOUL@buffer=\toks33
\SOUL@token=\toks34
\SOUL@spaceskip=\skip70
\SOUL@ttwidth=\dimen180
\SOUL@uldp=\dimen181
\SOUL@ulht=\dimen182
)
(/usr/local/texlive/2021/texmf-dist/tex/latex/multirow/multirow.sty
Package: multirow 2021/03/15 v2.8 Span multiple rows of a table
\multirow@colwidth=\skip71
\multirow@cntb=\count283
\multirow@dima=\skip72
\bigstrutjot=\dimen183
)
(/usr/local/texlive/2021/texmf-dist/tex/latex/microtype/microtype.sty
Package: microtype 2021/03/14 v2.8c Micro-typographical refinements (RS)
\MT@toks=\toks35
\MT@count=\count284
LaTeX Info: Redefining \textls on input line 790.
\MT@outer@kern=\dimen184
LaTeX Info: Redefining \textmicrotypecontext on input line 1374.
\MT@listname@count=\count285

(/usr/local/texlive/2021/texmf-dist/tex/latex/microtype/microtype-pdftex.def
File: microtype-pdftex.def 2021/03/14 v2.8c Definitions specific to pdftex (RS)

LaTeX Info: Redefining \lsstyle on input line 915.
LaTeX Info: Redefining \lslig on input line 915.
\MT@outer@space=\skip73
)
Package microtype Info: Loading configuration file microtype.cfg.

(/usr/local/texlive/2021/texmf-dist/tex/latex/microtype/microtype.cfg
File: microtype.cfg 2021/03/14 v2.8c microtype main configuration file (RS)
))
(/usr/local/texlive/2021/texmf-dist/tex/latex/pgf/frontendlayer/tikz.sty
(/usr/local/texlive/2021/texmf-dist/tex/latex/pgf/basiclayer/pgf.sty
(/usr/local/texlive/2021/texmf-dist/tex/latex/pgf/utilities/pgfrcs.sty
(/usr/local/texlive/2021/texmf-dist/tex/generic/pgf/utilities/pgfutil-common.te
x
\pgfutil@everybye=\toks36
\pgfutil@tempdima=\dimen185
\pgfutil@tempdimb=\dimen186

(/usr/local/texlive/2021/texmf-dist/tex/generic/pgf/utilities/pgfutil-common-li
sts.tex))
(/usr/local/texlive/2021/texmf-dist/tex/generic/pgf/utilities/pgfutil-latex.def
\pgfutil@abb=\box56
) (/usr/local/texlive/2021/texmf-dist/tex/generic/pgf/utilities/pgfrcs.code.tex
(/usr/local/texlive/2021/texmf-dist/tex/generic/pgf/pgf.revision.tex)
Package: pgfrcs 2020/12/27 v3.1.8b (3.1.8b)
))
Package: pgf 2020/12/27 v3.1.8b (3.1.8b)

(/usr/local/texlive/2021/texmf-dist/tex/latex/pgf/basiclayer/pgfcore.sty
(/usr/local/texlive/2021/texmf-dist/tex/latex/pgf/systemlayer/pgfsys.sty
(/usr/local/texlive/2021/texmf-dist/tex/generic/pgf/systemlayer/pgfsys.code.tex
Package: pgfsys 2020/12/27 v3.1.8b (3.1.8b)
(/usr/local/texlive/2021/texmf-dist/tex/generic/pgf/utilities/pgfkeys.code.tex
\pgfkeys@pathtoks=\toks37
\pgfkeys@temptoks=\toks38

(/usr/local/texlive/2021/texmf-dist/tex/generic/pgf/utilities/pgfkeysfiltered.c
ode.tex
\pgfkeys@tmptoks=\toks39
))
\pgf@x=\dimen187
\pgf@y=\dimen188
\pgf@xa=\dimen189
\pgf@ya=\dimen190
\pgf@xb=\dimen191
\pgf@yb=\dimen192
\pgf@xc=\dimen193
\pgf@yc=\dimen194
\pgf@xd=\dimen195
\pgf@yd=\dimen196
\w@pgf@writea=\write3
\r@pgf@reada=\read2
\c@pgf@counta=\count286
\c@pgf@countb=\count287
\c@pgf@countc=\count288
\c@pgf@countd=\count289
\t@pgf@toka=\toks40
\t@pgf@tokb=\toks41
\t@pgf@tokc=\toks42
\pgf@sys@id@count=\count290

(/usr/local/texlive/2021/texmf-dist/tex/generic/pgf/systemlayer/pgf.cfg
File: pgf.cfg 2020/12/27 v3.1.8b (3.1.8b)
)
Driver file for pgf: pgfsys-pdftex.def

(/usr/local/texlive/2021/texmf-dist/tex/generic/pgf/systemlayer/pgfsys-pdftex.d
ef
File: pgfsys-pdftex.def 2020/12/27 v3.1.8b (3.1.8b)

(/usr/local/texlive/2021/texmf-dist/tex/generic/pgf/systemlayer/pgfsys-common-p
df.def
File: pgfsys-common-pdf.def 2020/12/27 v3.1.8b (3.1.8b)
)))
(/usr/local/texlive/2021/texmf-dist/tex/generic/pgf/systemlayer/pgfsyssoftpath.
code.tex
File: pgfsyssoftpath.code.tex 2020/12/27 v3.1.8b (3.1.8b)
\pgfsyssoftpath@smallbuffer@items=\count291
\pgfsyssoftpath@bigbuffer@items=\count292
)
(/usr/local/texlive/2021/texmf-dist/tex/generic/pgf/systemlayer/pgfsysprotocol.
code.tex
File: pgfsysprotocol.code.tex 2020/12/27 v3.1.8b (3.1.8b)
))
(/usr/local/texlive/2021/texmf-dist/tex/generic/pgf/basiclayer/pgfcore.code.tex
Package: pgfcore 2020/12/27 v3.1.8b (3.1.8b)
(/usr/local/texlive/2021/texmf-dist/tex/generic/pgf/math/pgfmath.code.tex
(/usr/local/texlive/2021/texmf-dist/tex/generic/pgf/math/pgfmathcalc.code.tex
(/usr/local/texlive/2021/texmf-dist/tex/generic/pgf/math/pgfmathutil.code.tex)
(/usr/local/texlive/2021/texmf-dist/tex/generic/pgf/math/pgfmathparser.code.tex
\pgfmath@dimen=\dimen197
\pgfmath@count=\count293
\pgfmath@box=\box57
\pgfmath@toks=\toks43
\pgfmath@stack@operand=\toks44
\pgfmath@stack@operation=\toks45
)
(/usr/local/texlive/2021/texmf-dist/tex/generic/pgf/math/pgfmathfunctions.code.
tex
(/usr/local/texlive/2021/texmf-dist/tex/generic/pgf/math/pgfmathfunctions.basic
.code.tex)
(/usr/local/texlive/2021/texmf-dist/tex/generic/pgf/math/pgfmathfunctions.trigo
nometric.code.tex)
(/usr/local/texlive/2021/texmf-dist/tex/generic/pgf/math/pgfmathfunctions.rando
m.code.tex)
(/usr/local/texlive/2021/texmf-dist/tex/generic/pgf/math/pgfmathfunctions.compa
rison.code.tex)
(/usr/local/texlive/2021/texmf-dist/tex/generic/pgf/math/pgfmathfunctions.base.
code.tex)
(/usr/local/texlive/2021/texmf-dist/tex/generic/pgf/math/pgfmathfunctions.round
.code.tex)
(/usr/local/texlive/2021/texmf-dist/tex/generic/pgf/math/pgfmathfunctions.misc.
code.tex)
(/usr/local/texlive/2021/texmf-dist/tex/generic/pgf/math/pgfmathfunctions.integ
erarithmetics.code.tex)))
(/usr/local/texlive/2021/texmf-dist/tex/generic/pgf/math/pgfmathfloat.code.tex
\c@pgfmathroundto@lastzeros=\count294
)) (/usr/local/texlive/2021/texmf-dist/tex/generic/pgf/math/pgfint.code.tex)
(/usr/local/texlive/2021/texmf-dist/tex/generic/pgf/basiclayer/pgfcorepoints.co
de.tex
File: pgfcorepoints.code.tex 2020/12/27 v3.1.8b (3.1.8b)
\pgf@picminx=\dimen198
\pgf@picmaxx=\dimen199
\pgf@picminy=\dimen256
\pgf@picmaxy=\dimen257
\pgf@pathminx=\dimen258
\pgf@pathmaxx=\dimen259
\pgf@pathminy=\dimen260
\pgf@pathmaxy=\dimen261
\pgf@xx=\dimen262
\pgf@xy=\dimen263
\pgf@yx=\dimen264
\pgf@yy=\dimen265
\pgf@zx=\dimen266
\pgf@zy=\dimen267
)
(/usr/local/texlive/2021/texmf-dist/tex/generic/pgf/basiclayer/pgfcorepathconst
ruct.code.tex
File: pgfcorepathconstruct.code.tex 2020/12/27 v3.1.8b (3.1.8b)
\pgf@path@lastx=\dimen268
\pgf@path@lasty=\dimen269
)
(/usr/local/texlive/2021/texmf-dist/tex/generic/pgf/basiclayer/pgfcorepathusage
.code.tex
File: pgfcorepathusage.code.tex 2020/12/27 v3.1.8b (3.1.8b)
\pgf@shorten@end@additional=\dimen270
\pgf@shorten@start@additional=\dimen271
)
(/usr/local/texlive/2021/texmf-dist/tex/generic/pgf/basiclayer/pgfcorescopes.co
de.tex
File: pgfcorescopes.code.tex 2020/12/27 v3.1.8b (3.1.8b)
\pgfpic=\box58
\pgf@hbox=\box59
\pgf@layerbox@main=\box60
\pgf@picture@serial@count=\count295
)
(/usr/local/texlive/2021/texmf-dist/tex/generic/pgf/basiclayer/pgfcoregraphicst
ate.code.tex
File: pgfcoregraphicstate.code.tex 2020/12/27 v3.1.8b (3.1.8b)
\pgflinewidth=\dimen272
)
(/usr/local/texlive/2021/texmf-dist/tex/generic/pgf/basiclayer/pgfcoretransform
ations.code.tex
File: pgfcoretransformations.code.tex 2020/12/27 v3.1.8b (3.1.8b)
\pgf@pt@x=\dimen273
\pgf@pt@y=\dimen274
\pgf@pt@temp=\dimen275
)
(/usr/local/texlive/2021/texmf-dist/tex/generic/pgf/basiclayer/pgfcorequick.cod
e.tex
File: pgfcorequick.code.tex 2020/12/27 v3.1.8b (3.1.8b)
)
(/usr/local/texlive/2021/texmf-dist/tex/generic/pgf/basiclayer/pgfcoreobjects.c
ode.tex
File: pgfcoreobjects.code.tex 2020/12/27 v3.1.8b (3.1.8b)
)
(/usr/local/texlive/2021/texmf-dist/tex/generic/pgf/basiclayer/pgfcorepathproce
ssing.code.tex
File: pgfcorepathprocessing.code.tex 2020/12/27 v3.1.8b (3.1.8b)
)
(/usr/local/texlive/2021/texmf-dist/tex/generic/pgf/basiclayer/pgfcorearrows.co
de.tex
File: pgfcorearrows.code.tex 2020/12/27 v3.1.8b (3.1.8b)
\pgfarrowsep=\dimen276
)
(/usr/local/texlive/2021/texmf-dist/tex/generic/pgf/basiclayer/pgfcoreshade.cod
e.tex
File: pgfcoreshade.code.tex 2020/12/27 v3.1.8b (3.1.8b)
\pgf@max=\dimen277
\pgf@sys@shading@range@num=\count296
\pgf@shadingcount=\count297
)
(/usr/local/texlive/2021/texmf-dist/tex/generic/pgf/basiclayer/pgfcoreimage.cod
e.tex
File: pgfcoreimage.code.tex 2020/12/27 v3.1.8b (3.1.8b)

(/usr/local/texlive/2021/texmf-dist/tex/generic/pgf/basiclayer/pgfcoreexternal.
code.tex
File: pgfcoreexternal.code.tex 2020/12/27 v3.1.8b (3.1.8b)
\pgfexternal@startupbox=\box61
))
(/usr/local/texlive/2021/texmf-dist/tex/generic/pgf/basiclayer/pgfcorelayers.co
de.tex
File: pgfcorelayers.code.tex 2020/12/27 v3.1.8b (3.1.8b)
)
(/usr/local/texlive/2021/texmf-dist/tex/generic/pgf/basiclayer/pgfcoretranspare
ncy.code.tex
File: pgfcoretransparency.code.tex 2020/12/27 v3.1.8b (3.1.8b)
)
(/usr/local/texlive/2021/texmf-dist/tex/generic/pgf/basiclayer/pgfcorepatterns.
code.tex
File: pgfcorepatterns.code.tex 2020/12/27 v3.1.8b (3.1.8b)
)
(/usr/local/texlive/2021/texmf-dist/tex/generic/pgf/basiclayer/pgfcorerdf.code.
tex
File: pgfcorerdf.code.tex 2020/12/27 v3.1.8b (3.1.8b)
)))
(/usr/local/texlive/2021/texmf-dist/tex/generic/pgf/modules/pgfmoduleshapes.cod
e.tex
File: pgfmoduleshapes.code.tex 2020/12/27 v3.1.8b (3.1.8b)
\pgfnodeparttextbox=\box62
)
(/usr/local/texlive/2021/texmf-dist/tex/generic/pgf/modules/pgfmoduleplot.code.
tex
File: pgfmoduleplot.code.tex 2020/12/27 v3.1.8b (3.1.8b)
)
(/usr/local/texlive/2021/texmf-dist/tex/latex/pgf/compatibility/pgfcomp-version
-0-65.sty
Package: pgfcomp-version-0-65 2020/12/27 v3.1.8b (3.1.8b)
\pgf@nodesepstart=\dimen278
\pgf@nodesepend=\dimen279
)
(/usr/local/texlive/2021/texmf-dist/tex/latex/pgf/compatibility/pgfcomp-version
-1-18.sty
Package: pgfcomp-version-1-18 2020/12/27 v3.1.8b (3.1.8b)
))
(/usr/local/texlive/2021/texmf-dist/tex/latex/pgf/utilities/pgffor.sty
(/usr/local/texlive/2021/texmf-dist/tex/latex/pgf/utilities/pgfkeys.sty
(/usr/local/texlive/2021/texmf-dist/tex/generic/pgf/utilities/pgfkeys.code.tex)
) (/usr/local/texlive/2021/texmf-dist/tex/latex/pgf/math/pgfmath.sty
(/usr/local/texlive/2021/texmf-dist/tex/generic/pgf/math/pgfmath.code.tex))
(/usr/local/texlive/2021/texmf-dist/tex/generic/pgf/utilities/pgffor.code.tex
Package: pgffor 2020/12/27 v3.1.8b (3.1.8b)

(/usr/local/texlive/2021/texmf-dist/tex/generic/pgf/math/pgfmath.code.tex)
\pgffor@iter=\dimen280
\pgffor@skip=\dimen281
\pgffor@stack=\toks46
\pgffor@toks=\toks47
))
(/usr/local/texlive/2021/texmf-dist/tex/generic/pgf/frontendlayer/tikz/tikz.cod
e.tex
Package: tikz 2020/12/27 v3.1.8b (3.1.8b)

(/usr/local/texlive/2021/texmf-dist/tex/generic/pgf/libraries/pgflibraryplothan
dlers.code.tex
File: pgflibraryplothandlers.code.tex 2020/12/27 v3.1.8b (3.1.8b)
\pgf@plot@mark@count=\count298
\pgfplotmarksize=\dimen282
)
\tikz@lastx=\dimen283
\tikz@lasty=\dimen284
\tikz@lastxsaved=\dimen285
\tikz@lastysaved=\dimen286
\tikz@lastmovetox=\dimen287
\tikz@lastmovetoy=\dimen288
\tikzleveldistance=\dimen289
\tikzsiblingdistance=\dimen290
\tikz@figbox=\box63
\tikz@figbox@bg=\box64
\tikz@tempbox=\box65
\tikz@tempbox@bg=\box66
\tikztreelevel=\count299
\tikznumberofchildren=\count300
\tikznumberofcurrentchild=\count301
\tikz@fig@count=\count302

(/usr/local/texlive/2021/texmf-dist/tex/generic/pgf/modules/pgfmodulematrix.cod
e.tex
File: pgfmodulematrix.code.tex 2020/12/27 v3.1.8b (3.1.8b)
\pgfmatrixcurrentrow=\count303
\pgfmatrixcurrentcolumn=\count304
\pgf@matrix@numberofcolumns=\count305
)
\tikz@expandcount=\count306

(/usr/local/texlive/2021/texmf-dist/tex/generic/pgf/frontendlayer/tikz/librarie
s/tikzlibrarytopaths.code.tex
File: tikzlibrarytopaths.code.tex 2020/12/27 v3.1.8b (3.1.8b)
)))
(/usr/local/texlive/2021/texmf-dist/tex/latex/refcount/refcount.sty
Package: refcount 2019/12/15 v3.6 Data extraction from label references (HO)
)
(/usr/local/texlive/2021/texmf-dist/tex/latex/changepage/changepage.sty
Package: changepage 2009/10/20 v1.0c check page and change page layout
\c@cp@cntr=\count307
\cp@tempcnt=\count308
)
(/usr/local/texlive/2021/texmf-dist/tex/latex/frankenstein/attrib.sty
Package: attrib 2001/08/31 v1.3 attribution of block elements (Frankenstein's h
at)

(/usr/local/texlive/2021/texmf-dist/tex/latex/frankenstein/moredefs.sty
Package: moredefs 2001/08/31 v1.8 more defining commands (Frankenstein's brain)

\sc@toks@a=\toks48
\sc@toks@b=\toks49
)
\AttribMinSkip=\skip74
)
(/usr/local/texlive/2021/texmf-dist/tex/latex/was/upgreek.sty
Package: upgreek 2003/02/12 v2.0 (WaS)
Package upgreek Info: Using Euler Roman for upright Greek on input line 31.
\symugrf@m=\mathgroup7
LaTeX Font Info:    Overwriting symbol font `ugrf@m' in version `bold'
(Font)                  U/eur/m/n --> U/eur/b/n on input line 38.
)
(/usr/local/texlive/2021/texmf-dist/tex/latex/tools/tabularx.sty
Package: tabularx 2020/01/15 v2.11c `tabularx' package (DPC)
\TX@col@width=\dimen291
\TX@old@table=\dimen292
\TX@old@col=\dimen293
\TX@target=\dimen294
\TX@delta=\dimen295
\TX@cols=\count309
\TX@ftn=\toks50
)
(/usr/local/texlive/2021/texmf-dist/tex/latex/pbox/pbox.sty
Package: pbox 2011/12/07 v1.2 Dynamic parboxes
\pb@xlen=\skip75
)
(/usr/local/texlive/2021/texmf-dist/tex/latex/ragged2e/ragged2e.sty
Package: ragged2e 2021/02/05 v3.0 ragged2e Package

(/usr/local/texlive/2021/texmf-dist/tex/latex/everysel/everysel.sty
Package: everysel 2021/01/20 v2.1 EverySelectfont Package (MS)

(/usr/local/texlive/2021/texmf-dist/tex/latex/everysel/everysel-2011-10-28.sty)
)
\CenteringLeftskip=\skip76
\RaggedLeftLeftskip=\skip77
\RaggedRightLeftskip=\skip78
\CenteringRightskip=\skip79
\RaggedLeftRightskip=\skip80
\RaggedRightRightskip=\skip81
\CenteringParfillskip=\skip82
\RaggedLeftParfillskip=\skip83
\RaggedRightParfillskip=\skip84
\JustifyingParfillskip=\skip85
\CenteringParindent=\skip86
\RaggedLeftParindent=\skip87
\RaggedRightParindent=\skip88
\JustifyingParindent=\skip89
) (/usr/local/texlive/2021/texmf-dist/tex/latex/tocloft/tocloft.sty
Package: tocloft 2017/08/31 v2.3i parameterised ToC, etc., typesetting
Package tocloft Info: The document has section divisions on input line 51.
\cftparskip=\skip90
\cftbeforetoctitleskip=\skip91
\cftaftertoctitleskip=\skip92
\cftbeforepartskip=\skip93
\cftpartnumwidth=\skip94
\cftpartindent=\skip95
\cftbeforesecskip=\skip96
\cftsecindent=\skip97
\cftsecnumwidth=\skip98
\cftbeforesubsecskip=\skip99
\cftsubsecindent=\skip100
\cftsubsecnumwidth=\skip101
\cftbeforesubsubsecskip=\skip102
\cftsubsubsecindent=\skip103
\cftsubsubsecnumwidth=\skip104
\cftbeforeparaskip=\skip105
\cftparaindent=\skip106
\cftparanumwidth=\skip107
\cftbeforesubparaskip=\skip108
\cftsubparaindent=\skip109
\cftsubparanumwidth=\skip110
\cftbeforeloftitleskip=\skip111
\cftafterloftitleskip=\skip112
\cftbeforefigskip=\skip113
\cftfigindent=\skip114
\cftfignumwidth=\skip115
\cftbeforelottitleskip=\skip116
\cftafterlottitleskip=\skip117
\cftbeforetabskip=\skip118
\cfttabindent=\skip119
\cfttabnumwidth=\skip120
\cftbeforesubfigskip=\skip121
\cftsubfigindent=\skip122
\cftsubfignumwidth=\skip123
\cftbeforesubtabskip=\skip124
\cftsubtabindent=\skip125
\cftsubtabnumwidth=\skip126
)
(/usr/local/texlive/2021/texmf-dist/tex/latex/marginnote/marginnote.sty
Package: marginnote 2018/08/09 v1.4b non floating margin notes for LaTeX
\c@mn@abspage=\count310
)
(/usr/local/texlive/2021/texmf-dist/tex/latex/marginfix/marginfix.sty
Package: marginfix 2020/05/06 v1.2 Fix Margin Paragraphs
\Mfx@inject@insert=\insert252
\Mfx@marginbox=\box67
\Mfx@marginpos@min=\dimen296
\Mfx@marginpos@max=\dimen297
\Mfx@marginspace=\dimen298
\Mfx@marginheight=\dimen299
\Mfx@piece@content=\box68
\Mfx@piece@count=\count311
\Mfx@mparshift=\dimen300
\marginheightadjustment=\dimen301
\marginposadjustment=\dimen302
\Mfx@strutheight=\dimen303
)
(/usr/local/texlive/2021/texmf-dist/tex/latex/enotez/enotez.sty
(/usr/local/texlive/2021/texmf-dist/tex/latex/l3kernel/expl3.sty
Package: expl3 2021-02-18 L3 programming layer (loader) 

(/usr/local/texlive/2021/texmf-dist/tex/latex/l3backend/l3backend-pdftex.def
File: l3backend-pdftex.def 2021-03-18 L3 backend support: PDF output (pdfTeX)
\l__color_backend_stack_int=\count312
\l__pdf_internal_box=\box69
))
(/usr/local/texlive/2021/texmf-dist/tex/latex/l3packages/xparse/xparse.sty
(/usr/local/texlive/2021/texmf-dist/tex/latex/l3packages/xparse/xparse-2020-10-
01.sty
(/usr/local/texlive/2021/texmf-dist/tex/latex/l3packages/xparse/xparse-generic.
tex)))
(/usr/local/texlive/2021/texmf-dist/tex/latex/l3packages/l3keys2e/l3keys2e.sty
Package: l3keys2e 2021-03-12 LaTeX2e option processing using LaTeX3 keys
)
(/usr/local/texlive/2021/texmf-dist/tex/latex/l3packages/xtemplate/xtemplate.st
y
Package: xtemplate 2021-03-12 L3 Experimental prototype document functions
\l__xtemplate_tmp_dim=\dimen304
\l__xtemplate_tmp_int=\count313
\l__xtemplate_tmp_muskip=\muskip17
\l__xtemplate_tmp_skip=\skip127
)
Package: enotez 2020/12/13 v0.10c Endnotes for LaTeX2e
\l__enotez_list_preamble_skip=\skip128
\l__enotez_list_postamble_skip=\skip129
\g__enotez_endnote_id_int=\count314
\g__enotez_endnote_mark_int=\count315
\c@endnote=\count316
\g__enotez_list_printed_int=\count317
\l__enotez_tmpa_int=\count318

Package xtemplate Info: Declaring object type 'enotez-list' taking 1
(xtemplate)             argument(s) on line 471.

\l__enotez_list_notes_sep_dim=\dimen305
 (/usr/local/texlive/2021/texmf-dist/tex/latex/translations/translations.sty
Package: translations 2021/01/17 v1.10a internationalization of LaTeX2e package
s (CN)
)) (/usr/local/texlive/2021/texmf-dist/tex/generic/xstring/xstring.sty
(/usr/local/texlive/2021/texmf-dist/tex/generic/xstring/xstring.tex
\integerpart=\count319
\decimalpart=\count320
)
Package: xstring 2019/02/06 v1.83 String manipulations (CT)
)
(/usr/local/texlive/2021/texmf-dist/tex/latex/subfig/subfig.sty
Package: subfig 2005/06/28 ver: 1.3 subfig package

(/usr/local/texlive/2021/texmf-dist/tex/latex/caption/caption.sty
Package: caption 2020/10/26 v3.5g Customizing captions (AR)

(/usr/local/texlive/2021/texmf-dist/tex/latex/caption/caption3.sty
Package: caption3 2020/10/21 v2.2e caption3 kernel (AR)
\captionmargin=\dimen306
\captionmargin@=\dimen307
\captionwidth=\dimen308
\caption@tempdima=\dimen309
\caption@indent=\dimen310
\caption@parindent=\dimen311
\caption@hangindent=\dimen312
Package caption Info: Standard document class detected.
)
\c@caption@flags=\count321
\c@continuedfloat=\count322
Package caption Info: changepage package is loaded.
\caption@adjustwidth@hsize=\dimen313
\caption@adjustwidth@linewidth=\dimen314
Package caption Info: float package is loaded.
)
\c@KVtest=\count323
\sf@farskip=\skip130
\sf@captopadj=\dimen315
\sf@capskip=\skip131
\sf@nearskip=\skip132
\c@subfigure=\count324
\c@subfigure@save=\count325
\c@lofdepth=\count326
\c@subtable=\count327
\c@subtable@save=\count328
\c@lotdepth=\count329
\sf@top=\skip133
\sf@bottom=\skip134
)
(./Definitions/journalnames.tex)
(/usr/local/texlive/2021/texmf-dist/tex/latex/amscls/amsthm.sty
Package: amsthm 2020/05/29 v2.20.6
\thm@style=\toks51
\thm@bodyfont=\toks52
\thm@headfont=\toks53
\thm@notefont=\toks54
\thm@headpunct=\toks55
\thm@preskip=\skip135
\thm@postskip=\skip136
\thm@headsep=\skip137
\dth@everypar=\toks56
)
\c@theorem=\count330
\c@lemma=\count331
\c@corollary=\count332
\c@proposition=\count333
\c@characterization=\count334
\c@property=\count335
\c@problem=\count336
\c@example=\count337
\c@examplesanddefinitions=\count338
\c@remark=\count339
\c@definition=\count340
\c@hypothesis=\count341
\c@notation=\count342
\c@assumption=\count343
\c@algorithm=\count344

(/usr/local/texlive/2021/texmf-dist/tex/latex/natbib/natbib.sty
Package: natbib 2010/09/13 8.31b (PWD, AO)
\bibhang=\skip138
\bibsep=\skip139
LaTeX Info: Redefining \cite on input line 694.
\c@NAT@ctr=\count345
)
(/usr/local/texlive/2021/texmf-dist/tex/latex/koma-script/scrextend.sty
Package: scrextend 2021/03/17 v3.33 KOMA-Script package (extend other classes w
ith features of KOMA-Script classes)

(/usr/local/texlive/2021/texmf-dist/tex/latex/koma-script/scrkbase.sty
Package: scrkbase 2021/03/17 v3.33 KOMA-Script package (KOMA-Script-dependent b
asics and keyval usage)

(/usr/local/texlive/2021/texmf-dist/tex/latex/koma-script/scrbase.sty
Package: scrbase 2021/03/17 v3.33 KOMA-Script package (KOMA-Script-independent 
basics and keyval usage)

(/usr/local/texlive/2021/texmf-dist/tex/latex/koma-script/scrlfile.sty
Package: scrlfile 2021/03/17 v3.33 KOMA-Script package (file load hooks)

(/usr/local/texlive/2021/texmf-dist/tex/latex/koma-script/scrlfile-hook.sty
Package: scrlfile-hook 2021/03/17 v3.33 KOMA-Script package (using LaTeX hooks)


(/usr/local/texlive/2021/texmf-dist/tex/latex/koma-script/scrlogo.sty
Package: scrlogo 2021/03/17 v3.33 KOMA-Script package (logo)
)))
Skipping: [2021/05/01] Usage of raw option list on input line 252.
Applying: [0000/00/00] compatibility for LaTeX before 2021/05/01 on input line 
337.
)))
\MyLen=\skip140
\MyBox=\box70
\leftcolumnlength=\skip141
\extralength=\skip142
\fulllength=\skip143

(/usr/local/texlive/2021/texmf-dist/tex/latex/geometry/geometry.sty
Package: geometry 2020/01/02 v5.9 Page Geometry

(/usr/local/texlive/2021/texmf-dist/tex/generic/iftex/ifvtex.sty
Package: ifvtex 2019/10/25 v1.7 ifvtex legacy package. Use iftex instead.
)
\Gm@cnth=\count346
\Gm@cntv=\count347
\c@Gm@tempcnt=\count348
\Gm@bindingoffset=\dimen316
\Gm@wd@mp=\dimen317
\Gm@odd@mp=\dimen318
\Gm@even@mp=\dimen319
\Gm@layoutwidth=\dimen320
\Gm@layoutheight=\dimen321
\Gm@layouthoffset=\dimen322
\Gm@layoutvoffset=\dimen323
\Gm@dimlist=\toks57
)
(/usr/local/texlive/2021/texmf-dist/tex/latex/newfloat/newfloat.sty
Package: newfloat 2019/09/02 v1.1l Defining new floating environments (AR)
)
Package newfloat Info: New float `listing' with options `' on input line 1589.
\c@listing=\count349
Package newfloat Info: float type `listing'=4 on input line 1589.
\c@lolistingdepth=\count350
Package newfloat Info: New float `boxenv' with options `name=Box' on input line
 1590.
\c@boxenv=\count351
Package newfloat Info: float type `boxenv'=8 on input line 1590.
\c@loboxenvdepth=\count352
Package newfloat Info: New float `chart' with options `' on input line 1591.
\c@chart=\count353
Package newfloat Info: float type `chart'=16 on input line 1591.
\c@lochartdepth=\count354
Package newfloat Info: New float `scheme' with options `' on input line 1592.
\c@scheme=\count355
Package newfloat Info: float type `scheme'=32 on input line 1592.
\c@loschemedepth=\count356
Package newfloat Info: New float `figurewide' with options `' on input line 159
3.
\c@figurewide=\count357
Package newfloat Info: float type `figurewide'=64 on input line 1593.
\c@lofigurewidedepth=\count358
\@justcentbox=\box71

(/usr/local/texlive/2021/texmf-dist/tex/latex/seqsplit/seqsplit.sty
Package: seqsplit 2006/08/07 v0.1 Splitting long sequences (DNA, RNA, proteins,
 etc.) 
)
\cellWidtha=\skip144
\cellWidthb=\skip145
\cellWidthc=\skip146
\cellWidthd=\skip147
\cellWidthe=\skip148
\cellWidthf=\skip149
\cellWidthg=\skip150
\cellWidthh=\skip151
\cellWidthi=\skip152
\cellWidthj=\skip153
\cellWidthk=\skip154
\cellWidthl=\skip155
\cellWidthm=\skip156
\cellWidthn=\skip157
\cellWidtho=\skip158
\cellWidthp=\skip159
\cellWidthq=\skip160
\cellWidthr=\skip161
\cellWidths=\skip162
\cellWidtht=\skip163
\cellWidthu=\skip164
\cellWidthv=\skip165
\cellWidthw=\skip166
\cellWidthx=\skip167
\cellWidthy=\skip168
\cellWidthz=\skip169
\cellWidthA=\skip170
\cellWidthB=\skip171
\cellWidthC=\skip172
\cellWidthD=\skip173
\cellWidthE=\skip174
\cellWidthF=\skip175
\cellWidthG=\skip176
\cellWidthH=\skip177
\cellWidthI=\skip178
\cellWidthJ=\skip179
\cellWidthK=\skip180
\cellWidthL=\skip181
\cellWidthM=\skip182
\cellWidthN=\skip183
\cellWidthO=\skip184
\cellWidthP=\skip185
\cellWidthQ=\skip186
\cellWidthR=\skip187
\cellWidthS=\skip188
\cellWidthT=\skip189
\cellWidthU=\skip190
\cellWidthV=\skip191
\cellWidthW=\skip192
\cellWidthX=\skip193
\cellWidthY=\skip194
\cellWidthZ=\skip195
)
(/usr/local/texlive/2021/texmf-dist/tex/latex/placeins/placeins.sty
Package: placeins 2005/04/18  v 2.2
)
(/usr/local/texlive/2021/texmf-dist/tex/latex/appendix/appendix.sty
Package: appendix 2020/02/08 v1.2c extra appendix facilities
\c@@pps=\count359
\c@@ppsavesec=\count360
\c@@ppsaveapp=\count361
)
(/usr/local/texlive/2021/texmf-dist/tex/latex/tools/bm.sty
Package: bm 2019/07/24 v1.2d Bold Symbol Support (DPC/FMi)
\symboldoperators=\mathgroup8
\symboldletters=\mathgroup9
\symboldsymbols=\mathgroup10
\symboldupright=\mathgroup11
LaTeX Font Info:    Redeclaring math alphabet \mathbf on input line 141.
LaTeX Info: Redefining \bm on input line 209.
)
(/usr/local/texlive/2021/texmf-dist/tex/latex/l3packages/xfrac/xfrac.sty
(/usr/local/texlive/2021/texmf-dist/tex/latex/base/textcomp.sty
Package: textcomp 2020/02/02 v2.0n Standard LaTeX package
)
Package: xfrac 2021-03-12 L3 Experimental split-level fractions
\l__xfrac_slash_box=\box72
\l__xfrac_tmp_box=\box73
\l__xfrac_denominator_bot_sep_dim=\dimen324
\l__xfrac_numerator_bot_sep_dim=\dimen325
\l__xfrac_numerator_top_sep_dim=\dimen326
\l__xfrac_slash_left_sep_dim=\dimen327
\l__xfrac_slash_right_sep_dim=\dimen328
\l__xfrac_slash_left_muskip=\muskip18
\l__xfrac_slash_right_muskip=\muskip19

Package xtemplate Info: Declaring object type 'xfrac' taking 3 argument(s) on
(xtemplate)             line 80.

)
(/usr/local/texlive/2021/texmf-dist/tex/latex/mhchem/mhchem.sty
Package: mhchem 2018/06/22 v4.08 for typesetting chemical formulae

(/usr/local/texlive/2021/texmf-dist/tex/latex/chemgreek/chemgreek.sty
Package: chemgreek 2020/01/16 v1.1a interface for upright Greek letters for use
 in chemistry (CN)
\l__chemgreek_tmpa_int=\count362
\g__chemgreek_tmpa_int=\count363
)
\l__mhchem_ce_distanceFromLastComma_int=\count364
\__mhchem_arrow_extPgfLength_skip=\skip196
\mhchem@minispace@tmp=\skip197
\mhchem@minibackspace@tmp=\skip198
\mhchem@bondwidth=\skip199
\mhchem@bondheight=\skip256
\mhchem@smallbondwidth@tmpA=\skip257
\mhchem@smallbondwidth@tmpB=\skip258
\mhchem@smallbondwidth=\skip259
\mhchem@bondtmp@minussidebearingleft=\skip260
\mhchem@bondtmp@minussidebearingright=\skip261
\l__mhchem_option_version_int=\count365
\mhchem@option@minusmathsidebearingleft=\dimen329
\mhchem@option@minusmathsidebearingright=\dimen330
\mhchem@option@minustextsidebearingleft=\dimen331
\mhchem@option@minustextsidebearingright=\dimen332
)
(/usr/local/texlive/2021/texmf-dist/tex/latex/comment/comment.sty
\CommentStream=\write4

Excluding comment 'comment')
(/usr/local/texlive/2021/texmf-dist/tex/latex/base/fontenc.sty
Package: fontenc 2020/08/10 v2.0s Standard LaTeX package
LaTeX Font Info:    Trying to load font information for T1+ppl on input line 11
2.

(/usr/local/texlive/2021/texmf-dist/tex/latex/psnfss/t1ppl.fd
File: t1ppl.fd 2001/06/04 font definitions for T1/ppl.
))
(/usr/local/texlive/2021/texmf-dist/tex/latex/anyfontsize/anyfontsize.sty
Package: anyfontsize 2007/11/22 anyfontsize.sty by pts
)
Package translations Info: No language package found. I am going to use `englis
h' as default language. on input line 116.

(/usr/local/texlive/2021/texmf-dist/tex/latex/hyperref/hyperref.sty
Package: hyperref 2021-02-27 v7.00k Hypertext links for LaTeX

(/usr/local/texlive/2021/texmf-dist/tex/generic/pdfescape/pdfescape.sty
Package: pdfescape 2019/12/09 v1.15 Implements pdfTeX's escape features (HO)
)
(/usr/local/texlive/2021/texmf-dist/tex/latex/hycolor/hycolor.sty
Package: hycolor 2020-01-27 v1.10 Color options for hyperref/bookmark (HO)
)
(/usr/local/texlive/2021/texmf-dist/tex/latex/letltxmacro/letltxmacro.sty
Package: letltxmacro 2019/12/03 v1.6 Let assignment for LaTeX macros (HO)
)
(/usr/local/texlive/2021/texmf-dist/tex/latex/auxhook/auxhook.sty
Package: auxhook 2019-12-17 v1.6 Hooks for auxiliary files (HO)
)
\@linkdim=\dimen333
\Hy@linkcounter=\count366
\Hy@pagecounter=\count367

(/usr/local/texlive/2021/texmf-dist/tex/latex/hyperref/pd1enc.def
File: pd1enc.def 2021-02-27 v7.00k Hyperref: PDFDocEncoding definition (HO)
Now handling font encoding PD1 ...
... no UTF-8 mapping file for font encoding PD1
)
(/usr/local/texlive/2021/texmf-dist/tex/latex/hyperref/hyperref-langpatches.def
File: hyperref-langpatches.def 2021-02-27 v7.00k Hyperref: patches for babel la
nguages
) (/usr/local/texlive/2021/texmf-dist/tex/generic/intcalc/intcalc.sty
Package: intcalc 2019/12/15 v1.3 Expandable calculations with integers (HO)
)
(/usr/local/texlive/2021/texmf-dist/tex/generic/etexcmds/etexcmds.sty
Package: etexcmds 2019/12/15 v1.7 Avoid name clashes with e-TeX commands (HO)
)
\Hy@SavedSpaceFactor=\count368

(/usr/local/texlive/2021/texmf-dist/tex/latex/hyperref/puenc.def
File: puenc.def 2021-02-27 v7.00k Hyperref: PDF Unicode definition (HO)
Now handling font encoding PU ...
... no UTF-8 mapping file for font encoding PU
)
Package hyperref Info: Option `unicode' set `true' on input line 4073.
Package hyperref Info: Option `bookmarksopen' set `true' on input line 4073.
Package hyperref Info: Option `pdffitwindow' set `true' on input line 4073.
Package hyperref Info: Option `colorlinks' set `true' on input line 4073.
Package hyperref Info: Option `hyperfootnotes' set `true' on input line 4073.
Package hyperref Info: Hyper figures OFF on input line 4192.
Package hyperref Info: Link nesting OFF on input line 4197.
Package hyperref Info: Hyper index ON on input line 4200.
Package hyperref Info: Plain pages OFF on input line 4207.
Package hyperref Info: Backreferencing OFF on input line 4212.
Package hyperref Info: Implicit mode ON; LaTeX internals redefined.
Package hyperref Info: Bookmarks ON on input line 4445.
\c@Hy@tempcnt=\count369

(/usr/local/texlive/2021/texmf-dist/tex/latex/url/url.sty
\Urlmuskip=\muskip20
Package: url 2013/09/16  ver 3.4  Verb mode for urls, etc.
)
LaTeX Info: Redefining \url on input line 4804.
\XeTeXLinkMargin=\dimen334

(/usr/local/texlive/2021/texmf-dist/tex/generic/bitset/bitset.sty
Package: bitset 2019/12/09 v1.3 Handle bit-vector datatype (HO)

(/usr/local/texlive/2021/texmf-dist/tex/generic/bigintcalc/bigintcalc.sty
Package: bigintcalc 2019/12/15 v1.5 Expandable calculations on big integers (HO
)
))
\Fld@menulength=\count370
\Field@Width=\dimen335
\Fld@charsize=\dimen336
Package hyperref Info: Hyper figures OFF on input line 6075.
Package hyperref Info: Link nesting OFF on input line 6080.
Package hyperref Info: Hyper index ON on input line 6083.
Package hyperref Info: backreferencing OFF on input line 6090.
Package hyperref Info: Link coloring ON on input line 6093.
Package hyperref Info: Link coloring with OCG OFF on input line 6100.
Package hyperref Info: PDF/A mode OFF on input line 6105.
LaTeX Info: Redefining \ref on input line 6145.
LaTeX Info: Redefining \pageref on input line 6149.

(/usr/local/texlive/2021/texmf-dist/tex/latex/base/atbegshi-ltx.sty
Package: atbegshi-ltx 2020/08/17 v1.0a Emulation of the original atbegshi packa
ge
with kernel methods
)
\Hy@abspage=\count371
\c@Item=\count372
\c@Hfootnote=\count373
)
Package hyperref Info: Driver: hpdftex.

(/usr/local/texlive/2021/texmf-dist/tex/latex/hyperref/hpdftex.def
File: hpdftex.def 2021-02-27 v7.00k Hyperref driver for pdfTeX

(/usr/local/texlive/2021/texmf-dist/tex/latex/base/atveryend-ltx.sty
Package: atveryend-ltx 2020/08/19 v1.0a Emulation of the original atvery packag
e
with kernel methods
)
\Fld@listcount=\count374
\c@bookmark@seq@number=\count375

(/usr/local/texlive/2021/texmf-dist/tex/latex/rerunfilecheck/rerunfilecheck.sty
Package: rerunfilecheck 2019/12/05 v1.9 Rerun checks for auxiliary files (HO)

(/usr/local/texlive/2021/texmf-dist/tex/generic/uniquecounter/uniquecounter.sty
Package: uniquecounter 2019/12/15 v1.4 Provide unlimited unique counter (HO)
)
Package uniquecounter Info: New unique counter `rerunfilecheck' on input line 2
86.
)
\Hy@SectionHShift=\skip262
) (/usr/local/texlive/2021/texmf-dist/tex/latex/cleveref/cleveref.sty
Package: cleveref 2018/03/27 v0.21.4 Intelligent cross-referencing
Package cleveref Info: `hyperref' support loaded on input line 2370.
LaTeX Info: Redefining \cref on input line 2370.
LaTeX Info: Redefining \Cref on input line 2370.
LaTeX Info: Redefining \crefrange on input line 2370.
LaTeX Info: Redefining \Crefrange on input line 2370.
LaTeX Info: Redefining \cpageref on input line 2370.
LaTeX Info: Redefining \Cpageref on input line 2370.
LaTeX Info: Redefining \cpagerefrange on input line 2370.
LaTeX Info: Redefining \Cpagerefrange on input line 2370.
LaTeX Info: Redefining \labelcref on input line 2370.
LaTeX Info: Redefining \labelcpageref on input line 2370.
Package cleveref Info: `amsthm' support loaded on input line 3026.
Package cleveref Info: `subfig' support loaded on input line 3164.
Package cleveref Info: always capitalise cross-reference names on input line 78
25.
Package cleveref Info: always capitalise cross-reference names on input line 78
52.
Package cleveref Info: no abbreviation of names on input line 7852.
)
(./template.aux)
\openout1 = `template.aux'.

LaTeX Font Info:    Checking defaults for OML/cmm/m/it on input line 116.
LaTeX Font Info:    ... okay on input line 116.
LaTeX Font Info:    Checking defaults for OMS/cmsy/m/n on input line 116.
LaTeX Font Info:    ... okay on input line 116.
LaTeX Font Info:    Checking defaults for OT1/cmr/m/n on input line 116.
LaTeX Font Info:    ... okay on input line 116.
LaTeX Font Info:    Checking defaults for T1/cmr/m/n on input line 116.
LaTeX Font Info:    ... okay on input line 116.
LaTeX Font Info:    Checking defaults for TS1/cmr/m/n on input line 116.
LaTeX Font Info:    ... okay on input line 116.
LaTeX Font Info:    Checking defaults for OMX/cmex/m/n on input line 116.
LaTeX Font Info:    ... okay on input line 116.
LaTeX Font Info:    Checking defaults for U/cmr/m/n on input line 116.
LaTeX Font Info:    ... okay on input line 116.
LaTeX Font Info:    Checking defaults for PD1/pdf/m/n on input line 116.
LaTeX Font Info:    ... okay on input line 116.
LaTeX Font Info:    Checking defaults for PU/pdf/m/n on input line 116.
LaTeX Font Info:    ... okay on input line 116.

(/usr/local/texlive/2021/texmf-dist/tex/context/base/mkii/supp-pdf.mkii
[Loading MPS to PDF converter (version 2006.09.02).]
\scratchcounter=\count376
\scratchdimen=\dimen337
\scratchbox=\box74
\nofMPsegments=\count377
\nofMParguments=\count378
\everyMPshowfont=\toks58
\MPscratchCnt=\count379
\MPscratchDim=\dimen338
\MPnumerator=\count380
\makeMPintoPDFobject=\count381
\everyMPtoPDFconversion=\toks59
)
Package lastpage Info: Please have a look at the pageslts package at
(lastpage)             https://www.ctan.org/pkg/pageslts
(lastpage)             ! on input line 116.
LaTeX Info: Redefining \microtypecontext on input line 116.
Package microtype Info: Generating PDF output.
Package microtype Info: Character protrusion enabled (level 2).
Package microtype Info: Using default protrusion set `alltext'.
Package microtype Info: Automatic font expansion enabled (level 2),
(microtype)             stretch: 20, shrink: 20, step: 1, non-selected.
Package microtype Info: Using default expansion set `alltext-nott'.
LaTeX Info: Redefining \showhyphens on input line 116.
Package microtype Info: No adjustment of tracking.
Package microtype Info: No adjustment of interword spacing.
Package microtype Info: No adjustment of character kerning.
 (/usr/local/texlive/2021/texmf-dist/tex/latex/microtype/mt-ppl.cfg
File: mt-ppl.cfg 2005/11/16 v1.6 microtype config. file: Palatino (RS)
)
ABD: EverySelectfont initializing macros
LaTeX Info: Redefining \selectfont on input line 116.

(/usr/local/texlive/2021/texmf-dist/tex/latex/translations/translations-basic-d
ictionary-english.trsl
File: translations-basic-dictionary-english.trsl (english translation file `tra
nslations-basic-dictionary')
)
Package translations Info: loading dictionary `translations-basic-dictionary' f
or `english'. on input line 116.
Package caption Info: Begin \AtBeginDocument code.
Package caption Info: subfig package v1.3 is loaded.
Package caption Info: hyperref package is loaded.
Package caption Info: End \AtBeginDocument code.

*geometry* detected driver: pdftex
*geometry* verbose mode - [ preamble ] result:
* driver: pdftex
* paper: <default>
* layout: <same size as paper>
* layoutoffset:(h,v)=(0.0pt,0.0pt)
* modes: includehead includefoot 
* h-part:(L,W,R)=(167.01753pt, 394.35522pt, 36.13512pt)
* v-part:(T,H,B)=(36.13512pt, 778.18271pt, 30.72902pt)
* \paperwidth=597.50787pt
* \paperheight=845.04684pt
* \textwidth=394.35522pt
* \textheight=706.18271pt
* \oddsidemargin=94.74754pt
* \evensidemargin=94.74754pt
* \topmargin=-36.13487pt
* \headheight=12.0pt
* \headsep=24.0pt
* \topskip=10.0pt
* \footskip=36.0pt
* \marginparwidth=116.65646pt
* \marginparsep=14.51074pt
* \columnsep=10.0pt
* \skip\footins=17.07182pt
* \hoffset=0.0pt
* \voffset=0.0pt
* \mag=1000
* \@twocolumnfalse
* \@twosidefalse
* \@mparswitchfalse
* \@reversemargintrue
* (1in=72.27pt=25.4mm, 1cm=28.453pt)

Package newfloat Info: `float' package detected.

Package chemgreek Info: Activating mapping `upgreek' on line 116.

Package hyperref Info: Link coloring ON on input line 116.
(/usr/local/texlive/2021/texmf-dist/tex/latex/hyperref/nameref.sty
Package: nameref 2021-04-02 v2.47 Cross-referencing by name of section

(/usr/local/texlive/2021/texmf-dist/tex/generic/gettitlestring/gettitlestring.s
ty
Package: gettitlestring 2019/12/15 v1.6 Cleanup title references (HO)
)
\c@section@level=\count382
)
LaTeX Info: Redefining \ref on input line 116.
LaTeX Info: Redefining \pageref on input line 116.
LaTeX Info: Redefining \nameref on input line 116.
 (./template.out) (./template.out)
\@outlinefile=\write5
\openout5 = `template.out'.

LaTeX Font Info:    Trying to load font information for TS1+ppl on input line 1
16.

(/usr/local/texlive/2021/texmf-dist/tex/latex/psnfss/ts1ppl.fd
File: ts1ppl.fd 2001/06/04 font definitions for TS1/ppl.
)
LaTeX Font Info:    Trying to load font information for T1+cmtt on input line 1
16.

(/usr/local/texlive/2021/texmf-dist/tex/latex/base/t1cmtt.fd
File: t1cmtt.fd 2019/12/16 v2.5j Standard LaTeX font definitions
)
Package microtype Info: Loading generic protrusion settings for font family
(microtype)             `cmtt' (encoding: T1).
(microtype)             For optimal results, create family-specific settings.
(microtype)             See the microtype manual for details.
LaTeX Font Info:    Trying to load font information for OT1+ppl on input line 1
16.

(/usr/local/texlive/2021/texmf-dist/tex/latex/psnfss/ot1ppl.fd
File: ot1ppl.fd 2001/06/04 font definitions for OT1/ppl.
)
LaTeX Font Info:    Trying to load font information for OML+zplm on input line 
116.

(/usr/local/texlive/2021/texmf-dist/tex/latex/psnfss/omlzplm.fd
File: omlzplm.fd 2002/09/08 Fontinst v1.914 font definitions for OML/zplm.
)
LaTeX Font Info:    Trying to load font information for OMS+zplm on input line 
116.

(/usr/local/texlive/2021/texmf-dist/tex/latex/psnfss/omszplm.fd
File: omszplm.fd 2002/09/08 Fontinst v1.914 font definitions for OMS/zplm.
)
LaTeX Font Info:    Trying to load font information for OMX+zplm on input line 
116.

(/usr/local/texlive/2021/texmf-dist/tex/latex/psnfss/omxzplm.fd
File: omxzplm.fd 2002/09/08 Fontinst v1.914 font definitions for OMX/zplm.
)
LaTeX Font Info:    Font shape `U/msa/m/n' will be
(Font)              scaled to size 7.29405pt on input line 116.

(/usr/local/texlive/2021/texmf-dist/tex/latex/microtype/mt-msa.cfg
File: mt-msa.cfg 2006/02/04 v1.1 microtype config. file: AMS symbols (a) (RS)
)
LaTeX Font Info:    Font shape `U/msa/m/n' will be
(Font)              scaled to size 5.21004pt on input line 116.
LaTeX Font Info:    Font shape `U/msb/m/n' will be
(Font)              scaled to size 7.29405pt on input line 116.

(/usr/local/texlive/2021/texmf-dist/tex/latex/microtype/mt-msb.cfg
File: mt-msb.cfg 2005/06/01 v1.0 microtype config. file: AMS symbols (b) (RS)
)
LaTeX Font Info:    Font shape `U/msb/m/n' will be
(Font)              scaled to size 5.21004pt on input line 116.
LaTeX Font Info:    Trying to load font information for OT1+zplm on input line 
116.

(/usr/local/texlive/2021/texmf-dist/tex/latex/psnfss/ot1zplm.fd
File: ot1zplm.fd 2002/09/08 Fontinst v1.914 font definitions for OT1/zplm.
)
Package microtype Info: Loading generic protrusion settings for font family
(microtype)             `zplm' (encoding: OT1).
(microtype)             For optimal results, create family-specific settings.
(microtype)             See the microtype manual for details.

(/usr/local/texlive/2021/texmf-dist/tex/latex/microtype/mt-eur.cfg
File: mt-eur.cfg 2006/07/31 v1.1 microtype config. file: AMS Euler Roman (RS)
)
LaTeX Font Info:    Font shape `U/msa/m/n' will be
(Font)              scaled to size 10.42007pt on input line 116.
LaTeX Font Info:    Font shape `U/msa/m/n' will be
(Font)              scaled to size 7.91925pt on input line 116.
LaTeX Font Info:    Font shape `U/msa/m/n' will be
(Font)              scaled to size 6.25204pt on input line 116.
LaTeX Font Info:    Font shape `U/msb/m/n' will be
(Font)              scaled to size 10.42007pt on input line 116.
LaTeX Font Info:    Font shape `U/msb/m/n' will be
(Font)              scaled to size 7.91925pt on input line 116.
LaTeX Font Info:    Font shape `U/msb/m/n' will be
(Font)              scaled to size 6.25204pt on input line 116.
LaTeX Font Info:    Redeclaring symbol font `AMSb' on input line 116.
LaTeX Font Info:    Overwriting symbol font `AMSb' in version `normal'
(Font)                  U/msb/m/n --> U/msb/m/n on input line 116.
LaTeX Font Info:    Overwriting symbol font `AMSb' in version `bold'
(Font)                  U/msb/m/n --> U/msb/m/n on input line 116.


Package hyperref Warning: Token not allowed in a PDF string (Unicode):
(hyperref)                removing `math shift' on input line 116.


Package hyperref Warning: Token not allowed in a PDF string (Unicode):
(hyperref)                removing `\begingroup' on input line 116.


Package hyperref Warning: Token not allowed in a PDF string (Unicode):
(hyperref)                removing `\endgroup' on input line 116.


Package hyperref Warning: Token not allowed in a PDF string (Unicode):
(hyperref)                removing `\@@over' on input line 116.


Package hyperref Warning: Token not allowed in a PDF string (Unicode):
(hyperref)                removing `\langle' on input line 116.


Package hyperref Warning: Token not allowed in a PDF string (Unicode):
(hyperref)                removing `\rangle' on input line 116.


Package hyperref Warning: Token not allowed in a PDF string (Unicode):
(hyperref)                removing `math shift' on input line 116.


Package hyperref Warning: Token not allowed in a PDF string (Unicode):
(hyperref)                removing `math shift' on input line 116.


Package hyperref Warning: Token not allowed in a PDF string (Unicode):
(hyperref)                removing `\begingroup' on input line 116.


Package hyperref Warning: Token not allowed in a PDF string (Unicode):
(hyperref)                removing `\endgroup' on input line 116.


Package hyperref Warning: Token not allowed in a PDF string (Unicode):
(hyperref)                removing `\@@over' on input line 116.


Package hyperref Warning: Token not allowed in a PDF string (Unicode):
(hyperref)                removing `\langle' on input line 116.


Package hyperref Warning: Token not allowed in a PDF string (Unicode):
(hyperref)                removing `\rangle' on input line 116.


Package hyperref Warning: Token not allowed in a PDF string (Unicode):
(hyperref)                removing `math shift' on input line 116.


Package hyperref Warning: Token not allowed in a PDF string (Unicode):
(hyperref)                removing `math shift' on input line 116.


Package hyperref Warning: Token not allowed in a PDF string (Unicode):
(hyperref)                removing `superscript' on input line 116.


Package hyperref Warning: Token not allowed in a PDF string (Unicode):
(hyperref)                removing `\leavevmode@ifvmode' on input line 116.


Package hyperref Warning: Token not allowed in a PDF string (Unicode):
(hyperref)                \kern -1.66702pt
(hyperref)                removed on input line 116.


Package hyperref Warning: Token not allowed in a PDF string (Unicode):
(hyperref)                removing `\cdot' on input line 116.


Package hyperref Warning: Token not allowed in a PDF string (Unicode):
(hyperref)                removing `\leavevmode@ifvmode' on input line 116.


Package hyperref Warning: Token not allowed in a PDF string (Unicode):
(hyperref)                \kern -1.66702pt
(hyperref)                removed on input line 116.


Package hyperref Warning: Token not allowed in a PDF string (Unicode):
(hyperref)                removing `superscript' on input line 116.


Package hyperref Warning: Token not allowed in a PDF string (Unicode):
(hyperref)                removing `math shift' on input line 116.


Package hyperref Warning: Token not allowed in a PDF string (Unicode):
(hyperref)                removing `math shift' on input line 116.


Package hyperref Warning: Token not allowed in a PDF string (Unicode):
(hyperref)                removing `superscript' on input line 116.


Package hyperref Warning: Token not allowed in a PDF string (Unicode):
(hyperref)                removing `\leavevmode@ifvmode' on input line 116.


Package hyperref Warning: Token not allowed in a PDF string (Unicode):
(hyperref)                \kern -1.66702pt
(hyperref)                removed on input line 116.


Package hyperref Warning: Token not allowed in a PDF string (Unicode):
(hyperref)                removing `\cdot' on input line 116.


Package hyperref Warning: Token not allowed in a PDF string (Unicode):
(hyperref)                removing `\leavevmode@ifvmode' on input line 116.


Package hyperref Warning: Token not allowed in a PDF string (Unicode):
(hyperref)                \kern -1.66702pt
(hyperref)                removed on input line 116.


Package hyperref Warning: Token not allowed in a PDF string (Unicode):
(hyperref)                removing `superscript' on input line 116.


Package hyperref Warning: Token not allowed in a PDF string (Unicode):
(hyperref)                removing `math shift' on input line 116.

Package marginnote Info: Margin note 1.1 is on absolute page 1 on input line 11
6.
Package marginnote Info: right page because not two side mode on input line 116
.
Package marginnote Info: xpos seems to be 167.01753pt on input line 116.
Package epstopdf Info: Source file: <Definitions/logo-mdpi.eps>
(epstopdf)                    date: 2025-02-21 20:24:56
(epstopdf)                    size: 563678 bytes
(epstopdf)             Output file: <Definitions/logo-mdpi-eps-converted-to.pdf
>
(epstopdf)                    date: 2025-02-21 15:26:08
(epstopdf)                    size: 13159 bytes
(epstopdf)             Command: <repstopdf --outfile=Definitions/logo-mdpi-eps-
converted-to.pdf Definitions/logo-mdpi.eps>
(epstopdf)             \includegraphics on input line 116.
runsystem(repstopdf --outfile=Definitions/logo-mdpi-eps-converted-to.pdf Defini
tions/logo-mdpi.eps)...executed safely (allowed).

Package epstopdf Info: Result file: <Definitions/logo-mdpi-eps-converted-to.pdf
>
(epstopdf)                    date: 2025-02-21 15:26:29
(epstopdf)                    size: 13159 bytes.
<Definitions/logo-mdpi-eps-converted-to.pdf, id=64, 74.2775pt x 49.18375pt>
File: Definitions/logo-mdpi-eps-converted-to.pdf Graphic file (type pdf)
<use Definitions/logo-mdpi-eps-converted-to.pdf>
Package pdftex.def Info: Definitions/logo-mdpi-eps-converted-to.pdf  used on in
put line 116.
(pdftex.def)             Requested size: 42.96877pt x 28.45274pt.
<Definitions/logo-orcid.pdf, id=66, 102.3825pt x 102.3825pt>
File: Definitions/logo-orcid.pdf Graphic file (type pdf)
<use Definitions/logo-orcid.pdf>
Package pdftex.def Info: Definitions/logo-orcid.pdf  used on input line 116.
(pdftex.def)             Requested size: 9.10509pt x 9.10466pt.
File: Definitions/logo-orcid.pdf Graphic file (type pdf)
<use Definitions/logo-orcid.pdf>
Package pdftex.def Info: Definitions/logo-orcid.pdf  used on input line 116.
(pdftex.def)             Requested size: 9.10509pt x 9.10466pt.
File: Definitions/logo-orcid.pdf Graphic file (type pdf)
<use Definitions/logo-orcid.pdf>
Package pdftex.def Info: Definitions/logo-orcid.pdf  used on input line 116.
(pdftex.def)             Requested size: 9.10509pt x 9.10466pt.
LaTeX Font Info:    Font shape `U/msa/m/n' will be
(Font)              scaled to size 8.33606pt on input line 116.
LaTeX Font Info:    Font shape `U/msb/m/n' will be
(Font)              scaled to size 8.33606pt on input line 116.
LaTeX Font Info:    Trying to load font information for T1+cmss on input line 1
16.
(/usr/local/texlive/2021/texmf-dist/tex/latex/base/t1cmss.fd
File: t1cmss.fd 2019/12/16 v2.5j Standard LaTeX font definitions
)
Package microtype Info: Loading generic protrusion settings for font family
(microtype)             `cmss' (encoding: T1).
(microtype)             For optimal results, create family-specific settings.
(microtype)             See the microtype manual for details.


Package fancyhdr Warning: \headheight is too small (12.0pt): 
(fancyhdr)                Make it at least 23.60004pt, for example:
(fancyhdr)                \setlength{\headheight}{23.60004pt}.
(fancyhdr)                You might also make \topmargin smaller to compensate:

(fancyhdr)                \addtolength{\topmargin}{-11.60004pt}.

[1

{/usr/local/texlive/2021/texmf-var/fonts/map/pdftex/updmap/pdftex.map} <./Defin
itions/logo-mdpi-eps-converted-to.pdf> <./Definitions/logo-orcid.pdf>]

Package fancyhdr Warning: \headheight is too small (12.0pt): 
(fancyhdr)                Make it at least 24.18796pt, for example:
(fancyhdr)                \setlength{\headheight}{24.18796pt}.
(fancyhdr)                You might also make \topmargin smaller to compensate:

(fancyhdr)                \addtolength{\topmargin}{-12.18796pt}.

[2]

Package fancyhdr Warning: \headheight is too small (12.0pt): 
(fancyhdr)                Make it at least 24.18796pt, for example:
(fancyhdr)                \setlength{\headheight}{24.18796pt}.
(fancyhdr)                You might also make \topmargin smaller to compensate:

(fancyhdr)                \addtolength{\topmargin}{-12.18796pt}.

[3]
<Qwerty.png, id=175, 2594.69376pt x 1199.48125pt>
File: Qwerty.png Graphic file (type png)
<use Qwerty.png>
Package pdftex.def Info: Qwerty.png  used on input line 174.
(pdftex.def)             Requested size: 189.28882pt x 87.50465pt.
<DislocLine.png, id=177, 1084.05pt x 421.575pt>
File: DislocLine.png Graphic file (type png)
<use DislocLine.png>
Package pdftex.def Info: DislocLine.png  used on input line 176.
(pdftex.def)             Requested size: 189.28882pt x 73.60947pt.
LaTeX Font Info:    Font shape `U/msa/m/n' will be
(Font)              scaled to size 9.37807pt on input line 178.
LaTeX Font Info:    Font shape `U/msb/m/n' will be
(Font)              scaled to size 9.37807pt on input line 178.


LaTeX Warning: `!h' float specifier changed to `!ht'.


Package fancyhdr Warning: \headheight is too small (12.0pt): 
(fancyhdr)                Make it at least 24.18796pt, for example:
(fancyhdr)                \setlength{\headheight}{24.18796pt}.
(fancyhdr)                You might also make \topmargin smaller to compensate:

(fancyhdr)                \addtolength{\topmargin}{-12.18796pt}.

[4]

Package fancyhdr Warning: \headheight is too small (12.0pt): 
(fancyhdr)                Make it at least 24.18796pt, for example:
(fancyhdr)                \setlength{\headheight}{24.18796pt}.
(fancyhdr)                You might also make \topmargin smaller to compensate:

(fancyhdr)                \addtolength{\topmargin}{-12.18796pt}.

[5 <./Qwerty.png> <./DislocLine.png>]

Package fancyhdr Warning: \headheight is too small (12.0pt): 
(fancyhdr)                Make it at least 24.18796pt, for example:
(fancyhdr)                \setlength{\headheight}{24.18796pt}.
(fancyhdr)                You might also make \topmargin smaller to compensate:

(fancyhdr)                \addtolength{\topmargin}{-12.18796pt}.

[6]
<SS-2-ADP.png, id=252, 413.02306pt x 396.49129pt>
File: SS-2-ADP.png Graphic file (type png)
<use SS-2-ADP.png>
Package pdftex.def Info: SS-2-ADP.png  used on input line 229.
(pdftex.def)             Requested size: 189.28882pt x 181.7106pt.
<SS-2-EAM.png, id=253, 410.67427pt x 396.49129pt>
File: SS-2-EAM.png Graphic file (type png)
<use SS-2-EAM.png>
Package pdftex.def Info: SS-2-EAM.png  used on input line 231.
(pdftex.def)             Requested size: 189.28882pt x 182.75119pt.
<SS-1-ADP.png, id=254, 410.67427pt x 396.49129pt>
File: SS-1-ADP.png Graphic file (type png)
<use SS-1-ADP.png>
Package pdftex.def Info: SS-1-ADP.png  used on input line 233.
(pdftex.def)             Requested size: 189.28882pt x 182.75119pt.
<SS-1-EAM.png, id=255, 410.67427pt x 396.49129pt>
File: SS-1-EAM.png Graphic file (type png)
<use SS-1-EAM.png>
Package pdftex.def Info: SS-1-EAM.png  used on input line 235.
(pdftex.def)             Requested size: 189.28882pt x 182.75119pt.


LaTeX Warning: `!h' float specifier changed to `!ht'.


Package fancyhdr Warning: \headheight is too small (12.0pt): 
(fancyhdr)                Make it at least 24.18796pt, for example:
(fancyhdr)                \setlength{\headheight}{24.18796pt}.
(fancyhdr)                You might also make \topmargin smaller to compensate:

(fancyhdr)                \addtolength{\topmargin}{-12.18796pt}.

[7]

Package fancyhdr Warning: \headheight is too small (12.0pt): 
(fancyhdr)                Make it at least 24.18796pt, for example:
(fancyhdr)                \setlength{\headheight}{24.18796pt}.
(fancyhdr)                You might also make \topmargin smaller to compensate:

(fancyhdr)                \addtolength{\topmargin}{-12.18796pt}.

[8 <./SS-2-ADP.png> <./SS-2-EAM.png> <./SS-1-ADP.png> <./SS-1-EAM.png>]
<SlipADP1e9.png, id=299, 1144.275pt x 662.475pt>
File: SlipADP1e9.png Graphic file (type png)
<use SlipADP1e9.png>
Package pdftex.def Info: SlipADP1e9.png  used on input line 266.
(pdftex.def)             Requested size: 276.04744pt x 159.81604pt.


Package fancyhdr Warning: \headheight is too small (12.0pt): 
(fancyhdr)                Make it at least 24.18796pt, for example:
(fancyhdr)                \setlength{\headheight}{24.18796pt}.
(fancyhdr)                You might also make \topmargin smaller to compensate:

(fancyhdr)                \addtolength{\topmargin}{-12.18796pt}.

[9 <./SlipADP1e9.png>]
<Position-Stress-Edge110.png, id=337, 479.42111pt x 322.86623pt>
File: Position-Stress-Edge110.png Graphic file (type png)
<use Position-Stress-Edge110.png>
Package pdftex.def Info: Position-Stress-Edge110.png  used on input line 292.
(pdftex.def)             Requested size: 189.28882pt x 127.47902pt.
<Position-Stress-Edge111.png, id=338, 479.42111pt x 322.86623pt>
File: Position-Stress-Edge111.png Graphic file (type png)
<use Position-Stress-Edge111.png>
Package pdftex.def Info: Position-Stress-Edge111.png  used on input line 294.
(pdftex.def)             Requested size: 189.28882pt x 127.47902pt.
<Position-Stress-Edge112.png, id=339, 479.42111pt x 322.86623pt>
File: Position-Stress-Edge112.png Graphic file (type png)
<use Position-Stress-Edge112.png>
Package pdftex.def Info: Position-Stress-Edge112.png  used on input line 296.
(pdftex.def)             Requested size: 189.28882pt x 127.47902pt.


LaTeX Warning: `!h' float specifier changed to `!ht'.


Package fancyhdr Warning: \headheight is too small (12.0pt): 
(fancyhdr)                Make it at least 24.18796pt, for example:
(fancyhdr)                \setlength{\headheight}{24.18796pt}.
(fancyhdr)                You might also make \topmargin smaller to compensate:

(fancyhdr)                \addtolength{\topmargin}{-12.18796pt}.

[10]
<DislocMob1.png, id=356, 431.81325pt x 322.86623pt>
File: DislocMob1.png Graphic file (type png)
<use DislocMob1.png>
Package pdftex.def Info: DislocMob1.png  used on input line 308.
(pdftex.def)             Requested size: 189.28882pt x 141.53442pt.
<DislocMob2.png, id=357, 429.82582pt x 318.07834pt>
File: DislocMob2.png Graphic file (type png)
<use DislocMob2.png>
Package pdftex.def Info: DislocMob2.png  used on input line 310.
(pdftex.def)             Requested size: 189.28882pt x 140.07623pt.


LaTeX Warning: `!h' float specifier changed to `!ht'.


Package fancyhdr Warning: \headheight is too small (12.0pt): 
(fancyhdr)                Make it at least 24.18796pt, for example:
(fancyhdr)                \setlength{\headheight}{24.18796pt}.
(fancyhdr)                You might also make \topmargin smaller to compensate:

(fancyhdr)                \addtolength{\topmargin}{-12.18796pt}.

[11 <./Position-Stress-Edge110.png> <./Position-Stress-Edge111.png> <./Position
-Stress-Edge112.png>]

Package fancyhdr Warning: \headheight is too small (12.0pt): 
(fancyhdr)                Make it at least 24.18796pt, for example:
(fancyhdr)                \setlength{\headheight}{24.18796pt}.
(fancyhdr)                You might also make \topmargin smaller to compensate:

(fancyhdr)                \addtolength{\topmargin}{-12.18796pt}.

[12 <./DislocMob1.png> <./DislocMob2.png>]
<Velocity-1525-MPa.png, id=394, 427.56738pt x 318.07834pt>
File: Velocity-1525-MPa.png Graphic file (type png)
<use Velocity-1525-MPa.png>
Package pdftex.def Info: Velocity-1525-MPa.png  used on input line 345.
(pdftex.def)             Requested size: 189.28882pt x 140.81395pt.
<Velocity-1000-MPa.png, id=395, 454.66864pt x 325.84737pt>
File: Velocity-1000-MPa.png Graphic file (type png)
<use Velocity-1000-MPa.png>
Package pdftex.def Info: Velocity-1000-MPa.png  used on input line 347.
(pdftex.def)             Requested size: 189.28882pt x 135.6567pt.
 Excluding 'comment' comment.
<Position-Stress-ScrewEAM110.png, id=399, 598.75694pt x 324.04062pt>
File: Position-Stress-ScrewEAM110.png Graphic file (type png)
<use Position-Stress-ScrewEAM110.png>
Package pdftex.def Info: Position-Stress-ScrewEAM110.png  used on input line 38
4.
(pdftex.def)             Requested size: 236.61554pt x 128.0515pt.


LaTeX Warning: `!h' float specifier changed to `!ht'.


Package fancyhdr Warning: \headheight is too small (12.0pt): 
(fancyhdr)                Make it at least 24.18796pt, for example:
(fancyhdr)                \setlength{\headheight}{24.18796pt}.
(fancyhdr)                You might also make \topmargin smaller to compensate:

(fancyhdr)                \addtolength{\topmargin}{-12.18796pt}.

[13 <./Velocity-1525-MPa.png> <./Velocity-1000-MPa.png>]
<ScrewMob1.png, id=420, 424.49591pt x 321.6015pt>
File: ScrewMob1.png Graphic file (type png)
<use ScrewMob1.png>
Package pdftex.def Info: ScrewMob1.png  used on input line 393.
(pdftex.def)             Requested size: 189.28882pt x 143.4091pt.
<ScrewMob2.png, id=421, 430.0065pt x 327.11209pt>
File: ScrewMob2.png Graphic file (type png)
<use ScrewMob2.png>
Package pdftex.def Info: ScrewMob2.png  used on input line 395.
(pdftex.def)             Requested size: 189.28882pt x 143.99464pt.


Package fancyhdr Warning: \headheight is too small (12.0pt): 
(fancyhdr)                Make it at least 24.18796pt, for example:
(fancyhdr)                \setlength{\headheight}{24.18796pt}.
(fancyhdr)                You might also make \topmargin smaller to compensate:

(fancyhdr)                \addtolength{\topmargin}{-12.18796pt}.

[14 <./Position-Stress-ScrewEAM110.png> <./ScrewMob1.png> <./ScrewMob2.png>]

Package fancyhdr Warning: \headheight is too small (12.0pt): 
(fancyhdr)                Make it at least 24.18796pt, for example:
(fancyhdr)                \setlength{\headheight}{24.18796pt}.
(fancyhdr)                You might also make \topmargin smaller to compensate:

(fancyhdr)                \addtolength{\topmargin}{-12.18796pt}.

[15]

Package fancyhdr Warning: \headheight is too small (12.0pt): 
(fancyhdr)                Make it at least 24.18796pt, for example:
(fancyhdr)                \setlength{\headheight}{24.18796pt}.
(fancyhdr)                You might also make \topmargin smaller to compensate:

(fancyhdr)                \addtolength{\topmargin}{-12.18796pt}.

[16] (./template.bbl

Package fancyhdr Warning: \headheight is too small (12.0pt): 
(fancyhdr)                Make it at least 24.18796pt, for example:
(fancyhdr)                \setlength{\headheight}{24.18796pt}.
(fancyhdr)                You might also make \topmargin smaller to compensate:

(fancyhdr)                \addtolength{\topmargin}{-12.18796pt}.

[17]

Package fancyhdr Warning: \headheight is too small (12.0pt): 
(fancyhdr)                Make it at least 24.18796pt, for example:
(fancyhdr)                \setlength{\headheight}{24.18796pt}.
(fancyhdr)                You might also make \topmargin smaller to compensate:

(fancyhdr)                \addtolength{\topmargin}{-12.18796pt}.

[18]

Package fancyhdr Warning: \headheight is too small (12.0pt): 
(fancyhdr)                Make it at least 24.18796pt, for example:
(fancyhdr)                \setlength{\headheight}{24.18796pt}.
(fancyhdr)                You might also make \topmargin smaller to compensate:

(fancyhdr)                \addtolength{\topmargin}{-12.18796pt}.

[19]) 
AED: lastpage setting LastPage

Package fancyhdr Warning: \headheight is too small (12.0pt): 
(fancyhdr)                Make it at least 24.18796pt, for example:
(fancyhdr)                \setlength{\headheight}{24.18796pt}.
(fancyhdr)                You might also make \topmargin smaller to compensate:

(fancyhdr)                \addtolength{\topmargin}{-12.18796pt}.

[20] (./template.aux)
Package rerunfilecheck Info: File `template.out' has not changed.
(rerunfilecheck)             Checksum: E0633AFD0B784834B8BD7BE1FB404F2F;1720.
 ) 
Here is how much of TeX's memory you used:
 34276 strings out of 478994
 629123 string characters out of 5858184
 1047382 words of memory out of 5000000
 50279 multiletter control sequences out of 15000+600000
 502678 words of font info for 597 fonts, out of 8000000 for 9000
 1141 hyphenation exceptions out of 8191
 126i,13n,130p,2419b,722s stack positions out of 5000i,500n,10000p,200000b,80000s
{/usr/local/texlive/2021/texmf-dist/fonts/enc/dvips/cm-super/cm-super-t1.enc}
{/usr/local/texlive/2021/texmf-dist/fonts/enc/dvips/base/8r.enc}</usr/local/tex
live/2021/texmf-dist/fonts/type1/public/amsfonts/cm/cmbsy10.pfb></usr/local/tex
live/2021/texmf-dist/fonts/type1/public/amsfonts/cm/cmex10.pfb></usr/local/texl
ive/2021/texmf-dist/fonts/type1/public/amsfonts/cm/cmmi10.pfb></usr/local/texli
ve/2021/texmf-dist/fonts/type1/public/amsfonts/cm/cmr10.pfb></usr/local/texlive
/2021/texmf-dist/fonts/type1/public/amsfonts/cm/cmsy10.pfb></usr/local/texlive/
2021/texmf-dist/fonts/type1/public/mathpazo/fplmr.pfb></usr/local/texlive/2021/
texmf-dist/fonts/type1/public/mathpazo/fplmri.pfb></usr/local/texlive/2021/texm
f-dist/fonts/type1/public/cm-super/sfss0500.pfb></usr/local/texlive/2021/texmf-
dist/fonts/type1/urw/palatino/uplb8a.pfb></usr/local/texlive/2021/texmf-dist/fo
nts/type1/urw/palatino/uplr8a.pfb></usr/local/texlive/2021/texmf-dist/fonts/typ
e1/urw/palatino/uplri8a.pfb>
Output written on template.pdf (20 pages, 7668682 bytes).
PDF statistics:
 633 PDF objects out of 1000 (max. 8388607)
 554 compressed objects within 6 object streams
 123 named destinations out of 1000 (max. 500000)
 116436 words of extra memory for PDF output out of 128383 (max. 10000000)

