\BOOKMARK [1][-]{section.1}{Introduction}{}% 1
\BOOKMARK [1][-]{section.2}{Computational details}{}% 2
\BOOKMARK [2][-]{subsection.2.1}{Structural properties}{section.2}% 3
\BOOKMARK [2][-]{subsection.2.2}{Melting point}{section.2}% 4
\BOOKMARK [2][-]{subsection.2.3}{Elastic properties}{section.2}% 5
\BOOKMARK [2][-]{subsection.2.4}{Specific heat capacity}{section.2}% 6
\BOOKMARK [2][-]{subsection.2.5}{Phonon properties}{section.2}% 7
\BOOKMARK [2][-]{subsection.2.6}{Point defect formation energies}{section.2}% 8
\BOOKMARK [1][-]{section.3}{Results}{}% 9
\BOOKMARK [2][-]{subsection.3.1}{Structural properties}{section.3}% 10
\BOOKMARK [2][-]{subsection.3.2}{Melting point}{section.3}% 11
\BOOKMARK [2][-]{subsection.3.3}{Elastic properties}{section.3}% 12
\BOOKMARK [2][-]{subsection.3.4}{Specific heat capacity}{section.3}% 13
\BOOKMARK [2][-]{subsection.3.5}{Phonon properties}{section.3}% 14
\BOOKMARK [2][-]{subsection.3.6}{Point defect formation energies}{section.3}% 15
\BOOKMARK [2][-]{subsection.3.7}{UN2, -U2N3 and -U2N3}{section.3}% 16
\BOOKMARK [3][-]{subsubsection.3.7.1}{Thermophysical properties}{subsection.3.7}% 17
\BOOKMARK [3][-]{subsubsection.3.7.2}{Elastic properties}{subsection.3.7}% 18
\BOOKMARK [1][-]{section.4}{Discussion}{}% 19
\BOOKMARK [1][-]{section.5}{Conclusions}{}% 20
\BOOKMARK [1][-]{appendix.A}{Voigt-Reuss-Hill elastic moduli}{}% 21
\BOOKMARK [1][-]{appendix.B}{Supplementary information}{}% 22
