This is pdfTeX, Version 3.14159265-2.6-1.40.16 (TeX Live 2015) (preloaded format=pdflatex 2015.5.24)  24 APR 2018 13:09
entering extended mode
 restricted \write18 enabled.
 file:line:error style messages enabled.
 %&-line parsing enabled.
**displacement_energy6.tex
(./displacement_energy6.tex
LaTeX2e <2015/01/01>
Babel <3.9l> and hyphenation patterns for 79 languages loaded.
(/usr/local/texlive/2015/texmf-dist/tex/latex/elsarticle/elsarticle.cls
Document Class: elsarticle 2009/09/17, 1.2.0: Elsevier Ltd
\@bls=\dimen102
(/usr/local/texlive/2015/texmf-dist/tex/latex/base/article.cls
Document Class: article 2014/09/29 v1.4h Standard LaTeX document class
(/usr/local/texlive/2015/texmf-dist/tex/latex/base/size10.clo
File: size10.clo 2014/09/29 v1.4h Standard LaTeX file (size option)
)
\c@part=\count79
\c@section=\count80
\c@subsection=\count81
\c@subsubsection=\count82
\c@paragraph=\count83
\c@subparagraph=\count84
\c@figure=\count85
\c@table=\count86
\abovecaptionskip=\skip41
\belowcaptionskip=\skip42
\bibindent=\dimen103
)
(/usr/local/texlive/2015/texmf-dist/tex/latex/graphics/graphicx.sty
Package: graphicx 2014/10/28 v1.0g Enhanced LaTeX Graphics (DPC,SPQR)

(/usr/local/texlive/2015/texmf-dist/tex/latex/graphics/keyval.sty
Package: keyval 2014/10/28 v1.15 key=value parser (DPC)
\KV@toks@=\toks14
)
(/usr/local/texlive/2015/texmf-dist/tex/latex/graphics/graphics.sty
Package: graphics 2014/10/28 v1.0p Standard LaTeX Graphics (DPC,SPQR)

(/usr/local/texlive/2015/texmf-dist/tex/latex/graphics/trig.sty
Package: trig 1999/03/16 v1.09 sin cos tan (DPC)
)
(/usr/local/texlive/2015/texmf-dist/tex/latex/latexconfig/graphics.cfg
File: graphics.cfg 2010/04/23 v1.9 graphics configuration of TeX Live
)
Package graphics Info: Driver file: pdftex.def on input line 94.

(/usr/local/texlive/2015/texmf-dist/tex/latex/pdftex-def/pdftex.def
File: pdftex.def 2011/05/27 v0.06d Graphics/color for pdfTeX

(/usr/local/texlive/2015/texmf-dist/tex/generic/oberdiek/infwarerr.sty
Package: infwarerr 2010/04/08 v1.3 Providing info/warning/error messages (HO)
)
(/usr/local/texlive/2015/texmf-dist/tex/generic/oberdiek/ltxcmds.sty
Package: ltxcmds 2011/11/09 v1.22 LaTeX kernel commands for general use (HO)
)
\Gread@gobject=\count87
))
\Gin@req@height=\dimen104
\Gin@req@width=\dimen105
)
(/usr/local/texlive/2015/texmf-dist/tex/latex/psnfss/pifont.sty
Package: pifont 2005/04/12 PSNFSS-v9.2a Pi font support (SPQR) 
LaTeX Font Info:    Try loading font information for U+pzd on input line 63.

(/usr/local/texlive/2015/texmf-dist/tex/latex/psnfss/upzd.fd
File: upzd.fd 2001/06/04 font definitions for U/pzd.
)
LaTeX Font Info:    Try loading font information for U+psy on input line 64.

(/usr/local/texlive/2015/texmf-dist/tex/latex/psnfss/upsy.fd
File: upsy.fd 2001/06/04 font definitions for U/psy.
))
\c@tnote=\count88
\c@fnote=\count89
\c@cnote=\count90
\c@ead=\count91
\c@author=\count92
\@eadauthor=\toks15
\c@affn=\count93
\absbox=\box26
\keybox=\box27
\Columnwidth=\dimen106
\space@left=\dimen107
\els@boxa=\box28
\els@boxb=\box29
\leftMargin=\dimen108
\@enLab=\toks16
\@sep=\skip43
\@@sep=\skip44

(./displacement_energy6.spl)
(/usr/local/texlive/2015/texmf-dist/tex/latex/natbib/natbib.sty
Package: natbib 2010/09/13 8.31b (PWD, AO)
\bibhang=\skip45
\bibsep=\skip46
LaTeX Info: Redefining \cite on input line 694.
\c@NAT@ctr=\count94
)
\splwrite=\write3
\openout3 = `displacement_energy6.spl'.

)
(/usr/local/texlive/2015/texmf-dist/tex/latex/hyperref/hyperref.sty
Package: hyperref 2012/11/06 v6.83m Hypertext links for LaTeX

(/usr/local/texlive/2015/texmf-dist/tex/generic/oberdiek/hobsub-hyperref.sty
Package: hobsub-hyperref 2012/05/28 v1.13 Bundle oberdiek, subset hyperref (HO)


(/usr/local/texlive/2015/texmf-dist/tex/generic/oberdiek/hobsub-generic.sty
Package: hobsub-generic 2012/05/28 v1.13 Bundle oberdiek, subset generic (HO)
Package: hobsub 2012/05/28 v1.13 Construct package bundles (HO)
Package hobsub Info: Skipping package `infwarerr' (already loaded).
Package hobsub Info: Skipping package `ltxcmds' (already loaded).
Package: ifluatex 2010/03/01 v1.3 Provides the ifluatex switch (HO)
Package ifluatex Info: LuaTeX not detected.
Package: ifvtex 2010/03/01 v1.5 Detect VTeX and its facilities (HO)
Package ifvtex Info: VTeX not detected.
Package: intcalc 2007/09/27 v1.1 Expandable calculations with integers (HO)
Package: ifpdf 2011/01/30 v2.3 Provides the ifpdf switch (HO)
Package ifpdf Info: pdfTeX in PDF mode is detected.
Package: etexcmds 2011/02/16 v1.5 Avoid name clashes with e-TeX commands (HO)
Package etexcmds Info: Could not find \expanded.
(etexcmds)             That can mean that you are not using pdfTeX 1.50 or
(etexcmds)             that some package has redefined \expanded.
(etexcmds)             In the latter case, load this package earlier.
Package: kvsetkeys 2012/04/25 v1.16 Key value parser (HO)
Package: kvdefinekeys 2011/04/07 v1.3 Define keys (HO)
Package: pdftexcmds 2011/11/29 v0.20 Utility functions of pdfTeX for LuaTeX (HO
)
Package pdftexcmds Info: LuaTeX not detected.
Package pdftexcmds Info: \pdf@primitive is available.
Package pdftexcmds Info: \pdf@ifprimitive is available.
Package pdftexcmds Info: \pdfdraftmode found.
Package: pdfescape 2011/11/25 v1.13 Implements pdfTeX's escape features (HO)
Package: bigintcalc 2012/04/08 v1.3 Expandable calculations on big integers (HO
)
Package: bitset 2011/01/30 v1.1 Handle bit-vector datatype (HO)
Package: uniquecounter 2011/01/30 v1.2 Provide unlimited unique counter (HO)
)
Package hobsub Info: Skipping package `hobsub' (already loaded).
Package: letltxmacro 2010/09/02 v1.4 Let assignment for LaTeX macros (HO)
Package: hopatch 2012/05/28 v1.2 Wrapper for package hooks (HO)
Package: xcolor-patch 2011/01/30 xcolor patch
Package: atveryend 2011/06/30 v1.8 Hooks at the very end of document (HO)
Package atveryend Info: \enddocument detected (standard20110627).
Package: atbegshi 2011/10/05 v1.16 At begin shipout hook (HO)
Package: refcount 2011/10/16 v3.4 Data extraction from label references (HO)
Package: hycolor 2011/01/30 v1.7 Color options for hyperref/bookmark (HO)
)
(/usr/local/texlive/2015/texmf-dist/tex/generic/ifxetex/ifxetex.sty
Package: ifxetex 2010/09/12 v0.6 Provides ifxetex conditional
)
(/usr/local/texlive/2015/texmf-dist/tex/latex/oberdiek/auxhook.sty
Package: auxhook 2011/03/04 v1.3 Hooks for auxiliary files (HO)
)
(/usr/local/texlive/2015/texmf-dist/tex/latex/oberdiek/kvoptions.sty
Package: kvoptions 2011/06/30 v3.11 Key value format for package options (HO)
)
\@linkdim=\dimen109
\Hy@linkcounter=\count95
\Hy@pagecounter=\count96

(/usr/local/texlive/2015/texmf-dist/tex/latex/hyperref/pd1enc.def
File: pd1enc.def 2012/11/06 v6.83m Hyperref: PDFDocEncoding definition (HO)
)
\Hy@SavedSpaceFactor=\count97

(/usr/local/texlive/2015/texmf-dist/tex/latex/latexconfig/hyperref.cfg
File: hyperref.cfg 2002/06/06 v1.2 hyperref configuration of TeXLive
)
Package hyperref Info: Hyper figures OFF on input line 4443.
Package hyperref Info: Link nesting OFF on input line 4448.
Package hyperref Info: Hyper index ON on input line 4451.
Package hyperref Info: Plain pages OFF on input line 4458.
Package hyperref Info: Backreferencing OFF on input line 4463.
Package hyperref Info: Implicit mode ON; LaTeX internals redefined.
Package hyperref Info: Bookmarks ON on input line 4688.
\c@Hy@tempcnt=\count98

(/usr/local/texlive/2015/texmf-dist/tex/latex/url/url.sty
\Urlmuskip=\muskip10
Package: url 2013/09/16  ver 3.4  Verb mode for urls, etc.
)
LaTeX Info: Redefining \url on input line 5041.
\XeTeXLinkMargin=\dimen110
\Fld@menulength=\count99
\Field@Width=\dimen111
\Fld@charsize=\dimen112
Package hyperref Info: Hyper figures OFF on input line 6295.
Package hyperref Info: Link nesting OFF on input line 6300.
Package hyperref Info: Hyper index ON on input line 6303.
Package hyperref Info: backreferencing OFF on input line 6310.
Package hyperref Info: Link coloring OFF on input line 6315.
Package hyperref Info: Link coloring with OCG OFF on input line 6320.
Package hyperref Info: PDF/A mode OFF on input line 6325.
LaTeX Info: Redefining \ref on input line 6365.
LaTeX Info: Redefining \pageref on input line 6369.
\Hy@abspage=\count100
\c@Item=\count101
\c@Hfootnote=\count102
)

Package hyperref Message: Driver (autodetected): hpdftex.

(/usr/local/texlive/2015/texmf-dist/tex/latex/hyperref/hpdftex.def
File: hpdftex.def 2012/11/06 v6.83m Hyperref driver for pdfTeX
\Fld@listcount=\count103
\c@bookmark@seq@number=\count104

(/usr/local/texlive/2015/texmf-dist/tex/latex/oberdiek/rerunfilecheck.sty
Package: rerunfilecheck 2011/04/15 v1.7 Rerun checks for auxiliary files (HO)
Package uniquecounter Info: New unique counter `rerunfilecheck' on input line 2
82.
)
\Hy@SectionHShift=\skip47
)
(/usr/local/texlive/2015/texmf-dist/tex/latex/geometry/geometry.sty
Package: geometry 2010/09/12 v5.6 Page Geometry
\Gm@cnth=\count105
\Gm@cntv=\count106
\c@Gm@tempcnt=\count107
\Gm@bindingoffset=\dimen113
\Gm@wd@mp=\dimen114
\Gm@odd@mp=\dimen115
\Gm@even@mp=\dimen116
\Gm@layoutwidth=\dimen117
\Gm@layoutheight=\dimen118
\Gm@layouthoffset=\dimen119
\Gm@layoutvoffset=\dimen120
\Gm@dimlist=\toks17
)
(/usr/local/texlive/2015/texmf-dist/tex/latex/amsmath/amsmath.sty
Package: amsmath 2013/01/14 v2.14 AMS math features
\@mathmargin=\skip48

For additional information on amsmath, use the `?' option.
(/usr/local/texlive/2015/texmf-dist/tex/latex/amsmath/amstext.sty
Package: amstext 2000/06/29 v2.01

(/usr/local/texlive/2015/texmf-dist/tex/latex/amsmath/amsgen.sty
File: amsgen.sty 1999/11/30 v2.0
\@emptytoks=\toks18
\ex@=\dimen121
))
(/usr/local/texlive/2015/texmf-dist/tex/latex/amsmath/amsbsy.sty
Package: amsbsy 1999/11/29 v1.2d
\pmbraise@=\dimen122
)
(/usr/local/texlive/2015/texmf-dist/tex/latex/amsmath/amsopn.sty
Package: amsopn 1999/12/14 v2.01 operator names
)
\inf@bad=\count108
LaTeX Info: Redefining \frac on input line 210.
\uproot@=\count109
\leftroot@=\count110
LaTeX Info: Redefining \overline on input line 306.
\classnum@=\count111
\DOTSCASE@=\count112
LaTeX Info: Redefining \ldots on input line 378.
LaTeX Info: Redefining \dots on input line 381.
LaTeX Info: Redefining \cdots on input line 466.
\Mathstrutbox@=\box30
\strutbox@=\box31
\big@size=\dimen123
LaTeX Font Info:    Redeclaring font encoding OML on input line 566.
LaTeX Font Info:    Redeclaring font encoding OMS on input line 567.
\macc@depth=\count113
\c@MaxMatrixCols=\count114
\dotsspace@=\muskip11
\c@parentequation=\count115
\dspbrk@lvl=\count116
\tag@help=\toks19
\row@=\count117
\column@=\count118
\maxfields@=\count119
\andhelp@=\toks20
\eqnshift@=\dimen124
\alignsep@=\dimen125
\tagshift@=\dimen126
\tagwidth@=\dimen127
\totwidth@=\dimen128
\lineht@=\dimen129
\@envbody=\toks21
\multlinegap=\skip49
\multlinetaggap=\skip50
\mathdisplay@stack=\toks22
LaTeX Info: Redefining \[ on input line 2665.
LaTeX Info: Redefining \] on input line 2666.
)
(/usr/local/texlive/2015/texmf-dist/tex/latex/placeins/placeins.sty
Package: placeins 2005/04/18  v 2.2
)
(/usr/local/texlive/2015/texmf-dist/tex/latex/comment/comment.sty
\CommentStream=\write4

Excluding comment 'comment')
(/usr/local/texlive/2015/texmf-dist/tex/latex/was/gensymb.sty
Package: gensymb 2003/07/02 v1.0 (WaS)
)
(./displacement_energy6.aux

LaTeX Warning: Label `default' multiply defined.


LaTeX Warning: Label `default' multiply defined.


LaTeX Warning: Label `default' multiply defined.


LaTeX Warning: Label `default' multiply defined.


LaTeX Warning: Label `default' multiply defined.


LaTeX Warning: Label `default' multiply defined.


LaTeX Warning: Label `default' multiply defined.

)
\openout1 = `displacement_energy6.aux'.

LaTeX Font Info:    Checking defaults for OML/cmm/m/it on input line 14.
LaTeX Font Info:    ... okay on input line 14.
LaTeX Font Info:    Checking defaults for T1/cmr/m/n on input line 14.
LaTeX Font Info:    ... okay on input line 14.
LaTeX Font Info:    Checking defaults for OT1/cmr/m/n on input line 14.
LaTeX Font Info:    ... okay on input line 14.
LaTeX Font Info:    Checking defaults for OMS/cmsy/m/n on input line 14.
LaTeX Font Info:    ... okay on input line 14.
LaTeX Font Info:    Checking defaults for OMX/cmex/m/n on input line 14.
LaTeX Font Info:    ... okay on input line 14.
LaTeX Font Info:    Checking defaults for U/cmr/m/n on input line 14.
LaTeX Font Info:    ... okay on input line 14.
LaTeX Font Info:    Checking defaults for PD1/pdf/m/n on input line 14.
LaTeX Font Info:    ... okay on input line 14.
 (/usr/local/texlive/2015/texmf-dist/tex/context/base/supp-pdf.mkii
[Loading MPS to PDF converter (version 2006.09.02).]
\scratchcounter=\count120
\scratchdimen=\dimen130
\scratchbox=\box32
\nofMPsegments=\count121
\nofMParguments=\count122
\everyMPshowfont=\toks23
\MPscratchCnt=\count123
\MPscratchDim=\dimen131
\MPnumerator=\count124
\makeMPintoPDFobject=\count125
\everyMPtoPDFconversion=\toks24
) (/usr/local/texlive/2015/texmf-dist/tex/latex/oberdiek/epstopdf-base.sty
Package: epstopdf-base 2010/02/09 v2.5 Base part for package epstopdf

(/usr/local/texlive/2015/texmf-dist/tex/latex/oberdiek/grfext.sty
Package: grfext 2010/08/19 v1.1 Manage graphics extensions (HO)
)
Package grfext Info: Graphics extension search list:
(grfext)             [.png,.pdf,.jpg,.mps,.jpeg,.jbig2,.jb2,.PNG,.PDF,.JPG,.JPE
G,.JBIG2,.JB2,.eps]
(grfext)             \AppendGraphicsExtensions on input line 452.

(/usr/local/texlive/2015/texmf-dist/tex/latex/latexconfig/epstopdf-sys.cfg
File: epstopdf-sys.cfg 2010/07/13 v1.3 Configuration of (r)epstopdf for TeX Liv
e
))
\AtBeginShipoutBox=\box33
Package hyperref Info: Link coloring OFF on input line 14.

(/usr/local/texlive/2015/texmf-dist/tex/latex/hyperref/nameref.sty
Package: nameref 2012/10/27 v2.43 Cross-referencing by name of section

(/usr/local/texlive/2015/texmf-dist/tex/generic/oberdiek/gettitlestring.sty
Package: gettitlestring 2010/12/03 v1.4 Cleanup title references (HO)
)
\c@section@level=\count126
)
LaTeX Info: Redefining \ref on input line 14.
LaTeX Info: Redefining \pageref on input line 14.
LaTeX Info: Redefining \nameref on input line 14.

(./displacement_energy6.out) (./displacement_energy6.out)
\@outlinefile=\write5
\openout5 = `displacement_energy6.out'.


*geometry* driver: auto-detecting
*geometry* detected driver: pdftex
*geometry* verbose mode - [ preamble ] result:
* driver: pdftex
* paper: <default>
* layout: <same size as paper>
* layoutoffset:(h,v)=(0.0pt,0.0pt)
* modes: 
* h-part:(L,W,R)=(72.26999pt, 469.75502pt, 72.26999pt)
* v-part:(T,H,B)=(72.26999pt, 650.43001pt, 72.26999pt)
* \paperwidth=614.295pt
* \paperheight=794.96999pt
* \textwidth=469.75502pt
* \textheight=650.43001pt
* \oddsidemargin=0.0pt
* \evensidemargin=0.0pt
* \topmargin=-37.0pt
* \headheight=12.0pt
* \headsep=25.0pt
* \topskip=10.0pt
* \footskip=30.0pt
* \marginparwidth=65.0pt
* \marginparsep=11.0pt
* \columnsep=10.0pt
* \skip\footins=24.0pt
* \hoffset=0.0pt
* \voffset=0.0pt
* \mag=1000
* \@twocolumnfalse
* \@twosidefalse
* \@mparswitchfalse
* \@reversemarginfalse
* (1in=72.27pt=25.4mm, 1cm=28.453pt)

LaTeX Info: Redefining \celsius on input line 14.
Package gensymb Info: Faking symbols for \degree and \celsius on input line 14.


Package gensymb Warning: Not defining \perthousand.

LaTeX Info: Redefining \ohm on input line 14.
Package gensymb Info: Using \Omega for \ohm on input line 14.

Package gensymb Warning: Not defining \micro.


Overfull \hbox (2.24474pt too wide) in paragraph at lines 30--31
[]\OT1/cmr/m/n/10 Uranium (U) is al-loyed with molyb-de-num (Mo) or zir-co-nium
 (Zr) in or-der to sta-bi-lize the high-temperature
 []


Package natbib Warning: Citation `snelgrove1997' on page 1 undefined on input l
ine 36.


Package natbib Warning: Citation `meyer2014' on page 1 undefined on input line 
36.

[1


{/usr/local/texlive/2015/texmf-var/fonts/map/pdftex/updmap/pdftex.map}]

Package natbib Warning: Citation `hofman1997' on page 2 undefined on input line
 38.


Package natbib Warning: Citation `capriotti2017' on page 2 undefined on input l
ine 38.


Package natbib Warning: Citation `hofman1997' on page 2 undefined on input line
 40.


Package natbib Warning: Citation `rest2009' on page 2 undefined on input line 4
0.


Package natbib Warning: Citation `kim_anl08' on page 2 undefined on input line 
40.


Package natbib Warning: Citation `meyer2002' on page 2 undefined on input line 
40.


Package natbib Warning: Citation `kim2013' on page 2 undefined on input line 40
.


Package natbib Warning: Citation `kim2011' on page 2 undefined on input line 40
.


Package natbib Warning: Citation `umo_prelim_report2017' on page 2 undefined on
 input line 40.


Package natbib Warning: Citation `afip6report' on page 2 undefined on input lin
e 42.


Package natbib Warning: Citation `afip6report' on page 2 undefined on input lin
e 42.


Package natbib Warning: Citation `vandenberghe2014' on page 2 undefined on inpu
t line 42.


Package natbib Warning: Citation `janfong2014' on page 2 undefined on input lin
e 42.


Package natbib Warning: Citation `park2015' on page 2 undefined on input line 4
2.


Package natbib Warning: Citation `rertr12' on page 2 undefined on input line 42
.


Package natbib Warning: Citation `kim2013A' on page 2 undefined on input line 4
2.


Package natbib Warning: Citation `vandenberghe2008' on page 2 undefined on inpu
t line 42.


Package natbib Warning: Citation `beck1968' on page 2 undefined on input line 4
4.


Package natbib Warning: Citation `hofman1990' on page 2 undefined on input line
 44.


Package natbib Warning: Citation `kobayashi1990' on page 2 undefined on input l
ine 44.


Package natbib Warning: Citation `kim2004' on page 2 undefined on input line 44
.

[2]

Package natbib Warning: Citation `kinchinpease' on page 3 undefined on input li
ne 48.


Package natbib Warning: Citation `norgett1975' on page 3 undefined on input lin
e 48.


Package natbib Warning: Citation `abraham1986' on page 3 undefined on input lin
e 53.


Package natbib Warning: Citation `allen1987' on page 3 undefined on input line 
53.


Package natbib Warning: Citation `beeler_meam' on page 3 undefined on input lin
e 53.


Package natbib Warning: Citation `beelerASTM' on page 3 undefined on input line
 53.


Package natbib Warning: Citation `fernandez2014' on page 3 undefined on input l
ine 53.


Package natbib Warning: Citation `li2011' on page 3 undefined on input line 53.



Package natbib Warning: Citation `smirnova2012' on page 3 undefined on input li
ne 53.


Package natbib Warning: Citation `li2012' on page 3 undefined on input line 53.



Package natbib Warning: Citation `moore2015' on page 3 undefined on input line 
53.


Package natbib Warning: Citation `pascuet2012' on page 3 undefined on input lin
e 53.


Package natbib Warning: Citation `beelerUSi' on page 3 undefined on input line 
53.


Package natbib Warning: Citation `smirnovaUMo' on page 3 undefined on input lin
e 53.


Package natbib Warning: Citation `beeler_meam' on page 3 undefined on input lin
e 53.


Package natbib Warning: Citation `moore2015' on page 3 undefined on input line 
53.


Package natbib Warning: Citation `beeler_meam' on page 3 undefined on input lin
e 53.


Package natbib Warning: Citation `miao2015' on page 3 undefined on input line 5
3.


Package natbib Warning: Citation `smirnovaADP' on page 3 undefined on input lin
e 53.

[3]

Package natbib Warning: Citation `plimpton1995' on page 4 undefined on input li
ne 57.


Package natbib Warning: Citation `beeler_meam' on page 4 undefined on input lin
e 57.


Package natbib Warning: Citation `moore2015' on page 4 undefined on input line 
57.


Package natbib Warning: Citation `smirnovaADP' on page 4 undefined on input lin
e 57.


Package natbib Warning: Citation `zbl' on page 4 undefined on input line 57.


Package natbib Warning: Citation `lane2012' on page 4 undefined on input line 5
7.


Package natbib Warning: Citation `hayward2010' on page 4 undefined on input lin
e 57.


Package natbib Warning: Citation `beeler2015' on page 4 undefined on input line
 59.

[4] <directionsC.png, id=105, 781.92125pt x 585.18625pt>
File: directionsC.png Graphic file (type png)
 <use directionsC.png>
Package pdftex.def Info: directionsC.png used on input line 63.
(pdftex.def)             Requested size: 234.8775pt x 175.78046pt.


Package natbib Warning: Citation `nordlund2006' on page 5 undefined on input li
ne 92.


Package natbib Warning: Citation `malerba2002' on page 5 undefined on input lin
e 92.


Package natbib Warning: Citation `nordlund2006' on page 5 undefined on input li
ne 92.


Package natbib Warning: Citation `nordlund2006' on page 5 undefined on input li
ne 92.


Package natbib Warning: Citation `norgett1975' on page 5 undefined on input lin
e 92.


Package natbib Warning: Citation `nordlund2006' on page 5 undefined on input li
ne 92.

[5 <./directionsC.png>] <U_U_dimer.png, id=114, 385.9218pt x 289.5618pt>
File: U_U_dimer.png Graphic file (type png)

<use U_U_dimer.png>
Package pdftex.def Info: U_U_dimer.png used on input line 100.
(pdftex.def)             Requested size: 281.85587pt x 211.48439pt.


LaTeX Warning: `h' float specifier changed to `ht'.

[6]

Package hyperref Warning: Token not allowed in a PDF string (PDFDocEncoding):
(hyperref)                removing `math shift' on input line 108.


Package hyperref Warning: Token not allowed in a PDF string (PDFDocEncoding):
(hyperref)                removing `\gamma' on input line 108.


Package hyperref Warning: Token not allowed in a PDF string (PDFDocEncoding):
(hyperref)                removing `math shift' on input line 108.


Package natbib Warning: Citation `beeler_meam' on page 7 undefined on input lin
e 110.


Package natbib Warning: Citation `moore2015' on page 7 undefined on input line 
110.


Package natbib Warning: Citation `smirnovaADP' on page 7 undefined on input lin
e 110.


Package natbib Warning: Citation `beeler2016' on page 7 undefined on input line
 110.


Package natbib Warning: Citation `nordlund2006' on page 7 undefined on input li
ne 110.


Package natbib Warning: Citation `zepeda-ruiz2003' on page 7 undefined on input
 line 110.


Package natbib Warning: Citation `tsuchihira2013' on page 7 undefined on input 
line 110.


Package natbib Warning: Citation `was2007' on page 7 undefined on input line 11
0.

[7 <./U_U_dimer.png>] <ed_dir_allC.png, id=132, 361.8318pt x 289.5618pt>
File: ed_dir_allC.png Graphic file (type png)

<use ed_dir_allC.png>
Package pdftex.def Info: ed_dir_allC.png used on input line 114.
(pdftex.def)             Requested size: 375.80544pt x 300.75717pt.
 <ed_dirBrev.png, id=133, 361.35pt x 289.08pt>
File: ed_dirBrev.png Graphic file (type png)

<use ed_dirBrev.png>
Package pdftex.def Info: ed_dirBrev.png used on input line 121.
(pdftex.def)             Requested size: 375.80544pt x 300.64491pt.


LaTeX Warning: `h' float specifier changed to `ht'.

[8 <./ed_dir_allC.png>] [9 <./ed_dirBrev.png>]
<800K_contour.png, id=146, 1126.2075pt x 406.51875pt>
File: 800K_contour.png Graphic file (type png)
 <use 800K_contour.png>
Package pdftex.def Info: 800K_contour.png used on input line 132.
(pdftex.def)             Requested size: 469.75502pt x 169.56435pt.


Package hyperref Warning: Token not allowed in a PDF string (PDFDocEncoding):
(hyperref)                removing `math shift' on input line 139.


Package hyperref Warning: Token not allowed in a PDF string (PDFDocEncoding):
(hyperref)                removing `superscript' on input line 139.


Package hyperref Warning: Token not allowed in a PDF string (PDFDocEncoding):
(hyperref)                removing `subscript' on input line 139.


Package hyperref Warning: Token not allowed in a PDF string (PDFDocEncoding):
(hyperref)                removing `math shift' on input line 139.


Package hyperref Warning: Token not allowed in a PDF string (PDFDocEncoding):
(hyperref)                removing `math shift' on input line 139.


Package hyperref Warning: Token not allowed in a PDF string (PDFDocEncoding):
(hyperref)                removing `\gamma' on input line 139.


Package hyperref Warning: Token not allowed in a PDF string (PDFDocEncoding):
(hyperref)                removing `math shift' on input line 139.


Package natbib Warning: Citation `norgett1975' on page 10 undefined on input li
ne 141.

<gam800.png, id=151, 433.1382pt x 307.8702pt>
File: gam800.png Graphic file (type png)
 <use gam800.png>
Package pdftex.def Info: gam800.png used on input line 145.
(pdftex.def)             Requested size: 375.80544pt x 267.12144pt.


LaTeX Warning: `h' float specifier changed to `ht'.

[10 <./800K_contour.png>]

Package hyperref Warning: Token not allowed in a PDF string (PDFDocEncoding):
(hyperref)                removing `math shift' on input line 154.


Package hyperref Warning: Token not allowed in a PDF string (PDFDocEncoding):
(hyperref)                removing `superscript' on input line 154.


Package hyperref Warning: Token not allowed in a PDF string (PDFDocEncoding):
(hyperref)                removing `subscript' on input line 154.


Package hyperref Warning: Token not allowed in a PDF string (PDFDocEncoding):
(hyperref)                removing `math shift' on input line 154.


Package hyperref Warning: Token not allowed in a PDF string (PDFDocEncoding):
(hyperref)                removing `math shift' on input line 154.


Package hyperref Warning: Token not allowed in a PDF string (PDFDocEncoding):
(hyperref)                removing `\gamma' on input line 154.


Package hyperref Warning: Token not allowed in a PDF string (PDFDocEncoding):
(hyperref)                removing `math shift' on input line 154.

<800_1000.png, id=165, 433.1382pt x 305.943pt>
File: 800_1000.png Graphic file (type png)
 <use 800_1000.png>
Package pdftex.def Info: 800_1000.png used on input line 160.
(pdftex.def)             Requested size: 281.85587pt x 199.08932pt.
 [11 <./gam800.png>] <plus_minus.png, id=175, 433.1382pt x 306.9066pt>
File: plus_minus.png Graphic file (type png)
 <use plus_minus.png>
Package pdftex.def Info: plus_minus.png used on input line 183.
(pdftex.def)             Requested size: 281.85587pt x 199.71638pt.


LaTeX Warning: `h' float specifier changed to `ht'.

[12 <./800_1000.png>]

Package natbib Warning: Citation `beeler2016' on page 13 undefined on input lin
e 192.


Package natbib Warning: Citation `zag1983' on page 13 undefined on input line 1
92.


Package natbib Warning: Citation `yoshida1979' on page 13 undefined on input li
ne 192.


Package natbib Warning: Citation `beeler2016' on page 13 undefined on input lin
e 192.


Package natbib Warning: Citation `beeler2015' on page 13 undefined on input lin
e 194.


Package natbib Warning: Citation `beeler2016' on page 13 undefined on input lin
e 194.


Package natbib Warning: Citation `matter1980' on page 13 undefined on input lin
e 201.


Package natbib Warning: Citation `lund2013' on page 13 undefined on input line 
201.

[13 <./plus_minus.png>]

Package natbib Warning: Citation `beeler2010' on page 14 undefined on input lin
e 204.


Package natbib Warning: Citation `beeler2010' on page 14 undefined on input lin
e 204.

<frenkel_eform.png, id=194, 495.2904pt x 326.6604pt>
File: frenkel_eform.png Graphic file (type png)
 <use frenkel_eform.png>
Package pdftex.def Info: frenkel_eform.png used on input line 229.
(pdftex.def)             Requested size: 375.80544pt x 247.85574pt.


LaTeX Warning: `h' float specifier changed to `ht'.

[14]

Package natbib Warning: Citation `beeler2010' on page 15 undefined on input lin
e 236.


Package natbib Warning: Citation `smirnovaADP' on page 15 undefined on input li
ne 240.


Package natbib Warning: Citation `smirnova2015' on page 15 undefined on input l
ine 240.


Package natbib Warning: Citation `wirth2011' on page 15 undefined on input line
 242.


Package natbib Warning: Citation `beeler2010' on page 15 undefined on input lin
e 242.

[15 <./frenkel_eform.png>]

Package natbib Warning: Citation `adda1959' on page 16 undefined on input line 
272.


Package natbib Warning: Citation `smirnovaADP' on page 16 undefined on input li
ne 272.


Package natbib Warning: Citation `fedorov1978' on page 16 undefined on input li
ne 272.


Package natbib Warning: Citation `smirnov1992' on page 16 undefined on input li
ne 272.


Package natbib Warning: Citation `beeler2016' on page 16 undefined on input lin
e 272.

[16] <self_diff.png, id=220, 397.485pt x 289.5618pt>
File: self_diff.png Graphic file (type png)
 <use self_diff.png>
Package pdftex.def Info: self_diff.png used on input line 276.
(pdftex.def)             Requested size: 375.80544pt x 273.77872pt.


Package natbib Warning: Citation `adda1959' on page 17 undefined on input line 
277.


Package natbib Warning: Citation `adda1959' on page 17 undefined on input line 
277.


Package natbib Warning: Citation `varshni1970' on page 17 undefined on input li
ne 283.

[17 <./self_diff.png>] <elastic_vs_T.png, id=227, 1012.2618pt x 282.8166pt>
File: elastic_vs_T.png Graphic file (type png)

<use elastic_vs_T.png>
Package pdftex.def Info: elastic_vs_T.png used on input line 287.
(pdftex.def)             Requested size: 469.75502pt x 131.24512pt.


Package natbib Warning: Citation `yoo1998' on page 18 undefined on input line 2
94.

<bulk_vs_Tb.png, id=229, 337.7418pt x 253.4268pt>
File: bulk_vs_Tb.png Graphic file (type png)
 <use bulk_vs_Tb.png>
Package pdftex.def Info: bulk_vs_Tb.png used on input line 298.
(pdftex.def)             Requested size: 281.85587pt x 211.50427pt.


LaTeX Warning: `h' float specifier changed to `ht'.

[18 <./elastic_vs_T.png>]

Package hyperref Warning: Token not allowed in a PDF string (PDFDocEncoding):
(hyperref)                removing `math shift' on input line 305.


Package hyperref Warning: Token not allowed in a PDF string (PDFDocEncoding):
(hyperref)                removing `\alpha' on input line 305.


Package hyperref Warning: Token not allowed in a PDF string (PDFDocEncoding):
(hyperref)                removing `math shift' on input line 305.


Package natbib Warning: Citation `smirnovaADP' on page 19 undefined on input li
ne 307.

<ed_dir_allE_alpha.png, id=240, 361.35pt x 309.3156pt>
File: ed_dir_allE_alpha.png Graphic file (type png)

<use ed_dir_allE_alpha.png>
Package pdftex.def Info: ed_dir_allE_alpha.png used on input line 311.
(pdftex.def)             Requested size: 375.80544pt x 321.69006pt.


LaTeX Warning: `h' float specifier changed to `ht'.

[19 <./bulk_vs_Tb.png>] <600K_contourA.png, id=249, 426.8748pt x 501.072pt>
File: 600K_contourA.png Graphic file (type png)

<use 600K_contourA.png>
Package pdftex.def Info: 600K_contourA.png used on input line 322.
(pdftex.def)             Requested size: 281.85587pt x 330.86911pt.


LaTeX Warning: `h' float specifier changed to `ht'.

[20 <./ed_dir_allE_alpha.png>] <alpha.png, id=260, 433.62pt x 307.8702pt>
File: alpha.png Graphic file (type png)

<use alpha.png>
Package pdftex.def Info: alpha.png used on input line 333.
(pdftex.def)             Requested size: 375.80544pt x 266.83488pt.


LaTeX Warning: `h' float specifier changed to `ht'.

[21 <./600K_contourA.png>]

Package natbib Warning: Citation `wirth2011' on page 22 undefined on input line
 347.


LaTeX Warning: `h' float specifier changed to `ht'.


LaTeX Warning: `h' float specifier changed to `ht'.

[22 <./alpha.png>]

Package natbib Warning: Citation `wirth2011' on page 23 undefined on input line
 375.


Package natbib Warning: Citation `wirth2011' on page 23 undefined on input line
 375.


Package natbib Warning: Citation `wirth2011' on page 23 undefined on input line
 375.


Package hyperref Warning: Token not allowed in a PDF string (PDFDocEncoding):
(hyperref)                removing `math shift' on input line 377.


Package hyperref Warning: Token not allowed in a PDF string (PDFDocEncoding):
(hyperref)                removing `\alpha' on input line 377.


Package hyperref Warning: Token not allowed in a PDF string (PDFDocEncoding):
(hyperref)                removing `math shift' on input line 377.


Package hyperref Warning: Token not allowed in a PDF string (PDFDocEncoding):
(hyperref)                removing `math shift' on input line 377.


Package hyperref Warning: Token not allowed in a PDF string (PDFDocEncoding):
(hyperref)                removing `\gamma' on input line 377.


Package hyperref Warning: Token not allowed in a PDF string (PDFDocEncoding):
(hyperref)                removing `math shift' on input line 377.

[23]

Package natbib Warning: Citation `daw1984' on page 24 undefined on input line 3
95.


Package natbib Warning: Citation `daw1993' on page 24 undefined on input line 3
95.


Package natbib Warning: Citation `daw1983' on page 24 undefined on input line 3
95.


Package natbib Warning: Citation `olsson2009' on page 24 undefined on input lin
e 395.


Package natbib Warning: Citation `belaschenko2011' on page 24 undefined on inpu
t line 395.


Package natbib Warning: Citation `liu1999' on page 24 undefined on input line 3
95.


Package natbib Warning: Citation `chassange2011' on page 24 undefined on input 
line 395.


Package natbib Warning: Citation `li2009MatChem' on page 24 undefined on input 
line 395.


Package natbib Warning: Citation `vatne2011' on page 24 undefined on input line
 395.


Package natbib Warning: Citation `rose1984' on page 24 undefined on input line 
395.

[24]

Package natbib Warning: Citation `daw1983' on page 25 undefined on input line 4
04.


Package natbib Warning: Citation `daw1984' on page 25 undefined on input line 4
04.


Package natbib Warning: Citation `baskes1992' on page 25 undefined on input lin
e 404.


Package natbib Warning: Citation `baskes2000' on page 25 undefined on input lin
e 411.


Package natbib Warning: Citation `rose1984' on page 25 undefined on input line 
411.


Package natbib Warning: Citation `baskes2000' on page 25 undefined on input lin
e 453.


Package natbib Warning: Citation `baskes1987' on page 25 undefined on input lin
e 453.

[25]

Package natbib Warning: Citation `baskes1989' on page 26 undefined on input lin
e 470.


Package natbib Warning: Citation `valone2006' on page 26 undefined on input lin
e 484.

[26]

Package natbib Warning: Citation `baskes2000' on page 27 undefined on input lin
e 511.


Package natbib Warning: Citation `baskes1997' on page 27 undefined on input lin
e 511.


Package natbib Warning: Citation `baskes2014' on page 27 undefined on input lin
e 511.


Package natbib Warning: Citation `mishin2005' on page 27 undefined on input lin
e 515.

[27]

Package hyperref Warning: Token not allowed in a PDF string (PDFDocEncoding):
(hyperref)                removing `math shift' on input line 548.


Package hyperref Warning: Token not allowed in a PDF string (PDFDocEncoding):
(hyperref)                removing `\gamma' on input line 548.


Package hyperref Warning: Token not allowed in a PDF string (PDFDocEncoding):
(hyperref)                removing `math shift' on input line 548.


Package natbib Warning: Citation `beeler_meam' on page 28 undefined on input li
ne 559.


Package natbib Warning: Citation `moore2015' on page 28 undefined on input line
 560.


Package natbib Warning: Citation `smirnovaADP' on page 28 undefined on input li
ne 561.


Package natbib Warning: Citation `wilson1949' on page 28 undefined on input lin
e 562.


Package natbib Warning: Citation `weeks2003' on page 28 undefined on input line
 562.


Package natbib Warning: Citation `yoo1998' on page 28 undefined on input line 5
74.

(./displacement_energy6.bbl [28] [29] [30] [31] [32])

Package natbib Warning: There were undefined citations.

Package atveryend Info: Empty hook `BeforeClearDocument' on input line 591.
[33]
Package atveryend Info: Empty hook `AfterLastShipout' on input line 591.
 (./displacement_energy6.aux

Package natbib Warning: Citation(s) may have changed.
(natbib)                Rerun to get citations correct.

)
Package atveryend Info: Executing hook `AtVeryEndDocument' on input line 591.
Package atveryend Info: Executing hook `AtEndAfterFileList' on input line 591.
Package rerunfilecheck Info: File `displacement_energy6.out' has not changed.
(rerunfilecheck)             Checksum: E28C06C8E219DC7990B94D0BF563247B;1092.


LaTeX Warning: There were multiply-defined labels.

Package atveryend Info: Empty hook `AtVeryVeryEnd' on input line 591.
 ) 
Here is how much of TeX's memory you used:
 7304 strings out of 493089
 105305 string characters out of 6134842
 204078 words of memory out of 5000000
 10519 multiletter control sequences out of 15000+600000
 10724 words of font info for 38 fonts, out of 8000000 for 9000
 1141 hyphenation exceptions out of 8191
 34i,10n,32p,3191b,606s stack positions out of 5000i,500n,10000p,200000b,80000s
</usr/local/texlive/2015/texmf-dist/fonts/type1/public/amsfonts/cm/cmbx10.pfb
></usr/local/texlive/2015/texmf-dist/fonts/type1/public/amsfonts/cm/cmbx8.pfb><
/usr/local/texlive/2015/texmf-dist/fonts/type1/public/amsfonts/cm/cmex10.pfb></
usr/local/texlive/2015/texmf-dist/fonts/type1/public/amsfonts/cm/cmmi10.pfb></u
sr/local/texlive/2015/texmf-dist/fonts/type1/public/amsfonts/cm/cmmi12.pfb></us
r/local/texlive/2015/texmf-dist/fonts/type1/public/amsfonts/cm/cmmi5.pfb></usr/
local/texlive/2015/texmf-dist/fonts/type1/public/amsfonts/cm/cmmi7.pfb></usr/lo
cal/texlive/2015/texmf-dist/fonts/type1/public/amsfonts/cm/cmmi8.pfb></usr/loca
l/texlive/2015/texmf-dist/fonts/type1/public/amsfonts/cm/cmr10.pfb></usr/local/
texlive/2015/texmf-dist/fonts/type1/public/amsfonts/cm/cmr12.pfb></usr/local/te
xlive/2015/texmf-dist/fonts/type1/public/amsfonts/cm/cmr5.pfb></usr/local/texli
ve/2015/texmf-dist/fonts/type1/public/amsfonts/cm/cmr6.pfb></usr/local/texlive/
2015/texmf-dist/fonts/type1/public/amsfonts/cm/cmr7.pfb></usr/local/texlive/201
5/texmf-dist/fonts/type1/public/amsfonts/cm/cmr8.pfb></usr/local/texlive/2015/t
exmf-dist/fonts/type1/public/amsfonts/cm/cmsy10.pfb></usr/local/texlive/2015/te
xmf-dist/fonts/type1/public/amsfonts/cm/cmsy5.pfb></usr/local/texlive/2015/texm
f-dist/fonts/type1/public/amsfonts/cm/cmsy6.pfb></usr/local/texlive/2015/texmf-
dist/fonts/type1/public/amsfonts/cm/cmsy7.pfb></usr/local/texlive/2015/texmf-di
st/fonts/type1/public/amsfonts/cm/cmti10.pfb></usr/local/texlive/2015/texmf-dis
t/fonts/type1/public/amsfonts/cm/cmti7.pfb></usr/local/texlive/2015/texmf-dist/
fonts/type1/public/amsfonts/cm/cmti8.pfb></usr/local/texlive/2015/texmf-dist/fo
nts/type1/public/amsfonts/cm/cmtt8.pfb>
Output written on displacement_energy6.pdf (33 pages, 1643366 bytes).
PDF statistics:
 555 PDF objects out of 1000 (max. 8388607)
 465 compressed objects within 5 object streams
 179 named destinations out of 1000 (max. 500000)
 204 words of extra memory for PDF output out of 10000 (max. 10000000)

