This is pdfTeX, Version 3.141592653-2.6-1.40.22 (TeX Live 2021) (preloaded format=pdflatex 2021.8.5)  26 AUG 2021 15:55
entering extended mode
 restricted \write18 enabled.
 file:line:error style messages enabled.
 %&-line parsing enabled.
**MSR-salts-h-paper.tex
(./MSR-salts-h-paper.tex
LaTeX2e <2020-10-01> patch level 4
L3 programming layer <2021-02-18> (./elsarticle.cls
Document Class: elsarticle 2009/09/17, 1.2.0: Elsevier Ltd
\@bls=\dimen138
(/usr/local/texlive/2021/texmf-dist/tex/latex/base/article.cls
Document Class: article 2020/04/10 v1.4m Standard LaTeX document class
(/usr/local/texlive/2021/texmf-dist/tex/latex/base/size10.clo
File: size10.clo 2020/04/10 v1.4m Standard LaTeX file (size option)
)
\c@part=\count179
\c@section=\count180
\c@subsection=\count181
\c@subsubsection=\count182
\c@paragraph=\count183
\c@subparagraph=\count184
\c@figure=\count185
\c@table=\count186
\abovecaptionskip=\skip47
\belowcaptionskip=\skip48
\bibindent=\dimen139
)
(/usr/local/texlive/2021/texmf-dist/tex/latex/graphics/graphicx.sty
Package: graphicx 2020/09/09 v1.2b Enhanced LaTeX Graphics (DPC,SPQR)

(/usr/local/texlive/2021/texmf-dist/tex/latex/graphics/keyval.sty
Package: keyval 2014/10/28 v1.15 key=value parser (DPC)
\KV@toks@=\toks15
)
(/usr/local/texlive/2021/texmf-dist/tex/latex/graphics/graphics.sty
Package: graphics 2020/08/30 v1.4c Standard LaTeX Graphics (DPC,SPQR)

(/usr/local/texlive/2021/texmf-dist/tex/latex/graphics/trig.sty
Package: trig 2016/01/03 v1.10 sin cos tan (DPC)
)
(/usr/local/texlive/2021/texmf-dist/tex/latex/graphics-cfg/graphics.cfg
File: graphics.cfg 2016/06/04 v1.11 sample graphics configuration
)
Package graphics Info: Driver file: pdftex.def on input line 105.

(/usr/local/texlive/2021/texmf-dist/tex/latex/graphics-def/pdftex.def
File: pdftex.def 2020/10/05 v1.2a Graphics/color driver for pdftex
))
\Gin@req@height=\dimen140
\Gin@req@width=\dimen141
)
(/usr/local/texlive/2021/texmf-dist/tex/latex/psnfss/pifont.sty
Package: pifont 2020/03/25 PSNFSS-v9.3 Pi font support (SPQR) 
LaTeX Font Info:    Trying to load font information for U+pzd on input line 63.


(/usr/local/texlive/2021/texmf-dist/tex/latex/psnfss/upzd.fd
File: upzd.fd 2001/06/04 font definitions for U/pzd.
)
LaTeX Font Info:    Trying to load font information for U+psy on input line 64.


(/usr/local/texlive/2021/texmf-dist/tex/latex/psnfss/upsy.fd
File: upsy.fd 2001/06/04 font definitions for U/psy.
))
\c@tnote=\count187
\c@fnote=\count188
\c@cnote=\count189
\c@ead=\count190
\c@author=\count191
\@eadauthor=\toks16
\c@affn=\count192
\absbox=\box47
\keybox=\box48
\Columnwidth=\dimen142
\space@left=\dimen143
\els@boxa=\box49
\els@boxb=\box50
\leftMargin=\dimen144
\@enLab=\toks17
\@sep=\skip49
\@@sep=\skip50

(./MSR-salts-h-paper.spl)
(/usr/local/texlive/2021/texmf-dist/tex/latex/natbib/natbib.sty
Package: natbib 2010/09/13 8.31b (PWD, AO)
\bibhang=\skip51
\bibsep=\skip52
LaTeX Info: Redefining \cite on input line 694.
\c@NAT@ctr=\count193
)
\splwrite=\write3
\openout3 = `MSR-salts-h-paper.spl'.


(/usr/local/texlive/2021/texmf-dist/tex/latex/geometry/geometry.sty
Package: geometry 2020/01/02 v5.9 Page Geometry

(/usr/local/texlive/2021/texmf-dist/tex/generic/iftex/ifvtex.sty
Package: ifvtex 2019/10/25 v1.7 ifvtex legacy package. Use iftex instead.

(/usr/local/texlive/2021/texmf-dist/tex/generic/iftex/iftex.sty
Package: iftex 2020/03/06 v1.0d TeX engine tests
))
\Gm@cnth=\count194
\Gm@cntv=\count195
\c@Gm@tempcnt=\count196
\Gm@bindingoffset=\dimen145
\Gm@wd@mp=\dimen146
\Gm@odd@mp=\dimen147
\Gm@even@mp=\dimen148
\Gm@layoutwidth=\dimen149
\Gm@layoutheight=\dimen150
\Gm@layouthoffset=\dimen151
\Gm@layoutvoffset=\dimen152
\Gm@dimlist=\toks18
)
(/usr/local/texlive/2021/texmf-dist/tex/latex/base/fleqn.clo
File: fleqn.clo 2016/12/29 v1.2b Standard LaTeX option (flush left equations)
\mathindent=\skip53
Applying: [2015/01/01] Make \[ robust on input line 50.
LaTeX Info: Redefining \[ on input line 51.
Already applied: [0000/00/00] Make \[ robust on input line 62.
Applying: [2015/01/01] Make \] robust on input line 74.
LaTeX Info: Redefining \] on input line 75.
Already applied: [0000/00/00] Make \] robust on input line 83.
))
(/usr/local/texlive/2021/texmf-dist/tex/latex/amsmath/amsmath.sty
Package: amsmath 2020/09/23 v2.17i AMS math features
\@mathmargin=\skip54

For additional information on amsmath, use the `?' option.
(/usr/local/texlive/2021/texmf-dist/tex/latex/amsmath/amstext.sty
Package: amstext 2000/06/29 v2.01 AMS text

(/usr/local/texlive/2021/texmf-dist/tex/latex/amsmath/amsgen.sty
File: amsgen.sty 1999/11/30 v2.0 generic functions
\@emptytoks=\toks19
\ex@=\dimen153
))
(/usr/local/texlive/2021/texmf-dist/tex/latex/amsmath/amsbsy.sty
Package: amsbsy 1999/11/29 v1.2d Bold Symbols
\pmbraise@=\dimen154
)
(/usr/local/texlive/2021/texmf-dist/tex/latex/amsmath/amsopn.sty
Package: amsopn 2016/03/08 v2.02 operator names
)
\inf@bad=\count197
LaTeX Info: Redefining \frac on input line 234.
\uproot@=\count198
\leftroot@=\count199
LaTeX Info: Redefining \overline on input line 399.
\classnum@=\count266
\DOTSCASE@=\count267
LaTeX Info: Redefining \ldots on input line 496.
LaTeX Info: Redefining \dots on input line 499.
LaTeX Info: Redefining \cdots on input line 620.
\Mathstrutbox@=\box51
\strutbox@=\box52
\big@size=\dimen155
LaTeX Font Info:    Redeclaring font encoding OML on input line 743.
LaTeX Font Info:    Redeclaring font encoding OMS on input line 744.
\macc@depth=\count268
\c@MaxMatrixCols=\count269
\dotsspace@=\muskip16
\c@parentequation=\count270
\dspbrk@lvl=\count271
\tag@help=\toks20
\row@=\count272
\column@=\count273
\maxfields@=\count274
\andhelp@=\toks21
\eqnshift@=\dimen156
\alignsep@=\dimen157
\tagshift@=\dimen158
\tagwidth@=\dimen159
\totwidth@=\dimen160
\lineht@=\dimen161
\@envbody=\toks22
\multlinegap=\skip55
\multlinetaggap=\skip56
\mathdisplay@stack=\toks23
LaTeX Info: Redefining \[ on input line 2923.
LaTeX Info: Redefining \] on input line 2924.
)
(/usr/local/texlive/2021/texmf-dist/tex/latex/sttools/stfloats.sty
Package: stfloats 2017/03/27 v3.3 Improve float mechanism and baselineskip sett
ings
\@dblbotnum=\count275
\c@dblbotnumber=\count276
)
(/usr/local/texlive/2021/texmf-dist/tex/latex/tools/afterpage.sty
Package: afterpage 2014/10/28 v1.08 After-Page Package (DPC)
\AP@output=\toks24
\AP@partial=\box53
\AP@footins=\box54
)
(/usr/local/texlive/2021/texmf-dist/tex/latex/amsfonts/amssymb.sty
Package: amssymb 2013/01/14 v3.01 AMS font symbols

(/usr/local/texlive/2021/texmf-dist/tex/latex/amsfonts/amsfonts.sty
Package: amsfonts 2013/01/14 v3.01 Basic AMSFonts support
\symAMSa=\mathgroup4
\symAMSb=\mathgroup5
LaTeX Font Info:    Redeclaring math symbol \hbar on input line 98.
LaTeX Font Info:    Overwriting math alphabet `\mathfrak' in version `bold'
(Font)                  U/euf/m/n --> U/euf/b/n on input line 106.
))
(/usr/local/texlive/2021/texmf-dist/tex/latex/graphics/color.sty
Package: color 2020/02/24 v1.2b Standard LaTeX Color (DPC)

(/usr/local/texlive/2021/texmf-dist/tex/latex/graphics-cfg/color.cfg
File: color.cfg 2016/01/02 v1.6 sample color configuration
)
Package color Info: Driver file: pdftex.def on input line 147.
)
(/usr/local/texlive/2021/texmf-dist/tex/latex/lipsum/lipsum.sty
(/usr/local/texlive/2021/texmf-dist/tex/latex/l3kernel/expl3.sty
Package: expl3 2021-02-18 L3 programming layer (loader) 

(/usr/local/texlive/2021/texmf-dist/tex/latex/l3backend/l3backend-pdftex.def
File: l3backend-pdftex.def 2021-03-18 L3 backend support: PDF output (pdfTeX)
\l__color_backend_stack_int=\count277
\l__pdf_internal_box=\box55
))
(/usr/local/texlive/2021/texmf-dist/tex/latex/l3packages/xparse/xparse.sty
(/usr/local/texlive/2021/texmf-dist/tex/latex/l3packages/xparse/xparse-2020-10-
01.sty
(/usr/local/texlive/2021/texmf-dist/tex/latex/l3packages/xparse/xparse-generic.
tex)))
Package: lipsum 2021-03-03 v2.3 150 paragraphs of Lorem Ipsum dummy text
 (/usr/local/texlive/2021/texmf-dist/tex/latex/lipsum/lipsum.ltd.tex
File: lipsum.ltd.tex 2021-03-03 v2.3 The Lorem ipsum dummy text
))
(./MSR-salts-h-paper.aux)
\openout1 = `MSR-salts-h-paper.aux'.

LaTeX Font Info:    Checking defaults for OML/cmm/m/it on input line 106.
LaTeX Font Info:    ... okay on input line 106.
LaTeX Font Info:    Checking defaults for OMS/cmsy/m/n on input line 106.
LaTeX Font Info:    ... okay on input line 106.
LaTeX Font Info:    Checking defaults for OT1/cmr/m/n on input line 106.
LaTeX Font Info:    ... okay on input line 106.
LaTeX Font Info:    Checking defaults for T1/cmr/m/n on input line 106.
LaTeX Font Info:    ... okay on input line 106.
LaTeX Font Info:    Checking defaults for TS1/cmr/m/n on input line 106.
LaTeX Font Info:    ... okay on input line 106.
LaTeX Font Info:    Checking defaults for OMX/cmex/m/n on input line 106.
LaTeX Font Info:    ... okay on input line 106.
LaTeX Font Info:    Checking defaults for U/cmr/m/n on input line 106.
LaTeX Font Info:    ... okay on input line 106.

(/usr/local/texlive/2021/texmf-dist/tex/context/base/mkii/supp-pdf.mkii
[Loading MPS to PDF converter (version 2006.09.02).]
\scratchcounter=\count278
\scratchdimen=\dimen162
\scratchbox=\box56
\nofMPsegments=\count279
\nofMParguments=\count280
\everyMPshowfont=\toks25
\MPscratchCnt=\count281
\MPscratchDim=\dimen163
\MPnumerator=\count282
\makeMPintoPDFobject=\count283
\everyMPtoPDFconversion=\toks26
) (/usr/local/texlive/2021/texmf-dist/tex/latex/epstopdf-pkg/epstopdf-base.sty
Package: epstopdf-base 2020-01-24 v2.11 Base part for package epstopdf
Package epstopdf-base Info: Redefining graphics rule for `.eps' on input line 4
85.

(/usr/local/texlive/2021/texmf-dist/tex/latex/latexconfig/epstopdf-sys.cfg
File: epstopdf-sys.cfg 2010/07/13 v1.3 Configuration of (r)epstopdf for TeX Liv
e
))
*geometry* driver: auto-detecting
*geometry* detected driver: pdftex
*geometry* verbose mode - [ preamble ] result:
* driver: pdftex
* paper: custom
* layout: <same size as paper>
* layoutoffset:(h,v)=(0.0pt,0.0pt)
* hratio: 1:1
* vratio: 1:1
* modes: 
* h-part:(L,W,R)=(64.75394pt, 468.0pt, 64.75394pt)
* v-part:(T,H,B)=(111.52342pt, 622.0pt, 111.52342pt)
* \paperwidth=597.50787pt
* \paperheight=845.04684pt
* \textwidth=468.0pt
* \textheight=622.0pt
* \oddsidemargin=-7.51605pt
* \evensidemargin=-7.51605pt
* \topmargin=-22.74657pt
* \headheight=50.0pt
* \headsep=12.0pt
* \topskip=10.0pt
* \footskip=18.0pt
* \marginparwidth=4.0pt
* \marginparsep=10.0pt
* \columnsep=24.0pt
* \skip\footins=24.0pt plus 2.0pt minus 12.0pt
* \hoffset=0.0pt
* \voffset=0.0pt
* \mag=1000
* \@twocolumntrue
* \@twosidefalse
* \@mparswitchfalse
* \@reversemarginfalse
* (1in=72.27pt=25.4mm, 1cm=28.453pt)

LaTeX Font Info:    Trying to load font information for U+msa on input line 143
.
(/usr/local/texlive/2021/texmf-dist/tex/latex/amsfonts/umsa.fd
File: umsa.fd 2013/01/14 v3.01 AMS symbols A
)
LaTeX Font Info:    Trying to load font information for U+msb on input line 143
.

(/usr/local/texlive/2021/texmf-dist/tex/latex/amsfonts/umsb.fd
File: umsb.fd 2013/01/14 v3.01 AMS symbols B
)
Underfull \vbox (badness 10000) has occurred while \output is active []

 [1{/usr/local/texlive/2021/texmf-var/fonts/map/pdftex/updmap/pdftex.map}


] [2]
<FIG1_0.pdf, id=17, 740.7675pt x 221.82875pt>
File: FIG1_0.pdf Graphic file (type pdf)
<use FIG1_0.pdf>
Package pdftex.def Info: FIG1_0.pdf  used on input line 215.
(pdftex.def)             Requested size: 444.59857pt x 133.13887pt.

Underfull \vbox (badness 1796) has occurred while \output is active []

<FIG01.pdf, id=18, 788.9475pt x 277.035pt>
File: FIG01.pdf Graphic file (type pdf)
<use FIG01.pdf>
Package pdftex.def Info: FIG01.pdf  used on input line 239.
(pdftex.def)             Requested size: 444.59857pt x 156.11925pt.

Underfull \vbox (badness 6063) has occurred while \output is active []

 [3 <./FIG1_0.pdf>]
Underfull \vbox (badness 10000) has occurred while \output is active []

 [4 <./FIG01.pdf>]
<FIG2.pdf, id=68, 713.66624pt x 216.81pt>
File: FIG2.pdf Graphic file (type pdf)
<use FIG2.pdf>
Package pdftex.def Info: FIG2.pdf  used on input line 293.
(pdftex.def)             Requested size: 444.59857pt x 135.06921pt.

Underfull \vbox (badness 10000) has occurred while \output is active []

 [5 <./FIG2.pdf>]
<FIG3b.pdf, id=91, 669.50125pt x 202.7575pt>
File: FIG3b.pdf Graphic file (type pdf)
<use FIG3b.pdf>
Package pdftex.def Info: FIG3b.pdf  used on input line 348.
(pdftex.def)             Requested size: 444.59857pt x 134.6495pt.
<FIG4.pdf, id=92, 649.42625pt x 216.81pt>
File: FIG4.pdf Graphic file (type pdf)
<use FIG4.pdf>
Package pdftex.def Info: FIG4.pdf  used on input line 377.
(pdftex.def)             Requested size: 444.59857pt x 148.43124pt.
 [6 <./FIG3b.pdf>]
<FIG4b.pdf, id=115, 640.3925pt x 208.78pt>
File: FIG4b.pdf Graphic file (type pdf)
<use FIG4b.pdf>
Package pdftex.def Info: FIG4b.pdf  used on input line 411.
(pdftex.def)             Requested size: 468.0pt x 152.58014pt.

Underfull \vbox (badness 10000) has occurred while \output is active []

 [7 <./FIG4.pdf> <./FIG4b.pdf>]
<FIG6.pdf, id=154, 672.5125pt x 214.8025pt>
File: FIG6.pdf Graphic file (type pdf)
<use FIG6.pdf>
Package pdftex.def Info: FIG6.pdf  used on input line 448.
(pdftex.def)             Requested size: 444.59857pt x 142.00607pt.
<FIG6c.pdf, id=155, 682.55pt x 196.735pt>
File: FIG6c.pdf Graphic file (type pdf)
<use FIG6c.pdf>
Package pdftex.def Info: FIG6c.pdf  used on input line 457.
(pdftex.def)             Requested size: 444.59857pt x 128.14938pt.
<FIG6f.pdf, id=156, 725.71124pt x 218.8175pt>
File: FIG6f.pdf Graphic file (type pdf)
<use FIG6f.pdf>
Package pdftex.def Info: FIG6f.pdf  used on input line 464.
(pdftex.def)             Requested size: 444.59857pt x 134.05943pt.

Underfull \vbox (badness 10000) has occurred while \output is active []

<FIG7.pdf, id=157, 705.63625pt x 222.8325pt>
File: FIG7.pdf Graphic file (type pdf)
<use FIG7.pdf>
Package pdftex.def Info: FIG7.pdf  used on input line 492.
(pdftex.def)             Requested size: 444.59857pt x 140.39882pt.
 [8]
Underfull \vbox (badness 10000) has occurred while \output is active []

 [9 <./FIG6.pdf> <./FIG6c.pdf>]
Underfull \vbox (badness 10000) has occurred while \output is active []


Underfull \vbox (badness 10000) has occurred while \output is active []

 [10 <./FIG6f.pdf> <./FIG7.pdf>]
<FIG77.pdf, id=258, 717.68124pt x 472.76625pt>
File: FIG77.pdf Graphic file (type pdf)
<use FIG77.pdf>
Package pdftex.def Info: FIG77.pdf  used on input line 524.
(pdftex.def)             Requested size: 444.59857pt x 292.8812pt.

Underfull \vbox (badness 10000) has occurred while \output is active []

 [11 <./FIG77.pdf>] (./MSR-salts-h-paper.bbl

./MSR-salts-h-paper.bbl:30: Package inputenc Error: Invalid UTF-8 byte "80.

See the inputenc package documentation for explanation.
Type  H <return>  for immediate help.
 ...                                              
                                                  
l.30   {N}a{C}l€
                -{M}g{C}l$_2$-€{“UC}l$_3$-{€“P}u{C}l$_3$ system, J. Nucl. Ma...

? 

./MSR-salts-h-paper.bbl:30: Package inputenc Error: Invalid UTF-8 byte "80.

See the inputenc package documentation for explanation.
Type  H <return>  for immediate help.
 ...                                              
                                                  
l.30   {N}a{C}l€-{M}g{C}l$_2$-€
                               {“UC}l$_3$-{€“P}u{C}l$_3$ system, J. Nucl. Ma...

? 

./MSR-salts-h-paper.bbl:30: Package inputenc Error: Invalid UTF-8 byte "93.

See the inputenc package documentation for explanation.
Type  H <return>  for immediate help.
 ...                                              
                                                  
l.30   {N}a{C}l€-{M}g{C}l$_2$-€{“
                                 UC}l$_3$-{€“P}u{C}l$_3$ system, J. Nucl. Ma...

? 

./MSR-salts-h-paper.bbl:30: Package inputenc Error: Invalid UTF-8 byte "80.

See the inputenc package documentation for explanation.
Type  H <return>  for immediate help.
 ...                                              
                                                  
l.30   {N}a{C}l€-{M}g{C}l$_2$-€{“UC}l$_3$-{€
                                            “P}u{C}l$_3$ system, J. Nucl. Ma...

? 

./MSR-salts-h-paper.bbl:30: Package inputenc Error: Invalid UTF-8 byte "93.

See the inputenc package documentation for explanation.
Type  H <return>  for immediate help.
 ...                                              
                                                  
l.30   {N}a{C}l€-{M}g{C}l$_2$-€{“UC}l$_3$-{€“
                                             P}u{C}l$_3$ system, J. Nucl. Ma...

? 

Underfull \hbox (badness 1789) in paragraph at lines 85--88
[]\OT1/cmr/m/n/8 H. O. Nam, A. Bengt-son, K. V^^?ortler, S. Saha,
 []

[12]

./MSR-salts-h-paper.bbl:99: Package amsmath Error: \check allowed only in math 
mode.

See the amsmath package documentation for explanation.
Type  H <return>  for immediate help.
 ...                                              
                                                  
l.99 J.~\check{r}
                 \else \v{r}\fi{}\'{\i} Klime\ifmmode~\check{s}\else \v{s}\f...

? 
./MSR-salts-h-paper.bbl:99: Extra \else.
l.99 J.~\check{r}\else
                       \v{r}\fi{}\'{\i} Klime\ifmmode~\check{s}\else \v{s}\f...

? 
./MSR-salts-h-paper.bbl:99: Extra \fi.
l.99 J.~\check{r}\else \v{r}\fi
                               {}\'{\i} Klime\ifmmode~\check{s}\else \v{s}\f...

? 
) [13

] (./MSR-salts-h-paper.aux) ) 
Here is how much of TeX's memory you used:
 3963 strings out of 478994
 56146 string characters out of 5858185
 540555 words of memory out of 5000000
 21368 multiletter control sequences out of 15000+600000
 411985 words of font info for 60 fonts, out of 8000000 for 9000
 1141 hyphenation exceptions out of 8191
 83i,17n,88p,1355b,313s stack positions out of 5000i,500n,10000p,200000b,80000s
</usr/local/texlive/2021/texmf-dist/fonts/type1/pu
blic/amsfonts/cm/cmbx10.pfb></usr/local/texlive/2021/texmf-dist/fonts/type1/pub
lic/amsfonts/cm/cmmi10.pfb></usr/local/texlive/2021/texmf-dist/fonts/type1/publ
ic/amsfonts/cm/cmmi5.pfb></usr/local/texlive/2021/texmf-dist/fonts/type1/public
/amsfonts/cm/cmmi6.pfb></usr/local/texlive/2021/texmf-dist/fonts/type1/public/a
msfonts/cm/cmmi7.pfb></usr/local/texlive/2021/texmf-dist/fonts/type1/public/ams
fonts/cm/cmmi8.pfb></usr/local/texlive/2021/texmf-dist/fonts/type1/public/amsfo
nts/cm/cmr10.pfb></usr/local/texlive/2021/texmf-dist/fonts/type1/public/amsfont
s/cm/cmr12.pfb></usr/local/texlive/2021/texmf-dist/fonts/type1/public/amsfonts/
cm/cmr5.pfb></usr/local/texlive/2021/texmf-dist/fonts/type1/public/amsfonts/cm/
cmr6.pfb></usr/local/texlive/2021/texmf-dist/fonts/type1/public/amsfonts/cm/cmr
7.pfb></usr/local/texlive/2021/texmf-dist/fonts/type1/public/amsfonts/cm/cmr8.p
fb></usr/local/texlive/2021/texmf-dist/fonts/type1/public/amsfonts/cm/cmsy10.pf
b></usr/local/texlive/2021/texmf-dist/fonts/type1/public/amsfonts/cm/cmsy7.pfb>
</usr/local/texlive/2021/texmf-dist/fonts/type1/public/amsfonts/cm/cmti10.pfb><
/usr/local/texlive/2021/texmf-dist/fonts/type1/public/amsfonts/cm/cmti12.pfb></
usr/local/texlive/2021/texmf-dist/fonts/type1/public/amsfonts/cm/cmtt8.pfb>
Output written on MSR-salts-h-paper.pdf (13 pages, 1228269 bytes).
PDF statistics:
 357 PDF objects out of 1000 (max. 8388607)
 202 compressed objects within 3 object streams
 0 named destinations out of 1000 (max. 500000)
 56 words of extra memory for PDF output out of 10000 (max. 10000000)

