\BOOKMARK [1][-]{section.1}{Introduction}{}% 1
\BOOKMARK [1][-]{section.2}{Interatomic potentials}{}% 2
\BOOKMARK [1][-]{section.3}{Computational details}{}% 3
\BOOKMARK [1][-]{section.4}{}{}% 4
\BOOKMARK [2][-]{subsection.3.1}{}{section.4}% 5
\BOOKMARK [1][-]{section.4}{Results}{}% 6
\BOOKMARK [2][-]{subsection.4.1}{Probability of PKA displacement}{section.4}% 7
\BOOKMARK [3][-]{subsubsection.4.1.1}{Uranium PKA}{subsection.4.1}% 8
\BOOKMARK [3][-]{subsubsection.4.1.2}{Oxygen PKA}{subsection.4.1}% 9
\BOOKMARK [2][-]{subsection.4.2}{Permanent displacement of atoms}{section.4}% 10
\BOOKMARK [3][-]{subsubsection.4.2.1}{Uranium PKA}{subsection.4.2}% 11
\BOOKMARK [2][-]{subsection.4.3}{}{section.4}% 12
\BOOKMARK [3][-]{subsubsection.4.2.1}{}{subsection.4.3}% 13
\BOOKMARK [3][-]{subsubsection.4.2.1}{Oxygen PKA}{subsection.4.3}% 14
\BOOKMARK [3][-]{subsubsection.4.2.2}{}{subsection.4.3}% 15
\BOOKMARK [2][-]{subsection.4.3}{Probability of Frenkel pair formation}{section.4}% 16
\BOOKMARK [3][-]{subsubsection.4.3.1}{Uranium PKA}{subsection.4.3}% 17
\BOOKMARK [3][-]{subsubsection.4.3.2}{Oxygen PKA}{subsection.4.3}% 18
\BOOKMARK [2][-]{subsection.4.4}{}{section.4}% 19
\BOOKMARK [1][-]{section.5}{Discussion}{}% 20
\BOOKMARK [1][-]{section.6}{}{}% 21
\BOOKMARK [1][-]{section.6}{Conclusion}{}% 22
